[ 2014-11-16T19:42:29+08:00 ] 127.0.0.1 /thinkphp2/index.php/Home/User/__STATIC__/jquery.min.js
ERR: 非法操作:__STATIC__

[ 2014-11-16T21:03:13+08:00 ] 127.0.0.1 /thinkphp2/index.php/Home/User/register.html
INFO: [ app_begin ] --START--
INFO: Run Behavior\ReadHtmlCacheBehavior [ RunTime:0.002369s ]
INFO: [ app_begin ] --END-- [ RunTime:0.003734s ]
SQL: SHOW COLUMNS FROM `tp_user` [ RunTime:0.007291s ]
SQL: SELECT * FROM `tp_user` WHERE ( username='zhou' )  [ RunTime:0.000771s ]

[ 2014-11-16T21:03:14+08:00 ] 127.0.0.1 /thinkphp2/index.php/Home/User/register.html
INFO: [ app_begin ] --START--
INFO: Run Behavior\ReadHtmlCacheBehavior [ RunTime:0.002346s ]
INFO: [ app_begin ] --END-- [ RunTime:0.003560s ]
SQL: SHOW COLUMNS FROM `tp_user` [ RunTime:0.006289s ]
SQL: SELECT * FROM `tp_user` WHERE ( username='zhou' )  [ RunTime:0.000642s ]

[ 2014-11-16T21:03:14+08:00 ] 127.0.0.1 /thinkphp2/index.php/Home/User/register.html
INFO: [ app_begin ] --START--
INFO: Run Behavior\ReadHtmlCacheBehavior [ RunTime:0.001571s ]
INFO: [ app_begin ] --END-- [ RunTime:0.002416s ]
SQL: SHOW COLUMNS FROM `tp_user` [ RunTime:0.006170s ]
SQL: SELECT * FROM `tp_user` WHERE ( username='zhou' )  [ RunTime:0.000633s ]

[ 2014-11-16T21:03:15+08:00 ] 127.0.0.1 /thinkphp2/index.php/Home/User/register.html
INFO: [ app_begin ] --START--
INFO: Run Behavior\ReadHtmlCacheBehavior [ RunTime:0.001557s ]
INFO: [ app_begin ] --END-- [ RunTime:0.002417s ]
SQL: SHOW COLUMNS FROM `tp_user` [ RunTime:0.007227s ]
SQL: SELECT * FROM `tp_user` WHERE ( username='zhou' )  [ RunTime:0.000623s ]

[ 2014-11-16T21:03:15+08:00 ] 127.0.0.1 /thinkphp2/index.php/Home/User/register.html
INFO: [ app_begin ] --START--
INFO: Run Behavior\ReadHtmlCacheBehavior [ RunTime:0.002363s ]
INFO: [ app_begin ] --END-- [ RunTime:0.003553s ]
SQL: SHOW COLUMNS FROM `tp_user` [ RunTime:0.007076s ]
SQL: SELECT * FROM `tp_user` WHERE ( username='zhou' )  [ RunTime:0.000759s ]

[ 2014-11-16T21:03:15+08:00 ] 127.0.0.1 /thinkphp2/index.php/Home/User/register.html
INFO: [ app_begin ] --START--
INFO: Run Behavior\ReadHtmlCacheBehavior [ RunTime:0.001766s ]
INFO: [ app_begin ] --END-- [ RunTime:0.002858s ]
SQL: SHOW COLUMNS FROM `tp_user` [ RunTime:0.007276s ]
SQL: SELECT * FROM `tp_user` WHERE ( username='zhou' )  [ RunTime:0.000636s ]

[ 2014-11-16T21:03:15+08:00 ] 127.0.0.1 /thinkphp2/index.php/Home/User/register.html
INFO: [ app_begin ] --START--
INFO: Run Behavior\ReadHtmlCacheBehavior [ RunTime:0.002670s ]
INFO: [ app_begin ] --END-- [ RunTime:0.004025s ]
SQL: SHOW COLUMNS FROM `tp_user` [ RunTime:0.007155s ]
SQL: SELECT * FROM `tp_user` WHERE ( username='zhou' )  [ RunTime:0.000763s ]

[ 2014-11-16T21:03:15+08:00 ] 127.0.0.1 /thinkphp2/index.php/Home/User/register.html
INFO: [ app_begin ] --START--
INFO: Run Behavior\ReadHtmlCacheBehavior [ RunTime:0.001592s ]
INFO: [ app_begin ] --END-- [ RunTime:0.002474s ]
SQL: SHOW COLUMNS FROM `tp_user` [ RunTime:0.006493s ]
SQL: SELECT * FROM `tp_user` WHERE ( username='zhou' )  [ RunTime:0.000590s ]

[ 2014-11-16T21:03:15+08:00 ] 127.0.0.1 /thinkphp2/index.php/Home/User/register.html
INFO: [ app_begin ] --START--
INFO: Run Behavior\ReadHtmlCacheBehavior [ RunTime:0.001547s ]
INFO: [ app_begin ] --END-- [ RunTime:0.002418s ]
SQL: SHOW COLUMNS FROM `tp_user` [ RunTime:0.007331s ]
SQL: SELECT * FROM `tp_user` WHERE ( username='zhou' )  [ RunTime:0.000639s ]

[ 2014-11-16T21:04:09+08:00 ] 127.0.0.1 /thinkphp2/index.php/Home/User/register.html
INFO: [ app_begin ] --START--
INFO: Run Behavior\ReadHtmlCacheBehavior [ RunTime:0.001681s ]
INFO: [ app_begin ] --END-- [ RunTime:0.002767s ]
SQL: SHOW COLUMNS FROM `tp_user` [ RunTime:0.007105s ]
SQL: SELECT * FROM `tp_user` WHERE ( username='zhou' )  [ RunTime:0.000792s ]

[ 2014-11-16T21:04:10+08:00 ] 127.0.0.1 /thinkphp2/index.php/Home/User/register.html
INFO: [ app_begin ] --START--
INFO: Run Behavior\ReadHtmlCacheBehavior [ RunTime:0.001605s ]
INFO: [ app_begin ] --END-- [ RunTime:0.002426s ]
SQL: SHOW COLUMNS FROM `tp_user` [ RunTime:0.008420s ]
SQL: SELECT * FROM `tp_user` WHERE ( username='zhou' )  [ RunTime:0.000701s ]

[ 2014-11-16T21:04:10+08:00 ] 127.0.0.1 /thinkphp2/index.php/Home/User/register.html
INFO: [ app_begin ] --START--
INFO: Run Behavior\ReadHtmlCacheBehavior [ RunTime:0.001799s ]
INFO: [ app_begin ] --END-- [ RunTime:0.003126s ]
SQL: SHOW COLUMNS FROM `tp_user` [ RunTime:0.006852s ]
SQL: SELECT * FROM `tp_user` WHERE ( username='zhou' )  [ RunTime:0.000632s ]

[ 2014-11-16T21:04:10+08:00 ] 127.0.0.1 /thinkphp2/index.php/Home/User/register.html
INFO: [ app_begin ] --START--
INFO: Run Behavior\ReadHtmlCacheBehavior [ RunTime:0.002022s ]
INFO: [ app_begin ] --END-- [ RunTime:0.003317s ]
SQL: SHOW COLUMNS FROM `tp_user` [ RunTime:0.006745s ]
SQL: SELECT * FROM `tp_user` WHERE ( username='zhou' )  [ RunTime:0.000717s ]

[ 2014-11-16T21:04:11+08:00 ] 127.0.0.1 /thinkphp2/index.php/Home/User/register.html
INFO: [ app_begin ] --START--
INFO: Run Behavior\ReadHtmlCacheBehavior [ RunTime:0.001930s ]
INFO: [ app_begin ] --END-- [ RunTime:0.003003s ]
SQL: SHOW COLUMNS FROM `tp_user` [ RunTime:0.007384s ]
SQL: SELECT * FROM `tp_user` WHERE ( username='zhou' )  [ RunTime:0.000686s ]

[ 2014-11-16T21:04:11+08:00 ] 127.0.0.1 /thinkphp2/index.php/Home/User/register.html
INFO: [ app_begin ] --START--
INFO: Run Behavior\ReadHtmlCacheBehavior [ RunTime:0.001922s ]
INFO: [ app_begin ] --END-- [ RunTime:0.003027s ]
SQL: SHOW COLUMNS FROM `tp_user` [ RunTime:0.007034s ]
SQL: SELECT * FROM `tp_user` WHERE ( username='zhou' )  [ RunTime:0.000646s ]

[ 2014-11-16T21:04:11+08:00 ] 127.0.0.1 /thinkphp2/index.php/Home/User/register.html
INFO: [ app_begin ] --START--
INFO: Run Behavior\ReadHtmlCacheBehavior [ RunTime:0.002293s ]
INFO: [ app_begin ] --END-- [ RunTime:0.003472s ]
SQL: SHOW COLUMNS FROM `tp_user` [ RunTime:0.006463s ]
SQL: SELECT * FROM `tp_user` WHERE ( username='zhou' )  [ RunTime:0.000672s ]

[ 2014-11-16T21:11:50+08:00 ] 127.0.0.1 /thinkphp2/index.php/Home/User/register.html
INFO: [ app_begin ] --START--
INFO: Run Behavior\ReadHtmlCacheBehavior [ RunTime:0.002496s ]
INFO: [ app_begin ] --END-- [ RunTime:0.003538s ]
SQL: SHOW COLUMNS FROM `tp_user` [ RunTime:0.006781s ]
SQL: SELECT * FROM `tp_user` WHERE ( username='zhou' )  [ RunTime:0.000759s ]

[ 2014-11-16T21:11:53+08:00 ] 127.0.0.1 /thinkphp2/index.php/Home/User/register.html
INFO: [ app_begin ] --START--
INFO: Run Behavior\ReadHtmlCacheBehavior [ RunTime:0.002576s ]
INFO: [ app_begin ] --END-- [ RunTime:0.003775s ]
SQL: SHOW COLUMNS FROM `tp_user` [ RunTime:0.029368s ]
SQL: SELECT * FROM `tp_user` WHERE ( username='zhou' )  [ RunTime:0.000828s ]

[ 2014-11-16T21:11:53+08:00 ] 127.0.0.1 /thinkphp2/index.php/Home/User/register.html
INFO: [ app_begin ] --START--
INFO: Run Behavior\ReadHtmlCacheBehavior [ RunTime:0.001739s ]
INFO: [ app_begin ] --END-- [ RunTime:0.002809s ]
SQL: SHOW COLUMNS FROM `tp_user` [ RunTime:0.008504s ]
SQL: SELECT * FROM `tp_user` WHERE ( username='zhou' )  [ RunTime:0.000821s ]

[ 2014-11-16T21:11:58+08:00 ] 127.0.0.1 /thinkphp2/index.php/Home/User/register.html
INFO: [ app_begin ] --START--
INFO: Run Behavior\ReadHtmlCacheBehavior [ RunTime:0.001562s ]
INFO: [ app_begin ] --END-- [ RunTime:0.002465s ]
SQL: SHOW COLUMNS FROM `tp_user` [ RunTime:0.007606s ]
SQL: SELECT * FROM `tp_user` WHERE ( username='zhou' )  [ RunTime:0.000672s ]

[ 2014-11-16T21:12:01+08:00 ] 127.0.0.1 /thinkphp2/index.php/Home/User/register.html
INFO: [ app_begin ] --START--
INFO: Run Behavior\ReadHtmlCacheBehavior [ RunTime:0.001887s ]
INFO: [ app_begin ] --END-- [ RunTime:0.003168s ]
SQL: SHOW COLUMNS FROM `tp_user` [ RunTime:0.008438s ]
SQL: SELECT * FROM `tp_user` WHERE ( username='zhou' )  [ RunTime:0.000836s ]

[ 2014-11-16T21:12:20+08:00 ] 127.0.0.1 /thinkphp2/index.php/Home/User/register.html
INFO: [ app_begin ] --START--
INFO: Run Behavior\ReadHtmlCacheBehavior [ RunTime:0.002038s ]
INFO: [ app_begin ] --END-- [ RunTime:0.003235s ]
SQL: SHOW COLUMNS FROM `tp_user` [ RunTime:0.007201s ]
SQL: SELECT * FROM `tp_user` WHERE ( username='zhou' )  [ RunTime:0.000764s ]

[ 2014-11-16T21:12:26+08:00 ] 127.0.0.1 /thinkphp2/index.php/Home/User/register.html
INFO: [ app_begin ] --START--
INFO: Run Behavior\ReadHtmlCacheBehavior [ RunTime:0.001721s ]
INFO: [ app_begin ] --END-- [ RunTime:0.002611s ]
SQL: SHOW COLUMNS FROM `tp_user` [ RunTime:0.007523s ]

[ 2014-11-16T21:12:46+08:00 ] 127.0.0.1 /thinkphp2/index.php/Home/User/register.html
INFO: [ app_begin ] --START--
INFO: Run Behavior\ReadHtmlCacheBehavior [ RunTime:0.001466s ]
INFO: [ app_begin ] --END-- [ RunTime:0.002452s ]
SQL: SHOW COLUMNS FROM `tp_user` [ RunTime:0.007156s ]
SQL: SELECT * FROM `tp_user` WHERE ( username='zhouzhou' )  [ RunTime:0.000630s ]
SQL: SHOW COLUMNS FROM `tp_user` [ RunTime:0.006572s ]
SQL: INSERT INTO `tp_user` (`username`,`password`,`ip`,`last_time`) VALUES ('zhouzhou','123','127.0.0.1',1416143565) [ RunTime:0.073010s ]

[ 2014-11-16T22:15:37+08:00 ] 127.0.0.1 /thinkphp2/index.php/Home/User/register.html
INFO: [ app_begin ] --START--
INFO: Run Behavior\ReadHtmlCacheBehavior [ RunTime:0.002274s ]
INFO: [ app_begin ] --END-- [ RunTime:0.003496s ]
SQL: SHOW COLUMNS FROM `tp_user` [ RunTime:0.006647s ]
SQL: SELECT * FROM `tp_user` WHERE ( username='zhou' )  [ RunTime:0.000727s ]

[ 2014-11-16T22:15:38+08:00 ] 127.0.0.1 /thinkphp2/index.php/Home/User/register.html
INFO: [ app_begin ] --START--
INFO: Run Behavior\ReadHtmlCacheBehavior [ RunTime:0.002296s ]
INFO: [ app_begin ] --END-- [ RunTime:0.003478s ]
SQL: SHOW COLUMNS FROM `tp_user` [ RunTime:0.007769s ]
SQL: SELECT * FROM `tp_user` WHERE ( username='zhou' )  [ RunTime:0.000762s ]

[ 2014-11-16T22:15:38+08:00 ] 127.0.0.1 /thinkphp2/index.php/Home/User/register.html
INFO: [ app_begin ] --START--
INFO: Run Behavior\ReadHtmlCacheBehavior [ RunTime:0.001566s ]
INFO: [ app_begin ] --END-- [ RunTime:0.002361s ]
SQL: SHOW COLUMNS FROM `tp_user` [ RunTime:0.006703s ]
SQL: SELECT * FROM `tp_user` WHERE ( username='zhou' )  [ RunTime:0.000645s ]

[ 2014-11-16T22:15:38+08:00 ] 127.0.0.1 /thinkphp2/index.php/Home/User/register.html
INFO: [ app_begin ] --START--
INFO: Run Behavior\ReadHtmlCacheBehavior [ RunTime:0.001578s ]
INFO: [ app_begin ] --END-- [ RunTime:0.002412s ]
SQL: SHOW COLUMNS FROM `tp_user` [ RunTime:0.007061s ]
SQL: SELECT * FROM `tp_user` WHERE ( username='zhou' )  [ RunTime:0.000867s ]

[ 2014-11-16T22:15:39+08:00 ] 127.0.0.1 /thinkphp2/index.php/Home/User/register.html
INFO: [ app_begin ] --START--
INFO: Run Behavior\ReadHtmlCacheBehavior [ RunTime:0.001716s ]
INFO: [ app_begin ] --END-- [ RunTime:0.002593s ]
SQL: SHOW COLUMNS FROM `tp_user` [ RunTime:0.007256s ]
SQL: SELECT * FROM `tp_user` WHERE ( username='zhou' )  [ RunTime:0.000864s ]

[ 2014-11-16T22:15:39+08:00 ] 127.0.0.1 /thinkphp2/index.php/Home/User/register.html
INFO: [ app_begin ] --START--
INFO: Run Behavior\ReadHtmlCacheBehavior [ RunTime:0.001562s ]
INFO: [ app_begin ] --END-- [ RunTime:0.002363s ]
SQL: SHOW COLUMNS FROM `tp_user` [ RunTime:0.006489s ]
SQL: SELECT * FROM `tp_user` WHERE ( username='zhou' )  [ RunTime:0.000624s ]

[ 2014-11-16T22:15:39+08:00 ] 127.0.0.1 /thinkphp2/index.php/Home/User/register.html
INFO: [ app_begin ] --START--
INFO: Run Behavior\ReadHtmlCacheBehavior [ RunTime:0.001839s ]
INFO: [ app_begin ] --END-- [ RunTime:0.002773s ]
SQL: SHOW COLUMNS FROM `tp_user` [ RunTime:0.006777s ]
SQL: SELECT * FROM `tp_user` WHERE ( username='zhou' )  [ RunTime:0.000622s ]

[ 2014-11-16T22:15:39+08:00 ] 127.0.0.1 /thinkphp2/index.php/Home/User/register.html
INFO: [ app_begin ] --START--
INFO: Run Behavior\ReadHtmlCacheBehavior [ RunTime:0.001758s ]
INFO: [ app_begin ] --END-- [ RunTime:0.002622s ]
SQL: SHOW COLUMNS FROM `tp_user` [ RunTime:0.007555s ]
SQL: SELECT * FROM `tp_user` WHERE ( username='zhou' )  [ RunTime:0.000852s ]

[ 2014-11-16T22:16:52+08:00 ] 127.0.0.1 /thinkphp2/index.php/Home/User/register.html
INFO: [ app_begin ] --START--
INFO: Run Behavior\ReadHtmlCacheBehavior [ RunTime:0.002910s ]
INFO: [ app_begin ] --END-- [ RunTime:0.004458s ]
SQL: SHOW COLUMNS FROM `tp_user` [ RunTime:0.006965s ]
SQL: SELECT * FROM `tp_user` WHERE ( username='zhou' )  [ RunTime:0.000835s ]

[ 2014-11-16T22:22:05+08:00 ] 127.0.0.1 /thinkphp2/index.php/Home/User/register.html
INFO: [ app_begin ] --START--
INFO: Run Behavior\ReadHtmlCacheBehavior [ RunTime:0.001591s ]
INFO: [ app_begin ] --END-- [ RunTime:0.002665s ]
SQL: SHOW COLUMNS FROM `tp_user` [ RunTime:0.007859s ]
SQL: SELECT * FROM `tp_user` WHERE ( username='zhou' )  [ RunTime:0.000903s ]

[ 2014-11-16T22:22:34+08:00 ] 127.0.0.1 /thinkphp2/index.php/Home/User/register.html
INFO: [ app_begin ] --START--
INFO: Run Behavior\ReadHtmlCacheBehavior [ RunTime:0.002587s ]
INFO: [ app_begin ] --END-- [ RunTime:0.003868s ]
SQL: SHOW COLUMNS FROM `tp_user` [ RunTime:0.009023s ]
SQL: SELECT * FROM `tp_user` WHERE ( username='zhou' )  [ RunTime:0.000902s ]

[ 2014-11-16T22:28:17+08:00 ] 127.0.0.1 /thinkphp2/index.php/Home/User/register.html
INFO: [ app_begin ] --START--
INFO: Run Behavior\ReadHtmlCacheBehavior [ RunTime:0.001650s ]
INFO: [ app_begin ] --END-- [ RunTime:0.002520s ]
SQL: SHOW COLUMNS FROM `tp_user` [ RunTime:0.007187s ]

[ 2014-11-16T22:37:47+08:00 ] 127.0.0.1 /thinkphp2/index.php/Home/User/register.html
INFO: [ app_begin ] --START--
INFO: Run Behavior\ReadHtmlCacheBehavior [ RunTime:0.002160s ]
INFO: [ app_begin ] --END-- [ RunTime:0.003424s ]
SQL: SHOW COLUMNS FROM `tp_user` [ RunTime:0.008694s ]

[ 2014-11-16T22:37:55+08:00 ] 127.0.0.1 /thinkphp2/index.php/Home/User/register.html
INFO: [ app_begin ] --START--
INFO: Run Behavior\ReadHtmlCacheBehavior [ RunTime:0.001705s ]
INFO: [ app_begin ] --END-- [ RunTime:0.002618s ]
SQL: SHOW COLUMNS FROM `tp_user` [ RunTime:0.008510s ]

[ 2014-11-16T22:37:56+08:00 ] 127.0.0.1 /thinkphp2/index.php/Home/User/register.html
INFO: [ app_begin ] --START--
INFO: Run Behavior\ReadHtmlCacheBehavior [ RunTime:0.002722s ]
INFO: [ app_begin ] --END-- [ RunTime:0.004141s ]
SQL: SHOW COLUMNS FROM `tp_user` [ RunTime:0.009669s ]

[ 2014-11-16T22:37:59+08:00 ] 127.0.0.1 /thinkphp2/index.php/Home/User/register.html
INFO: [ app_begin ] --START--
INFO: Run Behavior\ReadHtmlCacheBehavior [ RunTime:0.001986s ]
INFO: [ app_begin ] --END-- [ RunTime:0.003322s ]
SQL: SHOW COLUMNS FROM `tp_user` [ RunTime:0.008485s ]

[ 2014-11-16T22:38:07+08:00 ] 127.0.0.1 /thinkphp2/index.php/Home/User/register.html
INFO: [ app_begin ] --START--
INFO: Run Behavior\ReadHtmlCacheBehavior [ RunTime:0.002271s ]
INFO: [ app_begin ] --END-- [ RunTime:0.003555s ]
SQL: SHOW COLUMNS FROM `tp_user` [ RunTime:0.008908s ]

[ 2014-11-16T22:38:14+08:00 ] 127.0.0.1 /thinkphp2/index.php/Home/User/register.html
INFO: [ app_begin ] --START--
INFO: Run Behavior\ReadHtmlCacheBehavior [ RunTime:0.001360s ]
INFO: [ app_begin ] --END-- [ RunTime:0.002277s ]
SQL: SHOW COLUMNS FROM `tp_user` [ RunTime:0.006497s ]

[ 2014-11-16T22:38:17+08:00 ] 127.0.0.1 /thinkphp2/index.php/Home/User/register.html
INFO: [ app_begin ] --START--
INFO: Run Behavior\ReadHtmlCacheBehavior [ RunTime:0.002190s ]
INFO: [ app_begin ] --END-- [ RunTime:0.003525s ]
SQL: SHOW COLUMNS FROM `tp_user` [ RunTime:0.007421s ]
SQL: SELECT * FROM `tp_user` WHERE ( username='aaaaaaa' )  [ RunTime:0.000675s ]
SQL: SHOW COLUMNS FROM `tp_user` [ RunTime:0.006295s ]
SQL: INSERT INTO `tp_user` (`username`,`password`,`ip`,`last_time`) VALUES ('aaaaaaa','a','127.0.0.1',1416148697) [ RunTime:0.127235s ]

[ 2014-11-16T22:38:26+08:00 ] 127.0.0.1 /thinkphp2/index.php/Home/User/register.html
INFO: [ app_begin ] --START--
INFO: Run Behavior\ReadHtmlCacheBehavior [ RunTime:0.001978s ]
INFO: [ app_begin ] --END-- [ RunTime:0.003084s ]
SQL: SHOW COLUMNS FROM `tp_user` [ RunTime:0.007323s ]
SQL: SELECT * FROM `tp_user` WHERE ( username='aaaaaaa' )  [ RunTime:0.000709s ]

[ 2014-11-16T22:38:52+08:00 ] 127.0.0.1 /thinkphp2/index.php/Home/User/register.html
INFO: [ app_begin ] --START--
INFO: Run Behavior\ReadHtmlCacheBehavior [ RunTime:0.001512s ]
INFO: [ app_begin ] --END-- [ RunTime:0.002385s ]
SQL: SHOW COLUMNS FROM `tp_user` [ RunTime:0.007330s ]

[ 2014-11-16T22:39:45+08:00 ] 127.0.0.1 /thinkphp2/index.php/Home/User/register.html
INFO: [ app_begin ] --START--
INFO: Run Behavior\ReadHtmlCacheBehavior [ RunTime:0.002299s ]
INFO: [ app_begin ] --END-- [ RunTime:0.003496s ]
SQL: SHOW COLUMNS FROM `tp_user` [ RunTime:0.007109s ]

[ 2014-11-16T22:40:59+08:00 ] 127.0.0.1 /thinkphp2/index.php/Home/User/register.html
INFO: [ app_begin ] --START--
INFO: Run Behavior\ReadHtmlCacheBehavior [ RunTime:0.001946s ]
INFO: [ app_begin ] --END-- [ RunTime:0.003660s ]
SQL: SHOW COLUMNS FROM `tp_user` [ RunTime:0.007737s ]

[ 2014-11-16T22:41:08+08:00 ] 127.0.0.1 /thinkphp2/index.php/Home/User/register.html
INFO: [ app_begin ] --START--
INFO: Run Behavior\ReadHtmlCacheBehavior [ RunTime:0.002383s ]
INFO: [ app_begin ] --END-- [ RunTime:0.003469s ]
SQL: SHOW COLUMNS FROM `tp_user` [ RunTime:0.007178s ]

[ 2014-11-16T22:41:29+08:00 ] 127.0.0.1 /thinkphp2/index.php/Home/User/register.html
INFO: [ app_begin ] --START--
INFO: Run Behavior\ReadHtmlCacheBehavior [ RunTime:0.001763s ]
INFO: [ app_begin ] --END-- [ RunTime:0.002732s ]
SQL: SHOW COLUMNS FROM `tp_user` [ RunTime:0.006890s ]

[ 2014-11-16T22:41:38+08:00 ] 127.0.0.1 /thinkphp2/index.php/Home/User/register.html
INFO: [ app_begin ] --START--
INFO: Run Behavior\ReadHtmlCacheBehavior [ RunTime:0.001074s ]
INFO: [ app_begin ] --END-- [ RunTime:0.001905s ]
SQL: SHOW COLUMNS FROM `tp_user` [ RunTime:0.008218s ]

[ 2014-11-16T22:43:57+08:00 ] 127.0.0.1 /thinkphp2/index.php/Home/User/register.html
INFO: [ app_begin ] --START--
INFO: Run Behavior\ReadHtmlCacheBehavior [ RunTime:0.004265s ]
INFO: [ app_begin ] --END-- [ RunTime:0.007990s ]
SQL: SHOW COLUMNS FROM `tp_user` [ RunTime:0.006581s ]

[ 2014-11-16T22:44:32+08:00 ] 127.0.0.1 /thinkphp2/index.php/Home/User/register.html
INFO: [ app_begin ] --START--
INFO: Run Behavior\ReadHtmlCacheBehavior [ RunTime:0.001161s ]
INFO: [ app_begin ] --END-- [ RunTime:0.001978s ]
SQL: SHOW COLUMNS FROM `tp_user` [ RunTime:0.006924s ]

[ 2014-11-16T22:44:43+08:00 ] 127.0.0.1 /thinkphp2/index.php/Home/User/register.html
INFO: [ app_begin ] --START--
INFO: Run Behavior\ReadHtmlCacheBehavior [ RunTime:0.001129s ]
INFO: [ app_begin ] --END-- [ RunTime:0.001941s ]
SQL: SHOW COLUMNS FROM `tp_user` [ RunTime:0.007158s ]

[ 2014-11-16T22:44:59+08:00 ] 127.0.0.1 /thinkphp2/index.php/Home/User/register.html
INFO: [ app_begin ] --START--
INFO: Run Behavior\ReadHtmlCacheBehavior [ RunTime:0.001553s ]
INFO: [ app_begin ] --END-- [ RunTime:0.002670s ]
SQL: SHOW COLUMNS FROM `tp_user` [ RunTime:0.007695s ]

[ 2014-11-16T22:45:31+08:00 ] 127.0.0.1 /thinkphp2/index.php/Home/User/register.html
INFO: [ app_begin ] --START--
INFO: Run Behavior\ReadHtmlCacheBehavior [ RunTime:0.001290s ]
INFO: [ app_begin ] --END-- [ RunTime:0.002243s ]
SQL: SHOW COLUMNS FROM `tp_user` [ RunTime:0.007841s ]

[ 2014-11-16T22:46:21+08:00 ] 127.0.0.1 /thinkphp2/index.php/Home/User/register.html
INFO: [ app_begin ] --START--
INFO: Run Behavior\ReadHtmlCacheBehavior [ RunTime:0.001092s ]
INFO: [ app_begin ] --END-- [ RunTime:0.001863s ]
SQL: SHOW COLUMNS FROM `tp_user` [ RunTime:0.007746s ]

[ 2014-11-16T22:46:32+08:00 ] 127.0.0.1 /thinkphp2/index.php/Home/User/register.html
INFO: [ app_begin ] --START--
INFO: Run Behavior\ReadHtmlCacheBehavior [ RunTime:0.001753s ]
INFO: [ app_begin ] --END-- [ RunTime:0.002784s ]
SQL: SHOW COLUMNS FROM `tp_user` [ RunTime:0.008062s ]

[ 2014-11-16T22:46:42+08:00 ] 127.0.0.1 /thinkphp2/index.php/Home/User/register.html
INFO: [ app_begin ] --START--
INFO: Run Behavior\ReadHtmlCacheBehavior [ RunTime:0.001551s ]
INFO: [ app_begin ] --END-- [ RunTime:0.002527s ]
SQL: SHOW COLUMNS FROM `tp_user` [ RunTime:0.008098s ]

[ 2014-11-16T22:46:43+08:00 ] 127.0.0.1 /thinkphp2/index.php/Home/User/register.html
INFO: [ app_begin ] --START--
INFO: Run Behavior\ReadHtmlCacheBehavior [ RunTime:0.002361s ]
INFO: [ app_begin ] --END-- [ RunTime:0.003746s ]
SQL: SHOW COLUMNS FROM `tp_user` [ RunTime:0.007148s ]

[ 2014-11-16T22:46:51+08:00 ] 127.0.0.1 /thinkphp2/index.php/Home/User/register.html
INFO: [ app_begin ] --START--
INFO: Run Behavior\ReadHtmlCacheBehavior [ RunTime:0.001635s ]
INFO: [ app_begin ] --END-- [ RunTime:0.002688s ]
SQL: SHOW COLUMNS FROM `tp_user` [ RunTime:0.006327s ]
SQL: SELECT * FROM `tp_user` WHERE ( username='aaaaaaaa' )  [ RunTime:0.000715s ]
SQL: SHOW COLUMNS FROM `tp_user` [ RunTime:0.006624s ]
SQL: INSERT INTO `tp_user` (`username`,`password`,`ip`,`last_time`) VALUES ('aaaaaaaa','a','127.0.0.1',1416149211) [ RunTime:0.090046s ]

[ 2014-11-16T22:47:02+08:00 ] 127.0.0.1 /thinkphp2/index.php/Home/User/register.html
INFO: [ app_begin ] --START--
INFO: Run Behavior\ReadHtmlCacheBehavior [ RunTime:0.001356s ]
INFO: [ app_begin ] --END-- [ RunTime:0.002493s ]
SQL: SHOW COLUMNS FROM `tp_user` [ RunTime:0.006995s ]

[ 2014-11-16T23:29:50+08:00 ] 127.0.0.1 /thinkphp2/index.php/Home/User/register.html
INFO: [ app_begin ] --START--
INFO: Run Behavior\ReadHtmlCacheBehavior [ RunTime:0.001416s ]
INFO: [ app_begin ] --END-- [ RunTime:0.002266s ]
SQL: SHOW COLUMNS FROM `tp_user` [ RunTime:0.007055s ]

[ 2014-11-16T23:30:04+08:00 ] 127.0.0.1 /thinkphp2/index.php/Home/User/register.html
INFO: [ app_begin ] --START--
INFO: Run Behavior\ReadHtmlCacheBehavior [ RunTime:0.001273s ]
INFO: [ app_begin ] --END-- [ RunTime:0.002138s ]
SQL: SHOW COLUMNS FROM `tp_user` [ RunTime:0.007381s ]

[ 2014-11-16T23:30:22+08:00 ] 127.0.0.1 /thinkphp2/index.php/Home/User/register.html
INFO: [ app_begin ] --START--
INFO: Run Behavior\ReadHtmlCacheBehavior [ RunTime:0.001195s ]
INFO: [ app_begin ] --END-- [ RunTime:0.001993s ]
SQL: SHOW COLUMNS FROM `tp_user` [ RunTime:0.008622s ]

[ 2014-11-16T23:44:28+08:00 ] 127.0.0.1 /thinkphp2/index.php/Home/User/register.html
INFO: [ app_begin ] --START--
INFO: Run Behavior\ReadHtmlCacheBehavior [ RunTime:0.001297s ]
INFO: [ app_begin ] --END-- [ RunTime:0.002131s ]
SQL: SHOW COLUMNS FROM `tp_user` [ RunTime:0.006525s ]
SQL: SELECT * FROM `tp_user` WHERE ( username='aaaaaa' )  [ RunTime:0.000672s ]
SQL: SHOW COLUMNS FROM `tp_user` [ RunTime:0.006274s ]
SQL: INSERT INTO `tp_user` (`username`,`password`,`ip`,`last_time`) VALUES ('aaaaaa','1','127.0.0.1',1416152668) [ RunTime:0.092469s ]

[ 2014-11-16T23:47:07+08:00 ] 127.0.0.1 /thinkphp2/index.php/Home/User/register.html
INFO: [ app_begin ] --START--
INFO: Run Behavior\ReadHtmlCacheBehavior [ RunTime:0.001240s ]
INFO: [ app_begin ] --END-- [ RunTime:0.002105s ]
SQL: SHOW COLUMNS FROM `tp_user` [ RunTime:0.006754s ]

