[ 2014-12-30T14:42:39+08:00 ] 127.0.0.1 /thinkphp2/index.php/Home/User/login.html
INFO: [ app_begin ] --START--
INFO: Run Behavior\ReadHtmlCacheBehavior [ RunTime:0.001067s ]
INFO: [ app_begin ] --END-- [ RunTime:0.001838s ]
NOTIC: [8] Use of undefined constant username - assumed 'username' D:\wamp\www\thinkphp2\Application\Home\Controller\UserController.class.php 第 13 行.
SQL: SHOW COLUMNS FROM `tp_user` [ RunTime:0.036193s ]
SQL: SELECT * FROM `tp_user` WHERE ( username='zhouzhou'&&password='748964e0a3e61c156e09750566a42395' ) LIMIT 1   [ RunTime:0.000827s ]

[ 2014-12-30T14:43:23+08:00 ] 127.0.0.1 /thinkphp2/index.php/Home/Goods/addToCart
INFO: [ app_begin ] --START--
INFO: Run Behavior\ReadHtmlCacheBehavior [ RunTime:0.001241s ]
INFO: [ app_begin ] --END-- [ RunTime:0.002152s ]
SQL: SHOW COLUMNS FROM `tp_cart` [ RunTime:0.033198s ]
SQL: SELECT `info` FROM `tp_cart` WHERE ( id='15' ) LIMIT 1   [ RunTime:0.000706s ]
SQL: REPLACE INTO `tp_cart` (`uid`,`update_time`,`info`) VALUES (15,1419921803,'a:2:{i:0;a:2:{s:7:\"good_id\";s:2:\"31\";s:8:\"good_num\";s:1:\"2\";}i:1;a:2:{s:7:\"good_id\";s:2:\"22\";s:8:\"good_num\";s:1:\"5\";}}') [ RunTime:0.000840s ]
INFO: [ view_parse ] --START--
INFO: [ template_filter ] --START--
INFO: Run Behavior\ContentReplaceBehavior [ RunTime:0.000108s ]
INFO: [ template_filter ] --END-- [ RunTime:0.000237s ]
INFO: Run Behavior\ParseTemplateBehavior [ RunTime:0.007760s ]
INFO: [ view_parse ] --END-- [ RunTime:0.007941s ]
INFO: [ view_filter ] --START--
INFO: Run Behavior\WriteHtmlCacheBehavior [ RunTime:0.000560s ]
INFO: [ view_filter ] --END-- [ RunTime:0.000663s ]
INFO: [ app_end ] --START--
INFO: Run Behavior\ShowPageTraceBehavior [ RunTime:0.001468s ]
INFO: [ app_end ] --END-- [ RunTime:0.001574s ]

[ 2014-12-30T14:44:51+08:00 ] 127.0.0.1 /thinkphp2/index.php/Home/Goods/addToCart
INFO: [ app_begin ] --START--
INFO: Run Behavior\ReadHtmlCacheBehavior [ RunTime:0.001153s ]
INFO: [ app_begin ] --END-- [ RunTime:0.001900s ]
SQL: SHOW COLUMNS FROM `tp_cart` [ RunTime:0.038350s ]
SQL: SELECT `info` FROM `tp_cart` WHERE ( id='15' ) LIMIT 1   [ RunTime:0.000621s ]
NOTIC: [2] Invalid argument supplied for foreach() D:\wamp\www\thinkphp2\Application\Home\Model\CartModel.class.php 第 12 行.
SQL: REPLACE INTO `tp_cart` (`uid`,`update_time`,`info`) VALUES (15,1419921891,'a:1:{i:0;a:2:{s:7:\"good_id\";s:2:\"22\";s:8:\"good_num\";s:1:\"1\";}}') [ RunTime:0.000683s ]
INFO: [ view_parse ] --START--
INFO: [ template_filter ] --START--
INFO: Run Behavior\ContentReplaceBehavior [ RunTime:0.000108s ]
INFO: [ template_filter ] --END-- [ RunTime:0.000270s ]
INFO: Run Behavior\ParseTemplateBehavior [ RunTime:0.007315s ]
INFO: [ view_parse ] --END-- [ RunTime:0.007534s ]
INFO: [ view_filter ] --START--
INFO: Run Behavior\WriteHtmlCacheBehavior [ RunTime:0.000705s ]
INFO: [ view_filter ] --END-- [ RunTime:0.000841s ]
INFO: [ app_end ] --START--
INFO: Run Behavior\ShowPageTraceBehavior [ RunTime:0.001212s ]
INFO: [ app_end ] --END-- [ RunTime:0.001324s ]

[ 2014-12-30T14:44:57+08:00 ] 127.0.0.1 /thinkphp2/index.php/Home/Goods/addToCart
INFO: [ app_begin ] --START--
INFO: Run Behavior\ReadHtmlCacheBehavior [ RunTime:0.001539s ]
INFO: [ app_begin ] --END-- [ RunTime:0.002559s ]
SQL: SHOW COLUMNS FROM `tp_cart` [ RunTime:0.007561s ]
SQL: SELECT `info` FROM `tp_cart` WHERE ( id='15' ) LIMIT 1   [ RunTime:0.000620s ]
NOTIC: [2] Invalid argument supplied for foreach() D:\wamp\www\thinkphp2\Application\Home\Model\CartModel.class.php 第 12 行.
SQL: REPLACE INTO `tp_cart` (`uid`,`update_time`,`info`) VALUES (15,1419921897,'a:1:{i:0;a:2:{s:7:\"good_id\";s:2:\"32\";s:8:\"good_num\";s:1:\"1\";}}') [ RunTime:0.000583s ]
INFO: [ view_parse ] --START--
INFO: [ template_filter ] --START--
INFO: Run Behavior\ContentReplaceBehavior [ RunTime:0.000111s ]
INFO: [ template_filter ] --END-- [ RunTime:0.000244s ]
INFO: Run Behavior\ParseTemplateBehavior [ RunTime:0.007717s ]
INFO: [ view_parse ] --END-- [ RunTime:0.007926s ]
INFO: [ view_filter ] --START--
INFO: Run Behavior\WriteHtmlCacheBehavior [ RunTime:0.000492s ]
INFO: [ view_filter ] --END-- [ RunTime:0.000607s ]
INFO: [ app_end ] --START--
INFO: Run Behavior\ShowPageTraceBehavior [ RunTime:0.001167s ]
INFO: [ app_end ] --END-- [ RunTime:0.001286s ]

[ 2014-12-30T23:47:16+08:00 ] 127.0.0.1 /thinkphp2/index.php/Home/User/login.html
INFO: [ app_begin ] --START--
INFO: Run Behavior\ReadHtmlCacheBehavior [ RunTime:0.001045s ]
INFO: [ app_begin ] --END-- [ RunTime:0.001744s ]
NOTIC: [8] Use of undefined constant username - assumed 'username' D:\wamp\www\thinkphp2\Application\Home\Controller\UserController.class.php 第 13 行.
SQL: SHOW COLUMNS FROM `tp_user` [ RunTime:0.007330s ]
SQL: SELECT * FROM `tp_user` WHERE ( username='zhouzhou'&&password='748964e0a3e61c156e09750566a42395' ) LIMIT 1   [ RunTime:0.000741s ]

