[ 2014-12-21T15:51:19+08:00 ] 127.0.0.1 /thinkphp2/index.php/Home/User/login.html
INFO: [ app_begin ] --START--
INFO: Run Behavior\ReadHtmlCacheBehavior [ RunTime:0.001352s ]
INFO: [ app_begin ] --END-- [ RunTime:0.002120s ]
SQL: SHOW COLUMNS FROM `tp_user` [ RunTime:0.004437s ]
SQL: SELECT * FROM `tp_user` WHERE ( username='zhou'&&password='748964e0a3e61c156e09750566a42395' ) LIMIT 1   [ RunTime:0.029596s ]

[ 2014-12-21T15:51:21+08:00 ] 127.0.0.1 /thinkphp2/index.php/Home/User/login.html
INFO: [ app_begin ] --START--
INFO: Run Behavior\ReadHtmlCacheBehavior [ RunTime:0.001504s ]
INFO: [ app_begin ] --END-- [ RunTime:0.002425s ]
SQL: SHOW COLUMNS FROM `tp_user` [ RunTime:0.004398s ]
SQL: SELECT * FROM `tp_user` WHERE ( username='zhou'&&password='748964e0a3e61c156e09750566a42395' ) LIMIT 1   [ RunTime:0.000673s ]

[ 2014-12-21T15:51:26+08:00 ] 127.0.0.1 /thinkphp2/index.php/Home/User/login.html
INFO: [ app_begin ] --START--
INFO: Run Behavior\ReadHtmlCacheBehavior [ RunTime:0.001003s ]
INFO: [ app_begin ] --END-- [ RunTime:0.001703s ]
SQL: SHOW COLUMNS FROM `tp_user` [ RunTime:0.003822s ]
SQL: SELECT * FROM `tp_user` WHERE ( username='zhouzhou'&&password='748964e0a3e61c156e09750566a42395' ) LIMIT 1   [ RunTime:0.000796s ]

[ 2014-12-21T15:51:33+08:00 ] 127.0.0.1 /thinkphp2/index.php/Home/User/login.html
INFO: [ app_begin ] --START--
INFO: Run Behavior\ReadHtmlCacheBehavior [ RunTime:0.001060s ]
INFO: [ app_begin ] --END-- [ RunTime:0.001854s ]
SQL: SHOW COLUMNS FROM `tp_user` [ RunTime:0.004284s ]
SQL: SELECT * FROM `tp_user` WHERE ( username='zhou'&&password='0ec173788c65dd08da60575219707632' ) LIMIT 1   [ RunTime:0.000685s ]

[ 2014-12-21T15:51:34+08:00 ] 127.0.0.1 /thinkphp2/index.php/Home/User/login.html
INFO: [ app_begin ] --START--
INFO: Run Behavior\ReadHtmlCacheBehavior [ RunTime:0.001006s ]
INFO: [ app_begin ] --END-- [ RunTime:0.001674s ]
SQL: SHOW COLUMNS FROM `tp_user` [ RunTime:0.003646s ]
SQL: SELECT * FROM `tp_user` WHERE ( username='zhou'&&password='0ec173788c65dd08da60575219707632' ) LIMIT 1   [ RunTime:0.000650s ]

[ 2014-12-21T15:51:34+08:00 ] 127.0.0.1 /thinkphp2/index.php/Home/User/login.html
INFO: [ app_begin ] --START--
INFO: Run Behavior\ReadHtmlCacheBehavior [ RunTime:0.001037s ]
INFO: [ app_begin ] --END-- [ RunTime:0.001774s ]
SQL: SHOW COLUMNS FROM `tp_user` [ RunTime:0.004476s ]
SQL: SELECT * FROM `tp_user` WHERE ( username='zhou'&&password='0ec173788c65dd08da60575219707632' ) LIMIT 1   [ RunTime:0.000666s ]

[ 2014-12-21T15:51:34+08:00 ] 127.0.0.1 /thinkphp2/index.php/Home/User/login.html
INFO: [ app_begin ] --START--
INFO: Run Behavior\ReadHtmlCacheBehavior [ RunTime:0.001040s ]
INFO: [ app_begin ] --END-- [ RunTime:0.001733s ]
SQL: SHOW COLUMNS FROM `tp_user` [ RunTime:0.003741s ]
SQL: SELECT * FROM `tp_user` WHERE ( username='zhou'&&password='0ec173788c65dd08da60575219707632' ) LIMIT 1   [ RunTime:0.000666s ]

[ 2014-12-21T15:51:34+08:00 ] 127.0.0.1 /thinkphp2/index.php/Home/User/login.html
INFO: [ app_begin ] --START--
INFO: Run Behavior\ReadHtmlCacheBehavior [ RunTime:0.001026s ]
INFO: [ app_begin ] --END-- [ RunTime:0.001739s ]
SQL: SHOW COLUMNS FROM `tp_user` [ RunTime:0.003800s ]
SQL: SELECT * FROM `tp_user` WHERE ( username='zhou'&&password='0ec173788c65dd08da60575219707632' ) LIMIT 1   [ RunTime:0.000769s ]

[ 2014-12-21T15:51:49+08:00 ] 127.0.0.1 /thinkphp2/index.php/Home/User/login.html
INFO: [ app_begin ] --START--
INFO: Run Behavior\ReadHtmlCacheBehavior [ RunTime:0.001596s ]
INFO: [ app_begin ] --END-- [ RunTime:0.002463s ]
SQL: SHOW COLUMNS FROM `tp_user` [ RunTime:0.003749s ]
SQL: SELECT * FROM `tp_user` WHERE ( username='zhou'&&password='0ec173788c65dd08da60575219707632' ) LIMIT 1   [ RunTime:0.000724s ]

[ 2014-12-21T15:51:55+08:00 ] 127.0.0.1 /thinkphp2/index.php/Home/User/login.html
INFO: [ app_begin ] --START--
INFO: Run Behavior\ReadHtmlCacheBehavior [ RunTime:0.001362s ]
INFO: [ app_begin ] --END-- [ RunTime:0.002115s ]
SQL: SHOW COLUMNS FROM `tp_user` [ RunTime:0.003801s ]
SQL: SELECT * FROM `tp_user` WHERE ( username='zhou'&&password='748964e0a3e61c156e09750566a42395' ) LIMIT 1   [ RunTime:0.000671s ]

[ 2014-12-21T15:52:00+08:00 ] 127.0.0.1 /thinkphp2/index.php/Home/User/login.html
INFO: [ app_begin ] --START--
INFO: Run Behavior\ReadHtmlCacheBehavior [ RunTime:0.001113s ]
INFO: [ app_begin ] --END-- [ RunTime:0.001915s ]
SQL: SHOW COLUMNS FROM `tp_user` [ RunTime:0.004879s ]
SQL: SELECT * FROM `tp_user` WHERE ( username='zhouzhou'&&password='748964e0a3e61c156e09750566a42395' ) LIMIT 1   [ RunTime:0.000641s ]

[ 2014-12-21T15:52:22+08:00 ] 127.0.0.1 /thinkphp2/index.php/Home/User/login.html
INFO: [ app_begin ] --START--
INFO: Run Behavior\ReadHtmlCacheBehavior [ RunTime:0.001656s ]
INFO: [ app_begin ] --END-- [ RunTime:0.002712s ]
SQL: SHOW COLUMNS FROM `tp_user` [ RunTime:0.004110s ]
SQL: SELECT * FROM `tp_user` WHERE ( username='zhouzhou'&&password='748964e0a3e61c156e09750566a42395' ) LIMIT 1   [ RunTime:0.000678s ]

[ 2014-12-21T15:52:23+08:00 ] 127.0.0.1 /thinkphp2/index.php/Home/User/login.html
INFO: [ app_begin ] --START--
INFO: Run Behavior\ReadHtmlCacheBehavior [ RunTime:0.001269s ]
INFO: [ app_begin ] --END-- [ RunTime:0.002033s ]
SQL: SHOW COLUMNS FROM `tp_user` [ RunTime:0.003781s ]
SQL: SELECT * FROM `tp_user` WHERE ( username='zhouzhou'&&password='748964e0a3e61c156e09750566a42395' ) LIMIT 1   [ RunTime:0.000588s ]

[ 2014-12-21T15:52:23+08:00 ] 127.0.0.1 /thinkphp2/index.php/Home/User/login.html
INFO: [ app_begin ] --START--
INFO: Run Behavior\ReadHtmlCacheBehavior [ RunTime:0.001257s ]
INFO: [ app_begin ] --END-- [ RunTime:0.002012s ]
SQL: SHOW COLUMNS FROM `tp_user` [ RunTime:0.003920s ]
SQL: SELECT * FROM `tp_user` WHERE ( username='zhouzhou'&&password='748964e0a3e61c156e09750566a42395' ) LIMIT 1   [ RunTime:0.000644s ]

[ 2014-12-21T15:52:23+08:00 ] 127.0.0.1 /thinkphp2/index.php/Home/User/login.html
INFO: [ app_begin ] --START--
INFO: Run Behavior\ReadHtmlCacheBehavior [ RunTime:0.001292s ]
INFO: [ app_begin ] --END-- [ RunTime:0.002070s ]
SQL: SHOW COLUMNS FROM `tp_user` [ RunTime:0.003784s ]
SQL: SELECT * FROM `tp_user` WHERE ( username='zhouzhou'&&password='748964e0a3e61c156e09750566a42395' ) LIMIT 1   [ RunTime:0.000780s ]

[ 2014-12-21T15:52:51+08:00 ] 127.0.0.1 /thinkphp2/index.php/Home/User/login.html
INFO: [ app_begin ] --START--
INFO: Run Behavior\ReadHtmlCacheBehavior [ RunTime:0.001402s ]
INFO: [ app_begin ] --END-- [ RunTime:0.002473s ]

[ 2014-12-21T16:05:58+08:00 ] 127.0.0.1 /thinkphp2/index.php/Home/User/login.html
INFO: [ app_begin ] --START--
INFO: Run Behavior\ReadHtmlCacheBehavior [ RunTime:0.001029s ]
INFO: [ app_begin ] --END-- [ RunTime:0.001752s ]
SQL: SHOW COLUMNS FROM `tp_user` [ RunTime:0.003989s ]
SQL: SELECT * FROM `tp_user` WHERE ( username='zhouzhou'&&password='748964e0a3e61c156e09750566a42395' ) LIMIT 1   [ RunTime:0.000794s ]

[ 2014-12-21T16:06:19+08:00 ] 127.0.0.1 /thinkphp2/index.php/Home/User/login.html
INFO: [ app_begin ] --START--
INFO: Run Behavior\ReadHtmlCacheBehavior [ RunTime:0.001198s ]
INFO: [ app_begin ] --END-- [ RunTime:0.002089s ]
SQL: SHOW COLUMNS FROM `tp_user` [ RunTime:0.003744s ]
SQL: SELECT * FROM `tp_user` WHERE ( username='zhouzhou'&&password='748964e0a3e61c156e09750566a42395' ) LIMIT 1   [ RunTime:0.000684s ]

[ 2014-12-21T16:06:20+08:00 ] 127.0.0.1 /thinkphp2/index.php/Home/User/login.html
INFO: [ app_begin ] --START--
INFO: Run Behavior\ReadHtmlCacheBehavior [ RunTime:0.000992s ]
INFO: [ app_begin ] --END-- [ RunTime:0.001750s ]
SQL: SHOW COLUMNS FROM `tp_user` [ RunTime:0.003866s ]
SQL: SELECT * FROM `tp_user` WHERE ( username='zhouzhou'&&password='748964e0a3e61c156e09750566a42395' ) LIMIT 1   [ RunTime:0.000616s ]

[ 2014-12-21T16:06:21+08:00 ] 127.0.0.1 /thinkphp2/index.php/Home/User/login.html
INFO: [ app_begin ] --START--
INFO: Run Behavior\ReadHtmlCacheBehavior [ RunTime:0.001081s ]
INFO: [ app_begin ] --END-- [ RunTime:0.001943s ]
SQL: SHOW COLUMNS FROM `tp_user` [ RunTime:0.004018s ]
SQL: SELECT * FROM `tp_user` WHERE ( username='zhouzhou'&&password='748964e0a3e61c156e09750566a42395' ) LIMIT 1   [ RunTime:0.000647s ]

[ 2014-12-21T16:06:21+08:00 ] 127.0.0.1 /thinkphp2/index.php/Home/User/login.html
INFO: [ app_begin ] --START--
INFO: Run Behavior\ReadHtmlCacheBehavior [ RunTime:0.001354s ]
INFO: [ app_begin ] --END-- [ RunTime:0.002709s ]
SQL: SHOW COLUMNS FROM `tp_user` [ RunTime:0.003747s ]
SQL: SELECT * FROM `tp_user` WHERE ( username='zhouzhou'&&password='748964e0a3e61c156e09750566a42395' ) LIMIT 1   [ RunTime:0.000620s ]

[ 2014-12-21T16:07:59+08:00 ] 127.0.0.1 /thinkphp2/index.php/Home/User/login.html
INFO: [ app_begin ] --START--
INFO: Run Behavior\ReadHtmlCacheBehavior [ RunTime:0.001300s ]
INFO: [ app_begin ] --END-- [ RunTime:0.002178s ]
SQL: SHOW COLUMNS FROM `tp_user` [ RunTime:0.003816s ]
SQL: SELECT * FROM `tp_user` WHERE ( username='zhouzhou'&&password='748964e0a3e61c156e09750566a42395' ) LIMIT 1   [ RunTime:0.000713s ]

[ 2014-12-21T16:08:18+08:00 ] 127.0.0.1 /thinkphp2/index.php/Home/User/login.html
INFO: [ app_begin ] --START--
INFO: Run Behavior\ReadHtmlCacheBehavior [ RunTime:0.001520s ]
INFO: [ app_begin ] --END-- [ RunTime:0.002273s ]
SQL: SHOW COLUMNS FROM `tp_user` [ RunTime:0.004715s ]
SQL: SELECT * FROM `tp_user` WHERE ( username='zhouzhou'&&password='748964e0a3e61c156e09750566a42395' ) LIMIT 1   [ RunTime:0.000644s ]

[ 2014-12-21T16:19:17+08:00 ] 127.0.0.1 /thinkphp2/index.php/Home/User/login.html
INFO: [ app_begin ] --START--
INFO: Run Behavior\ReadHtmlCacheBehavior [ RunTime:0.001217s ]
INFO: [ app_begin ] --END-- [ RunTime:0.001974s ]

[ 2014-12-21T16:19:38+08:00 ] 127.0.0.1 /thinkphp2/index.php/Home/User/login.html
INFO: [ app_begin ] --START--
INFO: Run Behavior\ReadHtmlCacheBehavior [ RunTime:0.000990s ]
INFO: [ app_begin ] --END-- [ RunTime:0.001747s ]

[ 2014-12-21T16:20:16+08:00 ] 127.0.0.1 /thinkphp2/index.php/Home/User/login.html
INFO: [ app_begin ] --START--
INFO: Run Behavior\ReadHtmlCacheBehavior [ RunTime:0.001119s ]
INFO: [ app_begin ] --END-- [ RunTime:0.002125s ]
SQL: SHOW COLUMNS FROM `tp_user` [ RunTime:0.005266s ]
SQL: SELECT * FROM `tp_user` WHERE ( username='zhouzhou'&&password='748964e0a3e61c156e09750566a42395' ) LIMIT 1   [ RunTime:0.000869s ]

[ 2014-12-21T16:24:54+08:00 ] 127.0.0.1 /thinkphp2/index.php/Home/User/login.html
INFO: [ app_begin ] --START--
INFO: Run Behavior\ReadHtmlCacheBehavior [ RunTime:0.001147s ]
INFO: [ app_begin ] --END-- [ RunTime:0.002055s ]
NOTIC: [8] Undefined variable: username D:\wamp\www\thinkphp2\Application\Home\Controller\UserController.class.php 第 16 行.
SQL: SHOW COLUMNS FROM `tp_user` [ RunTime:0.004261s ]
SQL: SELECT * FROM `tp_user` WHERE ( username='zhouzhou'&&password='748964e0a3e61c156e09750566a42395' ) LIMIT 1   [ RunTime:0.000721s ]

[ 2014-12-21T16:30:13+08:00 ] 127.0.0.1 /thinkphp2/index.php/Home/User/login.html
INFO: [ app_begin ] --START--
INFO: Run Behavior\ReadHtmlCacheBehavior [ RunTime:0.001295s ]
INFO: [ app_begin ] --END-- [ RunTime:0.002076s ]
NOTIC: [8] Undefined variable: username D:\wamp\www\thinkphp2\Application\Home\Controller\UserController.class.php 第 15 行.
SQL: SHOW COLUMNS FROM `tp_user` [ RunTime:0.004420s ]
SQL: SELECT * FROM `tp_user` WHERE ( username='zhouzhou'&&password='748964e0a3e61c156e09750566a42395' ) LIMIT 1   [ RunTime:0.000761s ]

[ 2014-12-21T16:30:14+08:00 ] 127.0.0.1 /thinkphp2/index.php/Home/User/login.html
INFO: [ app_begin ] --START--
INFO: Run Behavior\ReadHtmlCacheBehavior [ RunTime:0.001311s ]
INFO: [ app_begin ] --END-- [ RunTime:0.002217s ]
NOTIC: [8] Undefined variable: username D:\wamp\www\thinkphp2\Application\Home\Controller\UserController.class.php 第 15 行.
SQL: SHOW COLUMNS FROM `tp_user` [ RunTime:0.003683s ]
SQL: SELECT * FROM `tp_user` WHERE ( username='zhouzhou'&&password='748964e0a3e61c156e09750566a42395' ) LIMIT 1   [ RunTime:0.000660s ]

[ 2014-12-21T16:30:15+08:00 ] 127.0.0.1 /thinkphp2/index.php/Home/User/login.html
INFO: [ app_begin ] --START--
INFO: Run Behavior\ReadHtmlCacheBehavior [ RunTime:0.001299s ]
INFO: [ app_begin ] --END-- [ RunTime:0.002376s ]
NOTIC: [8] Undefined variable: username D:\wamp\www\thinkphp2\Application\Home\Controller\UserController.class.php 第 15 行.
SQL: SHOW COLUMNS FROM `tp_user` [ RunTime:0.003922s ]
SQL: SELECT * FROM `tp_user` WHERE ( username='zhouzhou'&&password='748964e0a3e61c156e09750566a42395' ) LIMIT 1   [ RunTime:0.000644s ]

[ 2014-12-21T16:30:31+08:00 ] 127.0.0.1 /thinkphp2/index.php/Home/User/login.html
INFO: [ app_begin ] --START--
INFO: Run Behavior\ReadHtmlCacheBehavior [ RunTime:0.001279s ]
INFO: [ app_begin ] --END-- [ RunTime:0.002192s ]
NOTIC: [8] Undefined variable: username D:\wamp\www\thinkphp2\Application\Home\Controller\UserController.class.php 第 15 行.
SQL: SHOW COLUMNS FROM `tp_user` [ RunTime:0.038441s ]
SQL: SELECT * FROM `tp_user` WHERE ( username='zhouzhou'&&password='748964e0a3e61c156e09750566a42395' ) LIMIT 1   [ RunTime:0.000807s ]

[ 2014-12-21T16:30:31+08:00 ] 127.0.0.1 /thinkphp2/index.php/Home/User/login.html
INFO: [ app_begin ] --START--
INFO: Run Behavior\ReadHtmlCacheBehavior [ RunTime:0.001224s ]
INFO: [ app_begin ] --END-- [ RunTime:0.001992s ]
NOTIC: [8] Undefined variable: username D:\wamp\www\thinkphp2\Application\Home\Controller\UserController.class.php 第 15 行.
SQL: SHOW COLUMNS FROM `tp_user` [ RunTime:0.004045s ]
SQL: SELECT * FROM `tp_user` WHERE ( username='zhouzhou'&&password='748964e0a3e61c156e09750566a42395' ) LIMIT 1   [ RunTime:0.000656s ]

[ 2014-12-21T16:30:31+08:00 ] 127.0.0.1 /thinkphp2/index.php/Home/User/login.html
INFO: [ app_begin ] --START--
INFO: Run Behavior\ReadHtmlCacheBehavior [ RunTime:0.001204s ]
INFO: [ app_begin ] --END-- [ RunTime:0.001947s ]
NOTIC: [8] Undefined variable: username D:\wamp\www\thinkphp2\Application\Home\Controller\UserController.class.php 第 15 行.
SQL: SHOW COLUMNS FROM `tp_user` [ RunTime:0.004575s ]
SQL: SELECT * FROM `tp_user` WHERE ( username='zhouzhou'&&password='748964e0a3e61c156e09750566a42395' ) LIMIT 1   [ RunTime:0.000746s ]

[ 2014-12-21T16:30:32+08:00 ] 127.0.0.1 /thinkphp2/index.php/Home/User/login.html
INFO: [ app_begin ] --START--
INFO: Run Behavior\ReadHtmlCacheBehavior [ RunTime:0.001355s ]
INFO: [ app_begin ] --END-- [ RunTime:0.002219s ]
NOTIC: [8] Undefined variable: username D:\wamp\www\thinkphp2\Application\Home\Controller\UserController.class.php 第 15 行.
SQL: SHOW COLUMNS FROM `tp_user` [ RunTime:0.003926s ]
SQL: SELECT * FROM `tp_user` WHERE ( username='zhouzhou'&&password='748964e0a3e61c156e09750566a42395' ) LIMIT 1   [ RunTime:0.000679s ]

[ 2014-12-21T16:30:39+08:00 ] 127.0.0.1 /thinkphp2/index.php/Home/User/login.html
INFO: [ app_begin ] --START--
INFO: Run Behavior\ReadHtmlCacheBehavior [ RunTime:0.001603s ]
INFO: [ app_begin ] --END-- [ RunTime:0.002662s ]
NOTIC: [8] Undefined variable: username D:\wamp\www\thinkphp2\Application\Home\Controller\UserController.class.php 第 15 行.
SQL: SHOW COLUMNS FROM `tp_user` [ RunTime:0.003670s ]
SQL: SELECT * FROM `tp_user` WHERE ( username='zhouzhou'&&password='748964e0a3e61c156e09750566a42395' ) LIMIT 1   [ RunTime:0.000579s ]

[ 2014-12-21T16:31:22+08:00 ] 127.0.0.1 /thinkphp2/index.php/Home/User/login.html
INFO: [ app_begin ] --START--
INFO: Run Behavior\ReadHtmlCacheBehavior [ RunTime:0.001837s ]
INFO: [ app_begin ] --END-- [ RunTime:0.002910s ]
NOTIC: [8] Undefined variable: username D:\wamp\www\thinkphp2\Application\Home\Controller\UserController.class.php 第 15 行.
SQL: SHOW COLUMNS FROM `tp_user` [ RunTime:0.004825s ]
SQL: SELECT * FROM `tp_user` WHERE ( username='zhouzhou'&&password='748964e0a3e61c156e09750566a42395' ) LIMIT 1   [ RunTime:0.000720s ]

[ 2014-12-21T16:31:35+08:00 ] 127.0.0.1 /thinkphp2/index.php/Home/User/login.html
INFO: [ app_begin ] --START--
INFO: Run Behavior\ReadHtmlCacheBehavior [ RunTime:0.001359s ]
INFO: [ app_begin ] --END-- [ RunTime:0.002147s ]
NOTIC: [8] Undefined variable: username D:\wamp\www\thinkphp2\Application\Home\Controller\UserController.class.php 第 15 行.
INFO: [ app_end ] --START--
INFO: Run Behavior\ShowPageTraceBehavior [ RunTime:0.001221s ]
INFO: [ app_end ] --END-- [ RunTime:0.001328s ]

[ 2014-12-21T16:32:09+08:00 ] 127.0.0.1 /thinkphp2/index.php/Home/User/login.html
INFO: [ app_begin ] --START--
INFO: Run Behavior\ReadHtmlCacheBehavior [ RunTime:0.001688s ]
INFO: [ app_begin ] --END-- [ RunTime:0.002653s ]
NOTIC: [8] Undefined variable: username D:\wamp\www\thinkphp2\Application\Home\Controller\UserController.class.php 第 15 行.
INFO: [ app_end ] --START--
INFO: Run Behavior\ShowPageTraceBehavior [ RunTime:0.001368s ]
INFO: [ app_end ] --END-- [ RunTime:0.001503s ]

[ 2014-12-21T16:32:54+08:00 ] 127.0.0.1 /thinkphp2/index.php/Home/User/login.html
INFO: [ app_begin ] --START--
INFO: Run Behavior\ReadHtmlCacheBehavior [ RunTime:0.001686s ]
INFO: [ app_begin ] --END-- [ RunTime:0.002655s ]
NOTIC: [8] Undefined variable: username D:\wamp\www\thinkphp2\Application\Home\Controller\UserController.class.php 第 15 行.
INFO: [ app_end ] --START--
INFO: Run Behavior\ShowPageTraceBehavior [ RunTime:0.001345s ]
INFO: [ app_end ] --END-- [ RunTime:0.001457s ]

[ 2014-12-21T16:33:02+08:00 ] 127.0.0.1 /thinkphp2/index.php/Home/User/login.html
INFO: [ app_begin ] --START--
INFO: Run Behavior\ReadHtmlCacheBehavior [ RunTime:0.001453s ]
INFO: [ app_begin ] --END-- [ RunTime:0.002329s ]
NOTIC: [8] Undefined variable: username D:\wamp\www\thinkphp2\Application\Home\Controller\UserController.class.php 第 15 行.
INFO: [ app_end ] --START--
INFO: Run Behavior\ShowPageTraceBehavior [ RunTime:0.001427s ]
INFO: [ app_end ] --END-- [ RunTime:0.001573s ]

[ 2014-12-21T16:33:10+08:00 ] 127.0.0.1 /thinkphp2/index.php/Home/User/login.html
INFO: [ app_begin ] --START--
INFO: Run Behavior\ReadHtmlCacheBehavior [ RunTime:0.001493s ]
INFO: [ app_begin ] --END-- [ RunTime:0.002391s ]
NOTIC: [8] Undefined variable: username D:\wamp\www\thinkphp2\Application\Home\Controller\UserController.class.php 第 15 行.
INFO: [ app_end ] --START--
INFO: Run Behavior\ShowPageTraceBehavior [ RunTime:0.001517s ]
INFO: [ app_end ] --END-- [ RunTime:0.001645s ]

[ 2014-12-21T16:33:13+08:00 ] 127.0.0.1 /thinkphp2/index.php/Home/User/login.html
INFO: [ app_begin ] --START--
INFO: Run Behavior\ReadHtmlCacheBehavior [ RunTime:0.001300s ]
INFO: [ app_begin ] --END-- [ RunTime:0.002078s ]
NOTIC: [8] Undefined variable: username D:\wamp\www\thinkphp2\Application\Home\Controller\UserController.class.php 第 15 行.
INFO: [ app_end ] --START--
INFO: Run Behavior\ShowPageTraceBehavior [ RunTime:0.001656s ]
INFO: [ app_end ] --END-- [ RunTime:0.001814s ]

[ 2014-12-21T16:33:34+08:00 ] 127.0.0.1 /thinkphp2/index.php/Home/User/login.html
INFO: [ app_begin ] --START--
INFO: Run Behavior\ReadHtmlCacheBehavior [ RunTime:0.001194s ]
INFO: [ app_begin ] --END-- [ RunTime:0.001938s ]
NOTIC: [8] Undefined variable: username D:\wamp\www\thinkphp2\Application\Home\Controller\UserController.class.php 第 15 行.
INFO: [ app_end ] --START--
INFO: Run Behavior\ShowPageTraceBehavior [ RunTime:0.001454s ]
INFO: [ app_end ] --END-- [ RunTime:0.001567s ]

[ 2014-12-21T16:33:47+08:00 ] 127.0.0.1 /thinkphp2/index.php/Home/User/login.html
INFO: [ app_begin ] --START--
INFO: Run Behavior\ReadHtmlCacheBehavior [ RunTime:0.001310s ]
INFO: [ app_begin ] --END-- [ RunTime:0.002048s ]
NOTIC: [8] Undefined variable: username D:\wamp\www\thinkphp2\Application\Home\Controller\UserController.class.php 第 15 行.
INFO: [ app_end ] --START--
INFO: Run Behavior\ShowPageTraceBehavior [ RunTime:0.001585s ]
INFO: [ app_end ] --END-- [ RunTime:0.001709s ]

[ 2014-12-21T16:35:00+08:00 ] 127.0.0.1 /thinkphp2/index.php/Home/User/login.html
INFO: [ app_begin ] --START--
INFO: Run Behavior\ReadHtmlCacheBehavior [ RunTime:0.001071s ]
INFO: [ app_begin ] --END-- [ RunTime:0.001861s ]
NOTIC: [8] Undefined variable: username D:\wamp\www\thinkphp2\Application\Home\Controller\UserController.class.php 第 15 行.
SQL: SHOW COLUMNS FROM `tp_user` [ RunTime:0.003958s ]
SQL: SELECT * FROM `tp_user` WHERE ( username='zhouzhou'&&password='748964e0a3e61c156e09750566a42395' ) LIMIT 1   [ RunTime:0.000685s ]

[ 2014-12-21T16:35:09+08:00 ] 127.0.0.1 /thinkphp2/index.php/Home/User/login.html
INFO: [ app_begin ] --START--
INFO: Run Behavior\ReadHtmlCacheBehavior [ RunTime:0.001380s ]
INFO: [ app_begin ] --END-- [ RunTime:0.002448s ]
NOTIC: [8] Undefined variable: username D:\wamp\www\thinkphp2\Application\Home\Controller\UserController.class.php 第 15 行.
SQL: SHOW COLUMNS FROM `tp_user` [ RunTime:0.003747s ]
SQL: SELECT * FROM `tp_user` WHERE ( username='zhouzhou'&&password='748964e0a3e61c156e09750566a42395' ) LIMIT 1   [ RunTime:0.000652s ]

[ 2014-12-21T16:35:11+08:00 ] 127.0.0.1 /thinkphp2/index.php/Home/User/login.html
INFO: [ app_begin ] --START--
INFO: Run Behavior\ReadHtmlCacheBehavior [ RunTime:0.001086s ]
INFO: [ app_begin ] --END-- [ RunTime:0.001903s ]
NOTIC: [8] Undefined variable: username D:\wamp\www\thinkphp2\Application\Home\Controller\UserController.class.php 第 15 行.
SQL: SHOW COLUMNS FROM `tp_user` [ RunTime:0.003944s ]
SQL: SELECT * FROM `tp_user` WHERE ( username='zhouzhou'&&password='748964e0a3e61c156e09750566a42395' ) LIMIT 1   [ RunTime:0.000730s ]

[ 2014-12-21T16:35:11+08:00 ] 127.0.0.1 /thinkphp2/index.php/Home/User/login.html
INFO: [ app_begin ] --START--
INFO: Run Behavior\ReadHtmlCacheBehavior [ RunTime:0.001040s ]
INFO: [ app_begin ] --END-- [ RunTime:0.001777s ]
NOTIC: [8] Undefined variable: username D:\wamp\www\thinkphp2\Application\Home\Controller\UserController.class.php 第 15 行.
SQL: SHOW COLUMNS FROM `tp_user` [ RunTime:0.003772s ]
SQL: SELECT * FROM `tp_user` WHERE ( username='zhouzhou'&&password='748964e0a3e61c156e09750566a42395' ) LIMIT 1   [ RunTime:0.000639s ]

[ 2014-12-21T20:14:30+08:00 ] 127.0.0.1 /thinkphp2/index.php/Home/User/login.html
INFO: [ app_begin ] --START--
INFO: Run Behavior\ReadHtmlCacheBehavior [ RunTime:0.001386s ]
INFO: [ app_begin ] --END-- [ RunTime:0.002281s ]
NOTIC: [8] Undefined variable: username D:\wamp\www\thinkphp2\Application\Home\Controller\UserController.class.php 第 14 行.
SQL: SHOW COLUMNS FROM `tp_user` [ RunTime:0.004255s ]
SQL: SELECT * FROM `tp_user` WHERE ( username='zhouzhou'&&password='748964e0a3e61c156e09750566a42395' ) LIMIT 1   [ RunTime:0.000707s ]

[ 2014-12-21T20:15:01+08:00 ] 127.0.0.1 /thinkphp2/index.php/Home/User/login.html
INFO: [ app_begin ] --START--
INFO: Run Behavior\ReadHtmlCacheBehavior [ RunTime:0.001133s ]
INFO: [ app_begin ] --END-- [ RunTime:0.001959s ]
NOTIC: [8] Undefined variable: username D:\wamp\www\thinkphp2\Application\Home\Controller\UserController.class.php 第 14 行.
SQL: SHOW COLUMNS FROM `tp_user` [ RunTime:0.003699s ]
SQL: SELECT * FROM `tp_user` WHERE ( username='zhouzhou'&&password='748964e0a3e61c156e09750566a42395' ) LIMIT 1   [ RunTime:0.000657s ]

[ 2014-12-21T20:19:44+08:00 ] 127.0.0.1 /thinkphp2/index.php/Home/User/login.html
INFO: [ app_begin ] --START--
INFO: Run Behavior\ReadHtmlCacheBehavior [ RunTime:0.001247s ]
INFO: [ app_begin ] --END-- [ RunTime:0.002041s ]
NOTIC: [8] Undefined variable: username D:\wamp\www\thinkphp2\Application\Home\Controller\UserController.class.php 第 14 行.
SQL: SHOW COLUMNS FROM `tp_user` [ RunTime:0.003915s ]
SQL: SELECT * FROM `tp_user` WHERE ( username='zhouzhou'&&password='748964e0a3e61c156e09750566a42395' ) LIMIT 1   [ RunTime:0.000720s ]

[ 2014-12-21T20:41:51+08:00 ] 127.0.0.1 /thinkphp2/index.php/Home/User/login.html
INFO: [ app_begin ] --START--
INFO: Run Behavior\ReadHtmlCacheBehavior [ RunTime:0.001201s ]
INFO: [ app_begin ] --END-- [ RunTime:0.001956s ]
NOTIC: [8] Use of undefined constant username - assumed 'username' D:\wamp\www\thinkphp2\Application\Home\Controller\UserController.class.php 第 12 行.
NOTIC: [8] Use of undefined constant username - assumed 'username' D:\wamp\www\thinkphp2\Application\Home\Controller\UserController.class.php 第 12 行.
NOTIC: [8] Use of undefined constant username - assumed 'username' D:\wamp\www\thinkphp2\Application\Home\Controller\UserController.class.php 第 15 行.
SQL: SHOW COLUMNS FROM `tp_user` [ RunTime:0.003789s ]
SQL: SELECT * FROM `tp_user` WHERE ( username='zhouzhou'&&password='748964e0a3e61c156e09750566a42395' ) LIMIT 1   [ RunTime:0.000725s ]

[ 2014-12-21T20:44:34+08:00 ] 127.0.0.1 /thinkphp2/index.php/Home/User/login.html
INFO: [ app_begin ] --START--
INFO: Run Behavior\ReadHtmlCacheBehavior [ RunTime:0.001015s ]
INFO: [ app_begin ] --END-- [ RunTime:0.001835s ]
NOTIC: [8] Use of undefined constant username - assumed 'username' D:\wamp\www\thinkphp2\Application\Home\Controller\UserController.class.php 第 15 行.
NOTIC: [8] Undefined variable: username D:\wamp\www\thinkphp2\Application\Home\Controller\UserController.class.php 第 16 行.
SQL: SHOW COLUMNS FROM `tp_user` [ RunTime:0.004308s ]
SQL: SELECT * FROM `tp_user` WHERE ( username='zhouzhou'&&password='748964e0a3e61c156e09750566a42395' ) LIMIT 1   [ RunTime:0.000717s ]

[ 2014-12-21T20:46:35+08:00 ] 127.0.0.1 /thinkphp2/index.php/Home/User/login.html
INFO: [ app_begin ] --START--
INFO: Run Behavior\ReadHtmlCacheBehavior [ RunTime:0.001220s ]
INFO: [ app_begin ] --END-- [ RunTime:0.001997s ]
NOTIC: [8] Use of undefined constant username - assumed 'username' D:\wamp\www\thinkphp2\Application\Home\Controller\UserController.class.php 第 15 行.
NOTIC: [8] Undefined variable: username D:\wamp\www\thinkphp2\Application\Home\Controller\UserController.class.php 第 16 行.
SQL: SHOW COLUMNS FROM `tp_user` [ RunTime:0.003801s ]
SQL: SELECT * FROM `tp_user` WHERE ( username='zhouzhou'&&password='748964e0a3e61c156e09750566a42395' ) LIMIT 1   [ RunTime:0.000843s ]

[ 2014-12-21T20:47:37+08:00 ] 127.0.0.1 /thinkphp2/index.php/Home/User/login.html
INFO: [ app_begin ] --START--
INFO: Run Behavior\ReadHtmlCacheBehavior [ RunTime:0.001196s ]
INFO: [ app_begin ] --END-- [ RunTime:0.001944s ]
NOTIC: [8] Use of undefined constant username - assumed 'username' D:\wamp\www\thinkphp2\Application\Home\Controller\UserController.class.php 第 15 行.
NOTIC: [8] Undefined variable: username D:\wamp\www\thinkphp2\Application\Home\Controller\UserController.class.php 第 16 行.
SQL: SHOW COLUMNS FROM `tp_user` [ RunTime:0.003820s ]
SQL: SELECT * FROM `tp_user` WHERE ( username='zhouzhou'&&password='748964e0a3e61c156e09750566a42395' ) LIMIT 1   [ RunTime:0.000710s ]

[ 2014-12-21T20:54:13+08:00 ] 127.0.0.1 /thinkphp2/index.php/Home/User/login.html
INFO: [ app_begin ] --START--
INFO: Run Behavior\ReadHtmlCacheBehavior [ RunTime:0.002977s ]
INFO: [ app_begin ] --END-- [ RunTime:0.004294s ]
NOTIC: [8] Use of undefined constant console - assumed 'console' D:\wamp\www\thinkphp2\Application\Home\Controller\UserController.class.php 第 12 行.
NOTIC: [2] log() expects parameter 1 to be double, string given D:\wamp\www\thinkphp2\Application\Home\Controller\UserController.class.php 第 12 行.
NOTIC: [8] Use of undefined constant username - assumed 'username' D:\wamp\www\thinkphp2\Application\Home\Controller\UserController.class.php 第 16 行.
NOTIC: [8] Undefined variable: username D:\wamp\www\thinkphp2\Application\Home\Controller\UserController.class.php 第 17 行.
SQL: SHOW COLUMNS FROM `tp_user` [ RunTime:0.004357s ]
SQL: SELECT * FROM `tp_user` WHERE ( username='zhouzhou'&&password='748964e0a3e61c156e09750566a42395' ) LIMIT 1   [ RunTime:0.000734s ]

[ 2014-12-21T20:57:23+08:00 ] 127.0.0.1 /thinkphp2/index.php/Home/User/login.html
INFO: [ app_begin ] --START--
INFO: Run Behavior\ReadHtmlCacheBehavior [ RunTime:0.001577s ]
INFO: [ app_begin ] --END-- [ RunTime:0.002460s ]
NOTIC: [8] Use of undefined constant console - assumed 'console' D:\wamp\www\thinkphp2\Application\Home\Controller\UserController.class.php 第 12 行.
NOTIC: [2] log() expects parameter 1 to be double, string given D:\wamp\www\thinkphp2\Application\Home\Controller\UserController.class.php 第 12 行.
NOTIC: [8] Use of undefined constant username - assumed 'username' D:\wamp\www\thinkphp2\Application\Home\Controller\UserController.class.php 第 16 行.
NOTIC: [8] Undefined variable: username D:\wamp\www\thinkphp2\Application\Home\Controller\UserController.class.php 第 17 行.
SQL: SHOW COLUMNS FROM `tp_user` [ RunTime:0.004180s ]
SQL: SELECT * FROM `tp_user` WHERE ( username='zhouzhou'&&password='9e03fcae9279e66874cefe70461852da' ) LIMIT 1   [ RunTime:0.000739s ]

[ 2014-12-21T20:57:32+08:00 ] 127.0.0.1 /thinkphp2/index.php/Home/User/login.html
INFO: [ app_begin ] --START--
INFO: Run Behavior\ReadHtmlCacheBehavior [ RunTime:0.001296s ]
INFO: [ app_begin ] --END-- [ RunTime:0.001968s ]
NOTIC: [8] Use of undefined constant console - assumed 'console' D:\wamp\www\thinkphp2\Application\Home\Controller\UserController.class.php 第 12 行.
NOTIC: [2] log() expects parameter 1 to be double, string given D:\wamp\www\thinkphp2\Application\Home\Controller\UserController.class.php 第 12 行.
NOTIC: [8] Use of undefined constant username - assumed 'username' D:\wamp\www\thinkphp2\Application\Home\Controller\UserController.class.php 第 16 行.
NOTIC: [8] Undefined variable: username D:\wamp\www\thinkphp2\Application\Home\Controller\UserController.class.php 第 17 行.
SQL: SHOW COLUMNS FROM `tp_user` [ RunTime:0.003657s ]
SQL: SELECT * FROM `tp_user` WHERE ( username='zhouzhou'&&password='9e03fcae9279e66874cefe70461852da' ) LIMIT 1   [ RunTime:0.000667s ]

[ 2014-12-21T20:57:47+08:00 ] 127.0.0.1 /thinkphp2/index.php/Home/User/login.html
INFO: [ app_begin ] --START--
INFO: Run Behavior\ReadHtmlCacheBehavior [ RunTime:0.001689s ]
INFO: [ app_begin ] --END-- [ RunTime:0.002508s ]
NOTIC: [8] Use of undefined constant console - assumed 'console' D:\wamp\www\thinkphp2\Application\Home\Controller\UserController.class.php 第 12 行.
NOTIC: [2] log() expects parameter 1 to be double, string given D:\wamp\www\thinkphp2\Application\Home\Controller\UserController.class.php 第 12 行.
NOTIC: [8] Use of undefined constant username - assumed 'username' D:\wamp\www\thinkphp2\Application\Home\Controller\UserController.class.php 第 16 行.
NOTIC: [8] Undefined variable: username D:\wamp\www\thinkphp2\Application\Home\Controller\UserController.class.php 第 17 行.
SQL: SHOW COLUMNS FROM `tp_user` [ RunTime:0.003724s ]
SQL: SELECT * FROM `tp_user` WHERE ( username='zhouzhou'&&password='748964e0a3e61c156e09750566a42395' ) LIMIT 1   [ RunTime:0.000630s ]

[ 2014-12-21T21:02:16+08:00 ] 127.0.0.1 /thinkphp2/index.php/Home/User/login.html
INFO: [ app_begin ] --START--
INFO: Run Behavior\ReadHtmlCacheBehavior [ RunTime:0.001205s ]
INFO: [ app_begin ] --END-- [ RunTime:0.001973s ]
NOTIC: [8] Use of undefined constant username - assumed 'username' D:\wamp\www\thinkphp2\Application\Home\Controller\UserController.class.php 第 15 行.
SQL: SHOW COLUMNS FROM `tp_user` [ RunTime:0.003778s ]
SQL: SELECT * FROM `tp_user` WHERE ( username='zhouzhou'&&password='748964e0a3e61c156e09750566a42395' ) LIMIT 1   [ RunTime:0.000678s ]

[ 2014-12-21T21:02:26+08:00 ] 127.0.0.1 /thinkphp2/index.php/Home/User/login.html
INFO: [ app_begin ] --START--
INFO: Run Behavior\ReadHtmlCacheBehavior [ RunTime:0.001906s ]
INFO: [ app_begin ] --END-- [ RunTime:0.002771s ]
NOTIC: [8] Use of undefined constant username - assumed 'username' D:\wamp\www\thinkphp2\Application\Home\Controller\UserController.class.php 第 15 行.
SQL: SHOW COLUMNS FROM `tp_user` [ RunTime:0.003642s ]
SQL: SELECT * FROM `tp_user` WHERE ( username='zhouzhou'&&password='748964e0a3e61c156e09750566a42395' ) LIMIT 1   [ RunTime:0.000661s ]

[ 2014-12-21T21:31:20+08:00 ] 127.0.0.1 /thinkphp2/index.php/Home/User/login.html
INFO: [ app_begin ] --START--
INFO: Run Behavior\ReadHtmlCacheBehavior [ RunTime:0.001161s ]
INFO: [ app_begin ] --END-- [ RunTime:0.001945s ]
NOTIC: [8] Use of undefined constant username - assumed 'username' D:\wamp\www\thinkphp2\Application\Home\Controller\UserController.class.php 第 15 行.
SQL: SHOW COLUMNS FROM `tp_user` [ RunTime:0.004254s ]
SQL: SELECT * FROM `tp_user` WHERE ( username='zhouzhou'&&password='748964e0a3e61c156e09750566a42395' ) LIMIT 1   [ RunTime:0.000777s ]

[ 2014-12-21T22:25:22+08:00 ] 127.0.0.1 /thinkphp2/index.php/Home/User/login.html
INFO: [ app_begin ] --START--
INFO: Run Behavior\ReadHtmlCacheBehavior [ RunTime:0.001427s ]
INFO: [ app_begin ] --END-- [ RunTime:0.002317s ]
NOTIC: [8] Use of undefined constant username - assumed 'username' D:\wamp\www\thinkphp2\Application\Home\Controller\UserController.class.php 第 15 行.
SQL: SHOW COLUMNS FROM `tp_user` [ RunTime:0.004209s ]
SQL: SELECT * FROM `tp_user` WHERE ( username='zhouzhou'&&password='748964e0a3e61c156e09750566a42395' ) LIMIT 1   [ RunTime:0.000746s ]

[ 2014-12-21T22:27:52+08:00 ] 127.0.0.1 /thinkphp2/index.php/Home/User/login.html
INFO: [ app_begin ] --START--
INFO: Run Behavior\ReadHtmlCacheBehavior [ RunTime:0.001318s ]
INFO: [ app_begin ] --END-- [ RunTime:0.002042s ]
NOTIC: [8] Use of undefined constant username - assumed 'username' D:\wamp\www\thinkphp2\Application\Home\Controller\UserController.class.php 第 15 行.
SQL: SHOW COLUMNS FROM `tp_user` [ RunTime:0.004794s ]
SQL: SELECT * FROM `tp_user` WHERE ( username='zhouzhou'&&password='748964e0a3e61c156e09750566a42395' ) LIMIT 1   [ RunTime:0.000681s ]

