[ 2014-11-17T11:16:45+08:00 ] 127.0.0.1 /thinkphp2/index.php/Home/User/:U('Home/User/login')%7D
ERR: 非法操作::U('Home

[ 2014-11-17T11:20:58+08:00 ] 127.0.0.1 /thinkphp2/index.php/Home/User/:U('Home/User/login')%7D
ERR: 非法操作::U('Home

[ 2014-11-17T11:23:57+08:00 ] 127.0.0.1 /thinkphp2/index.php/Home/User/:U('Home/User/login')%7D
INFO: [ app_begin ] --START--
INFO: Run Behavior\ReadHtmlCacheBehavior [ RunTime:0.002151s ]
INFO: [ app_begin ] --END-- [ RunTime:0.003222s ]
ERR: 非法操作::U('Home

[ 2014-11-17T11:23:57+08:00 ] 127.0.0.1 /thinkphp2/index.php/Home/User/:U('Home/User/login')%7D
INFO: [ app_begin ] --START--
INFO: Run Behavior\ReadHtmlCacheBehavior [ RunTime:0.001610s ]
INFO: [ app_begin ] --END-- [ RunTime:0.002486s ]
ERR: 非法操作::U('Home

[ 2014-11-17T11:23:58+08:00 ] 127.0.0.1 /thinkphp2/index.php/Home/User/:U('Home/User/login')%7D
INFO: [ app_begin ] --START--
INFO: Run Behavior\ReadHtmlCacheBehavior [ RunTime:0.002200s ]
INFO: [ app_begin ] --END-- [ RunTime:0.003472s ]
ERR: 非法操作::U('Home

[ 2014-11-17T11:23:58+08:00 ] 127.0.0.1 /thinkphp2/index.php/Home/User/:U('Home/User/login')%7D
INFO: [ app_begin ] --START--
INFO: Run Behavior\ReadHtmlCacheBehavior [ RunTime:0.001653s ]
INFO: [ app_begin ] --END-- [ RunTime:0.002526s ]
ERR: 非法操作::U('Home

[ 2014-11-17T11:23:59+08:00 ] 127.0.0.1 /thinkphp2/index.php/Home/User/:U('Home/User/login')%7D
INFO: [ app_begin ] --START--
INFO: Run Behavior\ReadHtmlCacheBehavior [ RunTime:0.001897s ]
INFO: [ app_begin ] --END-- [ RunTime:0.003211s ]
ERR: 非法操作::U('Home

[ 2014-11-17T11:24:00+08:00 ] 127.0.0.1 /thinkphp2/index.php/Home/User/:U('Home/User/login')%7D
INFO: [ app_begin ] --START--
INFO: Run Behavior\ReadHtmlCacheBehavior [ RunTime:0.002613s ]
INFO: [ app_begin ] --END-- [ RunTime:0.003790s ]
ERR: 非法操作::U('Home

[ 2014-11-17T11:24:04+08:00 ] 127.0.0.1 /thinkphp2/index.php/Home/User/:U('Home/User/login')%7D
INFO: [ app_begin ] --START--
INFO: Run Behavior\ReadHtmlCacheBehavior [ RunTime:0.002387s ]
INFO: [ app_begin ] --END-- [ RunTime:0.003630s ]
ERR: 非法操作::U('Home

[ 2014-11-17T11:25:03+08:00 ] 127.0.0.1 /thinkphp2/index.php/Home/User/:U('Home/User/login')%7D
INFO: [ app_begin ] --START--
INFO: Run Behavior\ReadHtmlCacheBehavior [ RunTime:0.001481s ]
INFO: [ app_begin ] --END-- [ RunTime:0.002366s ]
ERR: 非法操作::U('Home

[ 2014-11-17T11:29:41+08:00 ] 127.0.0.1 /thinkphp2/index.php/Home/User/:U('Home/User/login')%7D
INFO: [ app_begin ] --START--
INFO: Run Behavior\ReadHtmlCacheBehavior [ RunTime:0.002027s ]
INFO: [ app_begin ] --END-- [ RunTime:0.003114s ]
ERR: 非法操作::U('Home

[ 2014-11-17T11:29:42+08:00 ] 127.0.0.1 /thinkphp2/index.php/Home/User/:U('Home/User/login')%7D
INFO: [ app_begin ] --START--
INFO: Run Behavior\ReadHtmlCacheBehavior [ RunTime:0.001634s ]
INFO: [ app_begin ] --END-- [ RunTime:0.002849s ]
ERR: 非法操作::U('Home

[ 2014-11-17T11:31:46+08:00 ] 127.0.0.1 /thinkphp2/index.php/Home/User/:U('Home/User/login')%7D
INFO: [ app_begin ] --START--
INFO: Run Behavior\ReadHtmlCacheBehavior [ RunTime:0.001909s ]
INFO: [ app_begin ] --END-- [ RunTime:0.003129s ]
ERR: 非法操作::U('Home

[ 2014-11-17T11:37:50+08:00 ] 127.0.0.1 /thinkphp2/index.php/Home/User/register.html
INFO: [ app_begin ] --START--
INFO: Run Behavior\ReadHtmlCacheBehavior [ RunTime:0.002265s ]
INFO: [ app_begin ] --END-- [ RunTime:0.003576s ]
SQL: SHOW COLUMNS FROM `tp_user` [ RunTime:0.006619s ]
SQL: SELECT * FROM `tp_user` WHERE ( username='zhouzhou' )  [ RunTime:0.000647s ]
SQL: SHOW COLUMNS FROM `tp_user` [ RunTime:0.006328s ]
SQL: INSERT INTO `tp_user` (`username`,`password`,`ip`,`last_time`) VALUES ('zhouzhou','748964e0a3e61c156e09750566a42395','127.0.0.1',1416195470) [ RunTime:0.073662s ]

[ 2014-11-17T11:42:53+08:00 ] 127.0.0.1 /thinkphp2/index.php/Home/User/:U('Home/User/login')%7D
INFO: [ app_begin ] --START--
INFO: Run Behavior\ReadHtmlCacheBehavior [ RunTime:0.001462s ]
INFO: [ app_begin ] --END-- [ RunTime:0.002276s ]
ERR: 非法操作::U('Home

[ 2014-11-17T11:49:03+08:00 ] 127.0.0.1 /thinkphp2/index.php/Home/User/:U('Home/User/login')%7D
INFO: [ app_begin ] --START--
INFO: Run Behavior\ReadHtmlCacheBehavior [ RunTime:0.001414s ]
INFO: [ app_begin ] --END-- [ RunTime:0.002535s ]
ERR: 非法操作::U('Home

[ 2014-11-17T11:49:04+08:00 ] 127.0.0.1 /thinkphp2/index.php/Home/User/:U('Home/User/login')%7D
INFO: [ app_begin ] --START--
INFO: Run Behavior\ReadHtmlCacheBehavior [ RunTime:0.001365s ]
INFO: [ app_begin ] --END-- [ RunTime:0.002326s ]
ERR: 非法操作::U('Home

[ 2014-11-17T11:51:03+08:00 ] 127.0.0.1 /thinkphp2/index.php/Home/User/:U('Home/User/login')%7D
INFO: [ app_begin ] --START--
INFO: Run Behavior\ReadHtmlCacheBehavior [ RunTime:0.001430s ]
INFO: [ app_begin ] --END-- [ RunTime:0.002273s ]
ERR: 非法操作::U('Home

[ 2014-11-17T11:52:00+08:00 ] 127.0.0.1 /thinkphp2/index.php/Home/User/:U('Home/User/login')%7D
INFO: [ app_begin ] --START--
INFO: Run Behavior\ReadHtmlCacheBehavior [ RunTime:0.001583s ]
INFO: [ app_begin ] --END-- [ RunTime:0.002464s ]
ERR: 非法操作::U('Home

[ 2014-11-17T11:52:53+08:00 ] 127.0.0.1 /thinkphp2/index.php/Home/User/:U('Home/User/login')%7D
INFO: [ app_begin ] --START--
INFO: Run Behavior\ReadHtmlCacheBehavior [ RunTime:0.001637s ]
INFO: [ app_begin ] --END-- [ RunTime:0.002641s ]
ERR: 非法操作::U('Home

[ 2014-11-17T11:56:56+08:00 ] 127.0.0.1 /thinkphp2/index.php/Home/User/:U('Home/User/login')%7D
INFO: [ app_begin ] --START--
INFO: Run Behavior\ReadHtmlCacheBehavior [ RunTime:0.002070s ]
INFO: [ app_begin ] --END-- [ RunTime:0.003325s ]
ERR: 非法操作::U('Home

[ 2014-11-17T11:57:06+08:00 ] 127.0.0.1 /thinkphp2/index.php/Home/User/:U('Home/User/login')%7D
INFO: [ app_begin ] --START--
INFO: Run Behavior\ReadHtmlCacheBehavior [ RunTime:0.001684s ]
INFO: [ app_begin ] --END-- [ RunTime:0.002672s ]
ERR: 非法操作::U('Home

[ 2014-11-17T12:03:20+08:00 ] 127.0.0.1 /thinkphp2/index.php/Home/User/:U('Home/User/login')%7D
INFO: [ app_begin ] --START--
INFO: Run Behavior\ReadHtmlCacheBehavior [ RunTime:0.001521s ]
INFO: [ app_begin ] --END-- [ RunTime:0.002402s ]
ERR: 非法操作::U('Home

[ 2014-11-17T12:05:24+08:00 ] 127.0.0.1 /thinkphp2/index.php/Home/User/:U('Home/User/login')%7D
INFO: [ app_begin ] --START--
INFO: Run Behavior\ReadHtmlCacheBehavior [ RunTime:0.001885s ]
INFO: [ app_begin ] --END-- [ RunTime:0.003156s ]
ERR: 非法操作::U('Home

[ 2014-11-17T12:05:31+08:00 ] 127.0.0.1 /thinkphp2/index.php/Home/User/:U('Home/User/login')%7D
INFO: [ app_begin ] --START--
INFO: Run Behavior\ReadHtmlCacheBehavior [ RunTime:0.002082s ]
INFO: [ app_begin ] --END-- [ RunTime:0.003312s ]
ERR: 非法操作::U('Home

[ 2014-11-17T12:09:40+08:00 ] 127.0.0.1 /thinkphp2/index.php/Home/User/:U('Home/User/login')%7D
INFO: [ app_begin ] --START--
INFO: Run Behavior\ReadHtmlCacheBehavior [ RunTime:0.001334s ]
INFO: [ app_begin ] --END-- [ RunTime:0.002097s ]
ERR: 非法操作::U('Home

[ 2014-11-17T12:13:18+08:00 ] 127.0.0.1 /thinkphp2/index.php/Home/User/:U('Home/User/login')%7D
INFO: [ app_begin ] --START--
INFO: Run Behavior\ReadHtmlCacheBehavior [ RunTime:0.001097s ]
INFO: [ app_begin ] --END-- [ RunTime:0.001871s ]
ERR: 非法操作::U('Home

[ 2014-11-17T12:16:36+08:00 ] 127.0.0.1 /thinkphp2/index.php/Home/User/:U('Home/User/login')%7D
INFO: [ app_begin ] --START--
INFO: Run Behavior\ReadHtmlCacheBehavior [ RunTime:0.001126s ]
INFO: [ app_begin ] --END-- [ RunTime:0.001899s ]
ERR: 非法操作::U('Home

[ 2014-11-17T12:21:16+08:00 ] 127.0.0.1 /thinkphp2/index.php/Home/User/:U('Home/User/login')%7D
INFO: [ app_begin ] --START--
INFO: Run Behavior\ReadHtmlCacheBehavior [ RunTime:0.001114s ]
INFO: [ app_begin ] --END-- [ RunTime:0.001891s ]
ERR: 非法操作::U('Home

[ 2014-11-17T12:21:36+08:00 ] 127.0.0.1 /thinkphp2/index.php/Home/User/:U('Home/User/login')%7D
INFO: [ app_begin ] --START--
INFO: Run Behavior\ReadHtmlCacheBehavior [ RunTime:0.001451s ]
INFO: [ app_begin ] --END-- [ RunTime:0.002208s ]
ERR: 非法操作::U('Home

[ 2014-11-17T12:31:10+08:00 ] 127.0.0.1 /thinkphp2/index.php/Home/User/:U('Home/User/login')%7D
INFO: [ app_begin ] --START--
INFO: Run Behavior\ReadHtmlCacheBehavior [ RunTime:0.001334s ]
INFO: [ app_begin ] --END-- [ RunTime:0.002198s ]
ERR: 非法操作::U('Home

[ 2014-11-17T12:37:04+08:00 ] 127.0.0.1 /thinkphp2/index.php/Home/User/:U('Home/User/login')%7D
INFO: [ app_begin ] --START--
INFO: Run Behavior\ReadHtmlCacheBehavior [ RunTime:0.001701s ]
INFO: [ app_begin ] --END-- [ RunTime:0.002816s ]
ERR: 非法操作::U('Home

[ 2014-11-17T12:37:14+08:00 ] 127.0.0.1 /thinkphp2/index.php/Home/User/:U('Home/User/login')%7D
ERR: 非法操作::U('Home

[ 2014-11-17T12:37:37+08:00 ] 127.0.0.1 /thinkphp2/index.php/Home/User/:U('Home/User/login')%7D
ERR: 非法操作::U('Home

[ 2014-11-17T12:37:45+08:00 ] 127.0.0.1 /thinkphp2/index.php/Home/User/login.html
INFO: [ app_begin ] --START--
INFO: Run Behavior\ReadHtmlCacheBehavior [ RunTime:0.001133s ]
INFO: [ app_begin ] --END-- [ RunTime:0.001893s ]
NOTIC: [8] Use of undefined constant console - assumed 'console' D:\wamp\www\thinkphp2\Application\Home\Controller\UserController.class.php 第 11 行.
NOTIC: [2] log() expects parameter 1 to be double, array given D:\wamp\www\thinkphp2\Application\Home\Controller\UserController.class.php 第 11 行.
SQL: SHOW COLUMNS FROM `tp_user` [ RunTime:0.008021s ]
NOTIC: [8] Undefined index: userpwd D:\wamp\www\thinkphp2\Application\Home\Controller\UserController.class.php 第 12 行.

[ 2014-11-17T12:38:27+08:00 ] 127.0.0.1 /thinkphp2/index.php/Home/User/login.html
INFO: [ app_begin ] --START--
INFO: Run Behavior\ReadHtmlCacheBehavior [ RunTime:0.002101s ]
INFO: [ app_begin ] --END-- [ RunTime:0.002957s ]
NOTIC: [8] Use of undefined constant console - assumed 'console' D:\wamp\www\thinkphp2\Application\Home\Controller\UserController.class.php 第 11 行.
NOTIC: [2] log() expects parameter 1 to be double, array given D:\wamp\www\thinkphp2\Application\Home\Controller\UserController.class.php 第 11 行.
SQL: SHOW COLUMNS FROM `tp_user` [ RunTime:0.007012s ]
NOTIC: [8] Undefined index: userpwd D:\wamp\www\thinkphp2\Application\Home\Controller\UserController.class.php 第 12 行.

[ 2014-11-17T12:38:29+08:00 ] 127.0.0.1 /thinkphp2/index.php/Home/User/login.html
INFO: [ app_begin ] --START--
INFO: Run Behavior\ReadHtmlCacheBehavior [ RunTime:0.001446s ]
INFO: [ app_begin ] --END-- [ RunTime:0.002362s ]
NOTIC: [8] Use of undefined constant console - assumed 'console' D:\wamp\www\thinkphp2\Application\Home\Controller\UserController.class.php 第 11 行.
NOTIC: [2] log() expects parameter 1 to be double, array given D:\wamp\www\thinkphp2\Application\Home\Controller\UserController.class.php 第 11 行.
SQL: SHOW COLUMNS FROM `tp_user` [ RunTime:0.007138s ]
NOTIC: [8] Undefined index: userpwd D:\wamp\www\thinkphp2\Application\Home\Controller\UserController.class.php 第 12 行.

[ 2014-11-17T12:38:29+08:00 ] 127.0.0.1 /thinkphp2/index.php/Home/User/login.html
INFO: [ app_begin ] --START--
INFO: Run Behavior\ReadHtmlCacheBehavior [ RunTime:0.002065s ]
INFO: [ app_begin ] --END-- [ RunTime:0.003354s ]
NOTIC: [8] Use of undefined constant console - assumed 'console' D:\wamp\www\thinkphp2\Application\Home\Controller\UserController.class.php 第 11 行.
NOTIC: [2] log() expects parameter 1 to be double, array given D:\wamp\www\thinkphp2\Application\Home\Controller\UserController.class.php 第 11 行.
SQL: SHOW COLUMNS FROM `tp_user` [ RunTime:0.007943s ]
NOTIC: [8] Undefined index: userpwd D:\wamp\www\thinkphp2\Application\Home\Controller\UserController.class.php 第 12 行.

[ 2014-11-17T12:38:37+08:00 ] 127.0.0.1 /thinkphp2/index.php/Home/User/login.html
INFO: [ app_begin ] --START--
INFO: Run Behavior\ReadHtmlCacheBehavior [ RunTime:0.001370s ]
INFO: [ app_begin ] --END-- [ RunTime:0.002179s ]
NOTIC: [8] Use of undefined constant console - assumed 'console' D:\wamp\www\thinkphp2\Application\Home\Controller\UserController.class.php 第 11 行.
NOTIC: [2] log() expects parameter 1 to be double, array given D:\wamp\www\thinkphp2\Application\Home\Controller\UserController.class.php 第 11 行.
SQL: SHOW COLUMNS FROM `tp_user` [ RunTime:0.006684s ]
NOTIC: [8] Undefined index: userpwd D:\wamp\www\thinkphp2\Application\Home\Controller\UserController.class.php 第 12 行.

[ 2014-11-17T12:45:18+08:00 ] 127.0.0.1 /thinkphp2/index.php/Home/User/login.html
INFO: [ app_begin ] --START--
INFO: Run Behavior\ReadHtmlCacheBehavior [ RunTime:0.001680s ]
INFO: [ app_begin ] --END-- [ RunTime:0.002888s ]
NOTIC: [8] Use of undefined constant console - assumed 'console' D:\wamp\www\thinkphp2\Application\Home\Controller\UserController.class.php 第 11 行.
NOTIC: [2] log() expects parameter 1 to be double, array given D:\wamp\www\thinkphp2\Application\Home\Controller\UserController.class.php 第 11 行.
SQL: SHOW COLUMNS FROM `tp_user` [ RunTime:0.006490s ]
NOTIC: [8] Undefined index: userpwd D:\wamp\www\thinkphp2\Application\Home\Controller\UserController.class.php 第 12 行.
SQL: SELECT * FROM `tp_user` WHERE ( username='zhouzhou'&& password='d41d8cd98f00b204e9800998ecf8427e' ) LIMIT 1   [ RunTime:0.000638s ]
NOTIC: [8] Undefined variable: getLastSql D:\wamp\www\thinkphp2\Application\Home\Model\UserModel.class.php 第 60 行.

[ 2014-11-17T12:45:55+08:00 ] 127.0.0.1 /thinkphp2/index.php/Home/User/login.html
INFO: [ app_begin ] --START--
INFO: Run Behavior\ReadHtmlCacheBehavior [ RunTime:0.001493s ]
INFO: [ app_begin ] --END-- [ RunTime:0.002537s ]
NOTIC: [8] Use of undefined constant console - assumed 'console' D:\wamp\www\thinkphp2\Application\Home\Controller\UserController.class.php 第 11 行.
NOTIC: [2] log() expects parameter 1 to be double, array given D:\wamp\www\thinkphp2\Application\Home\Controller\UserController.class.php 第 11 行.
SQL: SHOW COLUMNS FROM `tp_user` [ RunTime:0.006830s ]
NOTIC: [8] Undefined index: userpwd D:\wamp\www\thinkphp2\Application\Home\Controller\UserController.class.php 第 12 行.
SQL: SELECT * FROM `tp_user` WHERE ( username='zhouzhou'&& password='d41d8cd98f00b204e9800998ecf8427e' ) LIMIT 1   [ RunTime:0.000605s ]

[ 2014-11-17T12:47:09+08:00 ] 127.0.0.1 /thinkphp2/index.php/Home/User/login.html
INFO: [ app_begin ] --START--
INFO: Run Behavior\ReadHtmlCacheBehavior [ RunTime:0.001321s ]
INFO: [ app_begin ] --END-- [ RunTime:0.002135s ]
NOTIC: [8] Use of undefined constant console - assumed 'console' D:\wamp\www\thinkphp2\Application\Home\Controller\UserController.class.php 第 11 行.
NOTIC: [2] log() expects parameter 1 to be double, array given D:\wamp\www\thinkphp2\Application\Home\Controller\UserController.class.php 第 11 行.
SQL: SHOW COLUMNS FROM `tp_user` [ RunTime:0.007714s ]
NOTIC: [8] Undefined index: userpwd D:\wamp\www\thinkphp2\Application\Home\Controller\UserController.class.php 第 12 行.
NOTIC: [8] Use of undefined constant console - assumed 'console' D:\wamp\www\thinkphp2\Application\Home\Model\UserModel.class.php 第 59 行.
NOTIC: [2] log() expects parameter 1 to be double, string given D:\wamp\www\thinkphp2\Application\Home\Model\UserModel.class.php 第 59 行.
SQL: SELECT * FROM `tp_user` WHERE ( username='zhouzhou'&& password='d41d8cd98f00b204e9800998ecf8427e' ) LIMIT 1   [ RunTime:0.000709s ]

[ 2014-11-17T12:49:59+08:00 ] 127.0.0.1 /thinkphp2/index.php/Home/User/login.html
INFO: [ app_begin ] --START--
INFO: Run Behavior\ReadHtmlCacheBehavior [ RunTime:0.001381s ]
INFO: [ app_begin ] --END-- [ RunTime:0.002528s ]
NOTIC: [8] Use of undefined constant console - assumed 'console' D:\wamp\www\thinkphp2\Application\Home\Controller\UserController.class.php 第 11 行.
NOTIC: [2] log() expects parameter 1 to be double, array given D:\wamp\www\thinkphp2\Application\Home\Controller\UserController.class.php 第 11 行.
SQL: SHOW COLUMNS FROM `tp_user` [ RunTime:0.007400s ]
NOTIC: [8] Undefined index: userpwd D:\wamp\www\thinkphp2\Application\Home\Controller\UserController.class.php 第 12 行.
NOTIC: [8] Use of undefined constant console - assumed 'console' D:\wamp\www\thinkphp2\Application\Home\Model\UserModel.class.php 第 59 行.
NOTIC: [2] log() expects parameter 1 to be double, string given D:\wamp\www\thinkphp2\Application\Home\Model\UserModel.class.php 第 59 行.
SQL: SELECT * FROM `tp_user` WHERE ( username='zhou'&& password='d41d8cd98f00b204e9800998ecf8427e' ) LIMIT 1   [ RunTime:0.000708s ]

[ 2014-11-17T12:51:20+08:00 ] 127.0.0.1 /thinkphp2/index.php/Home/User/login.html
INFO: [ app_begin ] --START--
INFO: Run Behavior\ReadHtmlCacheBehavior [ RunTime:0.001756s ]
INFO: [ app_begin ] --END-- [ RunTime:0.002655s ]
NOTIC: [8] Use of undefined constant console - assumed 'console' D:\wamp\www\thinkphp2\Application\Home\Controller\UserController.class.php 第 11 行.
NOTIC: [2] log() expects parameter 1 to be double, array given D:\wamp\www\thinkphp2\Application\Home\Controller\UserController.class.php 第 11 行.
SQL: SHOW COLUMNS FROM `tp_user` [ RunTime:0.006389s ]
NOTIC: [8] Undefined index: userpwd D:\wamp\www\thinkphp2\Application\Home\Controller\UserController.class.php 第 12 行.
NOTIC: [8] Use of undefined constant console - assumed 'console' D:\wamp\www\thinkphp2\Application\Home\Model\UserModel.class.php 第 59 行.
NOTIC: [2] log() expects parameter 1 to be double, string given D:\wamp\www\thinkphp2\Application\Home\Model\UserModel.class.php 第 59 行.
SQL: SELECT * FROM `tp_user` WHERE ( username='zhou'AND password='d41d8cd98f00b204e9800998ecf8427e' ) LIMIT 1   [ RunTime:0.000651s ]

[ 2014-11-17T12:53:01+08:00 ] 127.0.0.1 /thinkphp2/index.php/Home/User/login.html
INFO: [ app_begin ] --START--
INFO: Run Behavior\ReadHtmlCacheBehavior [ RunTime:0.002075s ]
INFO: [ app_begin ] --END-- [ RunTime:0.003050s ]
NOTIC: [8] Use of undefined constant console - assumed 'console' D:\wamp\www\thinkphp2\Application\Home\Controller\UserController.class.php 第 11 行.
NOTIC: [2] log() expects parameter 1 to be double, array given D:\wamp\www\thinkphp2\Application\Home\Controller\UserController.class.php 第 11 行.
SQL: SHOW COLUMNS FROM `tp_user` [ RunTime:0.006553s ]
NOTIC: [8] Undefined index: userpwd D:\wamp\www\thinkphp2\Application\Home\Controller\UserController.class.php 第 12 行.
NOTIC: [8] Use of undefined constant console - assumed 'console' D:\wamp\www\thinkphp2\Application\Home\Model\UserModel.class.php 第 58 行.
NOTIC: [8] Undefined variable: user_nmae D:\wamp\www\thinkphp2\Application\Home\Model\UserModel.class.php 第 58 行.
NOTIC: [8] Use of undefined constant console - assumed 'console' D:\wamp\www\thinkphp2\Application\Home\Model\UserModel.class.php 第 60 行.
NOTIC: [2] log() expects parameter 1 to be double, string given D:\wamp\www\thinkphp2\Application\Home\Model\UserModel.class.php 第 60 行.
SQL: SELECT * FROM `tp_user` WHERE ( username='zhou'AND password='d41d8cd98f00b204e9800998ecf8427e' ) LIMIT 1   [ RunTime:0.000691s ]

[ 2014-11-17T19:40:36+08:00 ] 127.0.0.1 /thinkphp2/index.php/Home/User/login.html
INFO: [ app_begin ] --START--
INFO: Run Behavior\ReadHtmlCacheBehavior [ RunTime:0.001326s ]
INFO: [ app_begin ] --END-- [ RunTime:0.002169s ]
NOTIC: [8] Use of undefined constant console - assumed 'console' D:\wamp\www\thinkphp2\Application\Home\Controller\UserController.class.php 第 11 行.
NOTIC: [2] log() expects parameter 1 to be double, array given D:\wamp\www\thinkphp2\Application\Home\Controller\UserController.class.php 第 11 行.
SQL: SHOW COLUMNS FROM `tp_user` [ RunTime:0.006463s ]
NOTIC: [8] Undefined index: userpwd D:\wamp\www\thinkphp2\Application\Home\Controller\UserController.class.php 第 12 行.
NOTIC: [8] Use of undefined constant console - assumed 'console' D:\wamp\www\thinkphp2\Application\Home\Model\UserModel.class.php 第 58 行.
NOTIC: [8] Undefined variable: user_nmae D:\wamp\www\thinkphp2\Application\Home\Model\UserModel.class.php 第 58 行.
NOTIC: [8] Use of undefined constant console - assumed 'console' D:\wamp\www\thinkphp2\Application\Home\Model\UserModel.class.php 第 60 行.
NOTIC: [2] log() expects parameter 1 to be double, string given D:\wamp\www\thinkphp2\Application\Home\Model\UserModel.class.php 第 60 行.
SQL: SELECT * FROM `tp_user` WHERE ( username='zhouzhou'AND password='d41d8cd98f00b204e9800998ecf8427e' ) LIMIT 1   [ RunTime:0.000758s ]

[ 2014-11-17T19:40:55+08:00 ] 127.0.0.1 /thinkphp2/index.php/Home/User/login.html
INFO: [ app_begin ] --START--
INFO: Run Behavior\ReadHtmlCacheBehavior [ RunTime:0.001443s ]
INFO: [ app_begin ] --END-- [ RunTime:0.002260s ]
NOTIC: [8] Use of undefined constant console - assumed 'console' D:\wamp\www\thinkphp2\Application\Home\Controller\UserController.class.php 第 11 行.
NOTIC: [2] log() expects parameter 1 to be double, array given D:\wamp\www\thinkphp2\Application\Home\Controller\UserController.class.php 第 11 行.
SQL: SHOW COLUMNS FROM `tp_user` [ RunTime:0.007540s ]
NOTIC: [8] Undefined index: userpwd D:\wamp\www\thinkphp2\Application\Home\Controller\UserController.class.php 第 12 行.
NOTIC: [8] Use of undefined constant console - assumed 'console' D:\wamp\www\thinkphp2\Application\Home\Model\UserModel.class.php 第 58 行.
NOTIC: [8] Undefined variable: user_nmae D:\wamp\www\thinkphp2\Application\Home\Model\UserModel.class.php 第 58 行.
NOTIC: [8] Use of undefined constant console - assumed 'console' D:\wamp\www\thinkphp2\Application\Home\Model\UserModel.class.php 第 60 行.
NOTIC: [2] log() expects parameter 1 to be double, string given D:\wamp\www\thinkphp2\Application\Home\Model\UserModel.class.php 第 60 行.
SQL: SELECT * FROM `tp_user` WHERE ( username='zhou'AND password='d41d8cd98f00b204e9800998ecf8427e' ) LIMIT 1   [ RunTime:0.000672s ]

[ 2014-11-17T19:41:04+08:00 ] 127.0.0.1 /thinkphp2/index.php/Home/User/login.html
INFO: [ app_begin ] --START--
INFO: Run Behavior\ReadHtmlCacheBehavior [ RunTime:0.001738s ]
INFO: [ app_begin ] --END-- [ RunTime:0.002620s ]
NOTIC: [8] Use of undefined constant console - assumed 'console' D:\wamp\www\thinkphp2\Application\Home\Controller\UserController.class.php 第 11 行.
NOTIC: [2] log() expects parameter 1 to be double, array given D:\wamp\www\thinkphp2\Application\Home\Controller\UserController.class.php 第 11 行.
SQL: SHOW COLUMNS FROM `tp_user` [ RunTime:0.006661s ]
NOTIC: [8] Undefined index: userpwd D:\wamp\www\thinkphp2\Application\Home\Controller\UserController.class.php 第 12 行.
NOTIC: [8] Use of undefined constant console - assumed 'console' D:\wamp\www\thinkphp2\Application\Home\Model\UserModel.class.php 第 58 行.
NOTIC: [8] Undefined variable: user_nmae D:\wamp\www\thinkphp2\Application\Home\Model\UserModel.class.php 第 58 行.
NOTIC: [8] Use of undefined constant console - assumed 'console' D:\wamp\www\thinkphp2\Application\Home\Model\UserModel.class.php 第 60 行.
NOTIC: [2] log() expects parameter 1 to be double, string given D:\wamp\www\thinkphp2\Application\Home\Model\UserModel.class.php 第 60 行.
SQL: SELECT * FROM `tp_user` WHERE ( username='zhou'AND password='d41d8cd98f00b204e9800998ecf8427e' ) LIMIT 1   [ RunTime:0.000591s ]

[ 2014-11-17T19:44:29+08:00 ] 127.0.0.1 /thinkphp2/index.php/Home/User/login.html
INFO: [ app_begin ] --START--
INFO: Run Behavior\ReadHtmlCacheBehavior [ RunTime:0.001482s ]
INFO: [ app_begin ] --END-- [ RunTime:0.002303s ]
NOTIC: [8] Use of undefined constant console - assumed 'console' D:\wamp\www\thinkphp2\Application\Home\Controller\UserController.class.php 第 11 行.
NOTIC: [2] log() expects parameter 1 to be double, array given D:\wamp\www\thinkphp2\Application\Home\Controller\UserController.class.php 第 11 行.
SQL: SHOW COLUMNS FROM `tp_user` [ RunTime:0.006358s ]
NOTIC: [8] Undefined index: userpwd D:\wamp\www\thinkphp2\Application\Home\Controller\UserController.class.php 第 12 行.
NOTIC: [8] Use of undefined constant console - assumed 'console' D:\wamp\www\thinkphp2\Application\Home\Model\UserModel.class.php 第 58 行.
NOTIC: [8] Undefined variable: user_nmae D:\wamp\www\thinkphp2\Application\Home\Model\UserModel.class.php 第 58 行.
NOTIC: [8] Use of undefined constant console - assumed 'console' D:\wamp\www\thinkphp2\Application\Home\Model\UserModel.class.php 第 60 行.
NOTIC: [2] log() expects parameter 1 to be double, string given D:\wamp\www\thinkphp2\Application\Home\Model\UserModel.class.php 第 60 行.
SQL: SELECT * FROM `tp_user` WHERE ( username='zhouzhou'AND password='d41d8cd98f00b204e9800998ecf8427e' ) LIMIT 1   [ RunTime:0.000637s ]

[ 2014-11-17T19:48:58+08:00 ] 127.0.0.1 /thinkphp2/index.php/Home/User/login.html
INFO: [ app_begin ] --START--
INFO: Run Behavior\ReadHtmlCacheBehavior [ RunTime:0.002043s ]
INFO: [ app_begin ] --END-- [ RunTime:0.003327s ]
NOTIC: [8] Use of undefined constant console - assumed 'console' D:\wamp\www\thinkphp2\Application\Home\Controller\UserController.class.php 第 11 行.
NOTIC: [2] log() expects parameter 1 to be double, array given D:\wamp\www\thinkphp2\Application\Home\Controller\UserController.class.php 第 11 行.
SQL: SHOW COLUMNS FROM `tp_user` [ RunTime:0.006935s ]
NOTIC: [8] Undefined index: userpwd D:\wamp\www\thinkphp2\Application\Home\Controller\UserController.class.php 第 12 行.
NOTIC: [8] Use of undefined constant console - assumed 'console' D:\wamp\www\thinkphp2\Application\Home\Model\UserModel.class.php 第 58 行.
NOTIC: [2] log() expects parameter 1 to be double, string given D:\wamp\www\thinkphp2\Application\Home\Model\UserModel.class.php 第 58 行.
NOTIC: [8] Use of undefined constant console - assumed 'console' D:\wamp\www\thinkphp2\Application\Home\Model\UserModel.class.php 第 60 行.
NOTIC: [2] log() expects parameter 1 to be double, string given D:\wamp\www\thinkphp2\Application\Home\Model\UserModel.class.php 第 60 行.
SQL: SELECT * FROM `tp_user` WHERE ( username='zhouzhou' ) LIMIT 1   [ RunTime:0.000730s ]

[ 2014-11-17T19:49:53+08:00 ] 127.0.0.1 /thinkphp2/index.php/Home/User/login.html
INFO: [ app_begin ] --START--
INFO: Run Behavior\ReadHtmlCacheBehavior [ RunTime:0.001424s ]
INFO: [ app_begin ] --END-- [ RunTime:0.002424s ]
NOTIC: [8] Use of undefined constant console - assumed 'console' D:\wamp\www\thinkphp2\Application\Home\Controller\UserController.class.php 第 11 行.
NOTIC: [2] log() expects parameter 1 to be double, array given D:\wamp\www\thinkphp2\Application\Home\Controller\UserController.class.php 第 11 行.
SQL: SHOW COLUMNS FROM `tp_user` [ RunTime:0.007124s ]
NOTIC: [8] Undefined index: userpwd D:\wamp\www\thinkphp2\Application\Home\Controller\UserController.class.php 第 12 行.
NOTIC: [8] Use of undefined constant console - assumed 'console' D:\wamp\www\thinkphp2\Application\Home\Model\UserModel.class.php 第 58 行.
NOTIC: [2] log() expects parameter 1 to be double, string given D:\wamp\www\thinkphp2\Application\Home\Model\UserModel.class.php 第 58 行.
NOTIC: [8] Use of undefined constant console - assumed 'console' D:\wamp\www\thinkphp2\Application\Home\Model\UserModel.class.php 第 60 行.
NOTIC: [2] log() expects parameter 1 to be double, string given D:\wamp\www\thinkphp2\Application\Home\Model\UserModel.class.php 第 60 行.
SQL: SELECT * FROM `tp_user` WHERE ( username='zhouzhou' ) LIMIT 1   [ RunTime:0.000601s ]

[ 2014-11-17T19:50:46+08:00 ] 127.0.0.1 /thinkphp2/index.php/Home/User/login.html
INFO: [ app_begin ] --START--
INFO: Run Behavior\ReadHtmlCacheBehavior [ RunTime:0.001163s ]
INFO: [ app_begin ] --END-- [ RunTime:0.001913s ]
NOTIC: [8] Use of undefined constant console - assumed 'console' D:\wamp\www\thinkphp2\Application\Home\Controller\UserController.class.php 第 11 行.
NOTIC: [2] log() expects parameter 1 to be double, array given D:\wamp\www\thinkphp2\Application\Home\Controller\UserController.class.php 第 11 行.
SQL: SHOW COLUMNS FROM `tp_user` [ RunTime:0.006573s ]
NOTIC: [8] Undefined index: userpwd D:\wamp\www\thinkphp2\Application\Home\Controller\UserController.class.php 第 12 行.
NOTIC: [8] Use of undefined constant console - assumed 'console' D:\wamp\www\thinkphp2\Application\Home\Model\UserModel.class.php 第 58 行.
NOTIC: [2] log() expects parameter 1 to be double, string given D:\wamp\www\thinkphp2\Application\Home\Model\UserModel.class.php 第 58 行.
NOTIC: [8] Use of undefined constant console - assumed 'console' D:\wamp\www\thinkphp2\Application\Home\Model\UserModel.class.php 第 60 行.
NOTIC: [2] log() expects parameter 1 to be double, string given D:\wamp\www\thinkphp2\Application\Home\Model\UserModel.class.php 第 60 行.
SQL: SELECT * FROM `tp_user` WHERE ( password='d41d8cd98f00b204e9800998ecf8427e' ) LIMIT 1   [ RunTime:0.000628s ]

[ 2014-11-17T19:57:55+08:00 ] 127.0.0.1 /thinkphp2/index.php/Home/User/login.html
INFO: [ app_begin ] --START--
INFO: Run Behavior\ReadHtmlCacheBehavior [ RunTime:0.001305s ]
INFO: [ app_begin ] --END-- [ RunTime:0.002090s ]
NOTIC: [8] Use of undefined constant console - assumed 'console' D:\wamp\www\thinkphp2\Application\Home\Controller\UserController.class.php 第 12 行.
NOTIC: [2] log() expects parameter 1 to be double, array given D:\wamp\www\thinkphp2\Application\Home\Controller\UserController.class.php 第 12 行.
SQL: SHOW COLUMNS FROM `tp_user` [ RunTime:0.006990s ]
NOTIC: [8] Undefined index: userpwd D:\wamp\www\thinkphp2\Application\Home\Controller\UserController.class.php 第 13 行.
NOTIC: [8] Use of undefined constant console - assumed 'console' D:\wamp\www\thinkphp2\Application\Home\Model\UserModel.class.php 第 58 行.
NOTIC: [2] log() expects parameter 1 to be double, string given D:\wamp\www\thinkphp2\Application\Home\Model\UserModel.class.php 第 58 行.
NOTIC: [8] Use of undefined constant console - assumed 'console' D:\wamp\www\thinkphp2\Application\Home\Model\UserModel.class.php 第 60 行.
NOTIC: [2] log() expects parameter 1 to be double, string given D:\wamp\www\thinkphp2\Application\Home\Model\UserModel.class.php 第 60 行.
SQL: SELECT * FROM `tp_user` WHERE ( password='d41d8cd98f00b204e9800998ecf8427e' ) LIMIT 1   [ RunTime:0.000702s ]

[ 2014-11-17T19:59:14+08:00 ] 127.0.0.1 /thinkphp2/index.php/Home/User/login.html
INFO: [ app_begin ] --START--
INFO: Run Behavior\ReadHtmlCacheBehavior [ RunTime:0.001630s ]
INFO: [ app_begin ] --END-- [ RunTime:0.002807s ]
NOTIC: [8] Use of undefined constant console - assumed 'console' D:\wamp\www\thinkphp2\Application\Home\Controller\UserController.class.php 第 12 行.
NOTIC: [2] log() expects parameter 1 to be double, array given D:\wamp\www\thinkphp2\Application\Home\Controller\UserController.class.php 第 12 行.
SQL: SHOW COLUMNS FROM `tp_user` [ RunTime:0.007929s ]
NOTIC: [8] Undefined index: userpwd D:\wamp\www\thinkphp2\Application\Home\Controller\UserController.class.php 第 13 行.
NOTIC: [8] Use of undefined constant console - assumed 'console' D:\wamp\www\thinkphp2\Application\Home\Model\UserModel.class.php 第 58 行.
NOTIC: [2] log() expects parameter 1 to be double, string given D:\wamp\www\thinkphp2\Application\Home\Model\UserModel.class.php 第 58 行.
NOTIC: [8] Use of undefined constant console - assumed 'console' D:\wamp\www\thinkphp2\Application\Home\Model\UserModel.class.php 第 60 行.
NOTIC: [2] log() expects parameter 1 to be double, string given D:\wamp\www\thinkphp2\Application\Home\Model\UserModel.class.php 第 60 行.
SQL: SELECT * FROM `tp_user` WHERE ( password='d41d8cd98f00b204e9800998ecf8427e' ) LIMIT 1   [ RunTime:0.000748s ]

[ 2014-11-17T19:59:44+08:00 ] 127.0.0.1 /thinkphp2/index.php/Home/User/login.html
INFO: [ app_begin ] --START--
INFO: Run Behavior\ReadHtmlCacheBehavior [ RunTime:0.001655s ]
INFO: [ app_begin ] --END-- [ RunTime:0.002739s ]
NOTIC: [8] Use of undefined constant console - assumed 'console' D:\wamp\www\thinkphp2\Application\Home\Controller\UserController.class.php 第 12 行.
NOTIC: [2] log() expects parameter 1 to be double, array given D:\wamp\www\thinkphp2\Application\Home\Controller\UserController.class.php 第 12 行.
SQL: SHOW COLUMNS FROM `tp_user` [ RunTime:0.006350s ]
NOTIC: [8] Undefined index: userpwd D:\wamp\www\thinkphp2\Application\Home\Controller\UserController.class.php 第 13 行.
NOTIC: [8] Use of undefined constant console - assumed 'console' D:\wamp\www\thinkphp2\Application\Home\Model\UserModel.class.php 第 58 行.
NOTIC: [2] log() expects parameter 1 to be double, string given D:\wamp\www\thinkphp2\Application\Home\Model\UserModel.class.php 第 58 行.
NOTIC: [8] Use of undefined constant console - assumed 'console' D:\wamp\www\thinkphp2\Application\Home\Model\UserModel.class.php 第 60 行.
NOTIC: [2] log() expects parameter 1 to be double, string given D:\wamp\www\thinkphp2\Application\Home\Model\UserModel.class.php 第 60 行.
SQL: SELECT * FROM `tp_user` WHERE ( password='d41d8cd98f00b204e9800998ecf8427e' ) LIMIT 1   [ RunTime:0.000635s ]

