[ 2014-11-21T14:54:35+08:00 ] 127.0.0.1 /thinkphp2/index.php/Home/User/login.html
INFO: [ app_begin ] --START--
INFO: Run Behavior\ReadHtmlCacheBehavior [ RunTime:0.001333s ]
INFO: [ app_begin ] --END-- [ RunTime:0.002122s ]
SQL: SHOW COLUMNS FROM `tp_user` [ RunTime:0.006843s ]
SQL: SELECT * FROM `tp_user` WHERE ( username='zhou'&&password='748964e0a3e61c156e09750566a42395' ) LIMIT 1   [ RunTime:0.000623s ]

[ 2014-11-21T14:54:40+08:00 ] 127.0.0.1 /thinkphp2/index.php/Home/User/login.html
INFO: [ app_begin ] --START--
INFO: Run Behavior\ReadHtmlCacheBehavior [ RunTime:0.001625s ]
INFO: [ app_begin ] --END-- [ RunTime:0.002695s ]
SQL: SHOW COLUMNS FROM `tp_user` [ RunTime:0.006074s ]
SQL: SELECT * FROM `tp_user` WHERE ( username='zhouzhou'&&password='748964e0a3e61c156e09750566a42395' ) LIMIT 1   [ RunTime:0.000578s ]

[ 2014-11-21T14:57:51+08:00 ] 127.0.0.1 /thinkphp2/index.php/Home/User/login.html
INFO: [ app_begin ] --START--
INFO: Run Behavior\ReadHtmlCacheBehavior [ RunTime:0.001933s ]
INFO: [ app_begin ] --END-- [ RunTime:0.003412s ]
SQL: SHOW COLUMNS FROM `tp_user` [ RunTime:0.007173s ]
SQL: SELECT * FROM `tp_user` WHERE ( username='zhouzhou'&&password='748964e0a3e61c156e09750566a42395' ) LIMIT 1   [ RunTime:0.000700s ]

[ 2014-11-21T14:57:52+08:00 ] 127.0.0.1 /thinkphp2/index.php/Home/User/login.html
INFO: [ app_begin ] --START--
INFO: Run Behavior\ReadHtmlCacheBehavior [ RunTime:0.001646s ]
INFO: [ app_begin ] --END-- [ RunTime:0.002577s ]
SQL: SHOW COLUMNS FROM `tp_user` [ RunTime:0.006916s ]
SQL: SELECT * FROM `tp_user` WHERE ( username='zhouzhou'&&password='748964e0a3e61c156e09750566a42395' ) LIMIT 1   [ RunTime:0.000711s ]

[ 2014-11-21T14:57:58+08:00 ] 127.0.0.1 /thinkphp2/index.php/Home/User/login.html
INFO: [ app_begin ] --START--
INFO: Run Behavior\ReadHtmlCacheBehavior [ RunTime:0.001957s ]
INFO: [ app_begin ] --END-- [ RunTime:0.003223s ]
SQL: SHOW COLUMNS FROM `tp_user` [ RunTime:0.006871s ]
SQL: SELECT * FROM `tp_user` WHERE ( username='zhouzhou'&&password='748964e0a3e61c156e09750566a42395' ) LIMIT 1   [ RunTime:0.000699s ]

[ 2014-11-21T15:07:26+08:00 ] 127.0.0.1 /thinkphp2/index.php/Home/User/login.html
INFO: [ app_begin ] --START--
INFO: Run Behavior\ReadHtmlCacheBehavior [ RunTime:0.001352s ]
INFO: [ app_begin ] --END-- [ RunTime:0.002204s ]
SQL: SHOW COLUMNS FROM `tp_user` [ RunTime:0.007373s ]
SQL: SELECT * FROM `tp_user` WHERE ( username='zhouzhou'&&password='748964e0a3e61c156e09750566a42395' ) LIMIT 1   [ RunTime:0.000634s ]

[ 2014-11-21T15:07:34+08:00 ] 127.0.0.1 /thinkphp2/index.php/Home/User/login.html
INFO: [ app_begin ] --START--
INFO: Run Behavior\ReadHtmlCacheBehavior [ RunTime:0.001344s ]
INFO: [ app_begin ] --END-- [ RunTime:0.002316s ]
SQL: SHOW COLUMNS FROM `tp_user` [ RunTime:0.007960s ]
SQL: SELECT * FROM `tp_user` WHERE ( username='zhou'&&password='748964e0a3e61c156e09750566a42395' ) LIMIT 1   [ RunTime:0.000675s ]

[ 2014-11-21T15:20:14+08:00 ] 127.0.0.1 /thinkphp2/index.php/Home/User/login.html
INFO: [ app_begin ] --START--
INFO: Run Behavior\ReadHtmlCacheBehavior [ RunTime:0.001365s ]
INFO: [ app_begin ] --END-- [ RunTime:0.002379s ]
SQL: SHOW COLUMNS FROM `tp_user` [ RunTime:0.008577s ]
SQL: SELECT * FROM `tp_user` WHERE ( username='zhou'&&password='748964e0a3e61c156e09750566a42395' ) LIMIT 1   [ RunTime:0.000836s ]

[ 2014-11-21T15:20:38+08:00 ] 127.0.0.1 /thinkphp2/index.php/Home/User/login.html
INFO: [ app_begin ] --START--
INFO: Run Behavior\ReadHtmlCacheBehavior [ RunTime:0.001092s ]
INFO: [ app_begin ] --END-- [ RunTime:0.001808s ]
SQL: SHOW COLUMNS FROM `tp_user` [ RunTime:0.006345s ]
SQL: SELECT * FROM `tp_user` WHERE ( username='zhou'&&password='b6d767d2f8ed5d21a44b0e5886680cb9' ) LIMIT 1   [ RunTime:0.000684s ]

[ 2014-11-21T15:21:51+08:00 ] 127.0.0.1 /thinkphp2/index.php/Home/User/login.html
INFO: [ app_begin ] --START--
INFO: Run Behavior\ReadHtmlCacheBehavior [ RunTime:0.001383s ]
INFO: [ app_begin ] --END-- [ RunTime:0.002256s ]
SQL: SHOW COLUMNS FROM `tp_user` [ RunTime:0.006499s ]
SQL: SELECT * FROM `tp_user` WHERE ( username='zhozhou'&&password='de77e68263cd19b4468e088e65eeba84' ) LIMIT 1   [ RunTime:0.000671s ]

[ 2014-11-21T15:21:57+08:00 ] 127.0.0.1 /thinkphp2/index.php/Home/User/login.html
INFO: [ app_begin ] --START--
INFO: Run Behavior\ReadHtmlCacheBehavior [ RunTime:0.001259s ]
INFO: [ app_begin ] --END-- [ RunTime:0.002206s ]
SQL: SHOW COLUMNS FROM `tp_user` [ RunTime:0.006299s ]
SQL: SELECT * FROM `tp_user` WHERE ( username='zhozhou'&&password='748964e0a3e61c156e09750566a42395' ) LIMIT 1   [ RunTime:0.000638s ]

[ 2014-11-21T15:22:02+08:00 ] 127.0.0.1 /thinkphp2/index.php/Home/User/login.html
INFO: [ app_begin ] --START--
INFO: Run Behavior\ReadHtmlCacheBehavior [ RunTime:0.001184s ]
INFO: [ app_begin ] --END-- [ RunTime:0.001964s ]
SQL: SHOW COLUMNS FROM `tp_user` [ RunTime:0.006715s ]
SQL: SELECT * FROM `tp_user` WHERE ( username='zhozhou'&&password='748964e0a3e61c156e09750566a42395' ) LIMIT 1   [ RunTime:0.000740s ]

[ 2014-11-21T15:22:38+08:00 ] 127.0.0.1 /thinkphp2/index.php/Home/User/login.html
INFO: [ app_begin ] --START--
INFO: Run Behavior\ReadHtmlCacheBehavior [ RunTime:0.001674s ]
INFO: [ app_begin ] --END-- [ RunTime:0.002772s ]
SQL: SHOW COLUMNS FROM `tp_user` [ RunTime:0.008259s ]
SQL: SELECT * FROM `tp_user` WHERE ( username='zhouzhou'&&password='748964e0a3e61c156e09750566a42395' ) LIMIT 1   [ RunTime:0.000760s ]

[ 2014-11-21T15:22:42+08:00 ] 127.0.0.1 /thinkphp2/index.php/Home/User/login.html
INFO: [ app_begin ] --START--
INFO: Run Behavior\ReadHtmlCacheBehavior [ RunTime:0.001272s ]
INFO: [ app_begin ] --END-- [ RunTime:0.002060s ]
SQL: SHOW COLUMNS FROM `tp_user` [ RunTime:0.006268s ]
SQL: SELECT * FROM `tp_user` WHERE ( username='zhouzhou'&&password='596a1e31a708963771085355fa1980d5' ) LIMIT 1   [ RunTime:0.000629s ]

[ 2014-11-21T15:23:48+08:00 ] 127.0.0.1 /thinkphp2/index.php/Home/User/login.html
INFO: [ app_begin ] --START--
INFO: Run Behavior\ReadHtmlCacheBehavior [ RunTime:0.001132s ]
INFO: [ app_begin ] --END-- [ RunTime:0.001914s ]
SQL: SHOW COLUMNS FROM `tp_user` [ RunTime:0.006609s ]
SQL: SELECT * FROM `tp_user` WHERE ( username='aaa'&&password='0cc175b9c0f1b6a831c399e269772661' ) LIMIT 1   [ RunTime:0.000672s ]

[ 2014-11-21T15:23:55+08:00 ] 127.0.0.1 /thinkphp2/index.php/Home/User/login.html
INFO: [ app_begin ] --START--
INFO: Run Behavior\ReadHtmlCacheBehavior [ RunTime:0.001370s ]
INFO: [ app_begin ] --END-- [ RunTime:0.002236s ]
SQL: SHOW COLUMNS FROM `tp_user` [ RunTime:0.006371s ]
SQL: SELECT * FROM `tp_user` WHERE ( username='zhouzhou'&&password='748964e0a3e61c156e09750566a42395' ) LIMIT 1   [ RunTime:0.000604s ]

[ 2014-11-21T15:23:56+08:00 ] 127.0.0.1 /thinkphp2/index.php/Home/User/login.html
INFO: [ app_begin ] --START--
INFO: Run Behavior\ReadHtmlCacheBehavior [ RunTime:0.001055s ]
INFO: [ app_begin ] --END-- [ RunTime:0.001818s ]
SQL: SHOW COLUMNS FROM `tp_user` [ RunTime:0.006292s ]
SQL: SELECT * FROM `tp_user` WHERE ( username='zhouzhou'&&password='748964e0a3e61c156e09750566a42395' ) LIMIT 1   [ RunTime:0.000625s ]

[ 2014-11-21T15:23:56+08:00 ] 127.0.0.1 /thinkphp2/index.php/Home/User/login.html
INFO: [ app_begin ] --START--
INFO: Run Behavior\ReadHtmlCacheBehavior [ RunTime:0.001320s ]
INFO: [ app_begin ] --END-- [ RunTime:0.002138s ]
SQL: SHOW COLUMNS FROM `tp_user` [ RunTime:0.006537s ]
SQL: SELECT * FROM `tp_user` WHERE ( username='zhouzhou'&&password='748964e0a3e61c156e09750566a42395' ) LIMIT 1   [ RunTime:0.000586s ]

[ 2014-11-21T15:23:56+08:00 ] 127.0.0.1 /thinkphp2/index.php/Home/User/login.html
INFO: [ app_begin ] --START--
INFO: Run Behavior\ReadHtmlCacheBehavior [ RunTime:0.001095s ]
INFO: [ app_begin ] --END-- [ RunTime:0.001898s ]
SQL: SHOW COLUMNS FROM `tp_user` [ RunTime:0.008512s ]
SQL: SELECT * FROM `tp_user` WHERE ( username='zhouzhou'&&password='748964e0a3e61c156e09750566a42395' ) LIMIT 1   [ RunTime:0.000747s ]

[ 2014-11-21T15:24:24+08:00 ] 127.0.0.1 /thinkphp2/index.php/Home/User/login.html
INFO: [ app_begin ] --START--
INFO: Run Behavior\ReadHtmlCacheBehavior [ RunTime:0.001768s ]
INFO: [ app_begin ] --END-- [ RunTime:0.002918s ]
SQL: SHOW COLUMNS FROM `tp_user` [ RunTime:0.007855s ]
SQL: SELECT * FROM `tp_user` WHERE ( username='zhouzhou'&&password='748964e0a3e61c156e09750566a42395' ) LIMIT 1   [ RunTime:0.000693s ]

[ 2014-11-21T15:25:47+08:00 ] 127.0.0.1 /thinkphp2/index.php/Home/User/login.html
INFO: [ app_begin ] --START--
INFO: Run Behavior\ReadHtmlCacheBehavior [ RunTime:0.001663s ]
INFO: [ app_begin ] --END-- [ RunTime:0.002744s ]
SQL: SHOW COLUMNS FROM `tp_user` [ RunTime:0.006818s ]
SQL: SELECT * FROM `tp_user` WHERE ( username='zz'&&password='fbade9e36a3f36d3d676c1b808451dd7' ) LIMIT 1   [ RunTime:0.000911s ]

[ 2014-11-21T15:26:23+08:00 ] 127.0.0.1 /thinkphp2/index.php/Home/User/login.html
INFO: [ app_begin ] --START--
INFO: Run Behavior\ReadHtmlCacheBehavior [ RunTime:0.001429s ]
INFO: [ app_begin ] --END-- [ RunTime:0.002242s ]
SQL: SHOW COLUMNS FROM `tp_user` [ RunTime:0.006807s ]
SQL: SELECT * FROM `tp_user` WHERE ( username='s'&&password='03c7c0ace395d80182db07ae2c30f034' ) LIMIT 1   [ RunTime:0.000758s ]

[ 2014-11-21T15:26:33+08:00 ] 127.0.0.1 /thinkphp2/index.php/Home/User/login.html
INFO: [ app_begin ] --START--
INFO: Run Behavior\ReadHtmlCacheBehavior [ RunTime:0.001088s ]
INFO: [ app_begin ] --END-- [ RunTime:0.001818s ]
SQL: SHOW COLUMNS FROM `tp_user` [ RunTime:0.007206s ]
SQL: SELECT * FROM `tp_user` WHERE ( username='aaa'&&password='0cc175b9c0f1b6a831c399e269772661' ) LIMIT 1   [ RunTime:0.000660s ]

[ 2014-11-21T15:26:54+08:00 ] 127.0.0.1 /thinkphp2/index.php/Home/User/login.html
INFO: [ app_begin ] --START--
INFO: Run Behavior\ReadHtmlCacheBehavior [ RunTime:0.001182s ]
INFO: [ app_begin ] --END-- [ RunTime:0.002122s ]
SQL: SHOW COLUMNS FROM `tp_user` [ RunTime:0.006640s ]
SQL: SELECT * FROM `tp_user` WHERE ( username='zhouzhou'&&password='748964e0a3e61c156e09750566a42395' ) LIMIT 1   [ RunTime:0.000658s ]

[ 2014-11-21T15:27:28+08:00 ] 127.0.0.1 /thinkphp2/index.php/Home/User/login.html
INFO: [ app_begin ] --START--
INFO: Run Behavior\ReadHtmlCacheBehavior [ RunTime:0.001102s ]
INFO: [ app_begin ] --END-- [ RunTime:0.001843s ]
SQL: SHOW COLUMNS FROM `tp_user` [ RunTime:0.006656s ]
SQL: SELECT * FROM `tp_user` WHERE ( username='zhouzhou'&&password='748964e0a3e61c156e09750566a42395' ) LIMIT 1   [ RunTime:0.000646s ]

[ 2014-11-21T15:32:44+08:00 ] 127.0.0.1 /thinkphp2/index.php/Home/User/register.html
INFO: [ app_begin ] --START--
INFO: Run Behavior\ReadHtmlCacheBehavior [ RunTime:0.002037s ]
INFO: [ app_begin ] --END-- [ RunTime:0.003353s ]
SQL: SHOW COLUMNS FROM `tp_user` [ RunTime:0.006702s ]
SQL: SELECT * FROM `tp_user` WHERE `username` = 'aaaaa' LIMIT 1   [ RunTime:0.000703s ]

[ 2014-11-21T15:32:58+08:00 ] 127.0.0.1 /thinkphp2/index.php/Home/User/register.html
INFO: [ app_begin ] --START--
INFO: Run Behavior\ReadHtmlCacheBehavior [ RunTime:0.001333s ]
INFO: [ app_begin ] --END-- [ RunTime:0.002123s ]
SQL: SHOW COLUMNS FROM `tp_user` [ RunTime:0.006682s ]
SQL: SELECT * FROM `tp_user` WHERE `username` = 'wwwwwwwwwwww' LIMIT 1   [ RunTime:0.000660s ]
SQL: INSERT INTO `tp_user` (`username`,`password`,`ip`,`last_time`) VALUES ('wwwwwwwwwwww','e635159463480ac9e76f4bd7b4bba0d1','127.0.0.1',1416555177) [ RunTime:0.096778s ]

[ 2014-11-21T15:46:23+08:00 ] 127.0.0.1 /thinkphp2/index.php/Home/User/-Article-verify
ERR: 非法操作:-Article-verify

[ 2014-11-21T15:46:23+08:00 ] 127.0.0.1 /thinkphp2/index.php/Home/User/-Article-verify
ERR: 非法操作:-Article-verify

[ 2014-11-21T15:46:25+08:00 ] 127.0.0.1 /thinkphp2/index.php/Home/User/-Article/verify/1416555985376
ERR: 非法操作:-Article

[ 2014-11-21T15:46:25+08:00 ] 127.0.0.1 /thinkphp2/index.php/Home/User/-Article/verify/1416555985686
ERR: 非法操作:-Article

[ 2014-11-21T15:46:25+08:00 ] 127.0.0.1 /thinkphp2/index.php/Home/User/-Article/verify/1416555985958
ERR: 非法操作:-Article

[ 2014-11-21T15:46:55+08:00 ] 127.0.0.1 /thinkphp2/index.php/Home/User/-Article-verify
ERR: 非法操作:-Article-verify

[ 2014-11-21T15:46:55+08:00 ] 127.0.0.1 /thinkphp2/index.php/Home/User/-Article/verify/1416555985376
ERR: 非法操作:-Article

[ 2014-11-21T15:46:55+08:00 ] 127.0.0.1 /thinkphp2/index.php/Home/User/-Article/verify/1416555985686
ERR: 非法操作:-Article

[ 2014-11-21T15:46:57+08:00 ] 127.0.0.1 /thinkphp2/index.php/Home/User/-Article/verify/1416555985686
ERR: 非法操作:-Article

[ 2014-11-21T15:46:57+08:00 ] 127.0.0.1 /thinkphp2/index.php/Home/User/-Article/verify/1416555985376
ERR: 非法操作:-Article

[ 2014-11-21T15:46:57+08:00 ] 127.0.0.1 /thinkphp2/index.php/Home/User/-Article-verify
ERR: 非法操作:-Article-verify

[ 2014-11-21T16:05:37+08:00 ] 127.0.0.1 /thinkphp2/index.php/Home/User/-Article-verify
ERR: 非法操作:-Article-verify

[ 2014-11-21T16:05:37+08:00 ] 127.0.0.1 /thinkphp2/index.php/Home/User/-Article/verify/1416555985686
ERR: 非法操作:-Article

[ 2014-11-21T16:05:37+08:00 ] 127.0.0.1 /thinkphp2/index.php/Home/User/-Article/verify/1416555985376
ERR: 非法操作:-Article

[ 2014-11-21T16:06:23+08:00 ] 127.0.0.1 /thinkphp2/index.php/Home/User/-Article-verify
ERR: 非法操作:-Article-verify

[ 2014-11-21T16:06:23+08:00 ] 127.0.0.1 /thinkphp2/index.php/Home/User/-Article-verify
ERR: 非法操作:-Article-verify

[ 2014-11-21T16:06:24+08:00 ] 127.0.0.1 /thinkphp2/index.php/Home/User/-Article-verify
ERR: 非法操作:-Article-verify

[ 2014-11-21T16:06:43+08:00 ] 127.0.0.1 /thinkphp2/index.php/Home/User/-Article-verify
ERR: 非法操作:-Article-verify

[ 2014-11-21T16:07:00+08:00 ] 127.0.0.1 /thinkphp2/index.php/Home/User/-Article-verify
ERR: 非法操作:-Article-verify

[ 2014-11-21T16:23:46+08:00 ] 127.0.0.1 /thinkphp2/index.php/Home/User/verify
ERR: 非法操作:verify

[ 2014-11-21T16:23:46+08:00 ] 127.0.0.1 /thinkphp2/index.php/Home/User/verify
ERR: 非法操作:verify

[ 2014-11-21T16:24:35+08:00 ] 127.0.0.1 /thinkphp2/index.php/Home/User/verify
ERR: 非法操作:verify

[ 2014-11-21T16:24:37+08:00 ] 127.0.0.1 /thinkphp2/index.php/Home/User/verify
ERR: 非法操作:verify

[ 2014-11-21T16:25:35+08:00 ] 127.0.0.1 /thinkphp2/index.php/Home/User/verify
ERR: 非法操作:verify

[ 2014-11-21T16:34:13+08:00 ] 127.0.0.1 /thinkphp2/index.php/Home/User/-Article/verify/1416558852959
ERR: 非法操作:-Article

[ 2014-11-21T16:36:15+08:00 ] 127.0.0.1 /thinkphp2/index.php/Home/User/-Article/verify/1416558975237
ERR: 非法操作:-Article

[ 2014-11-21T16:38:56+08:00 ] 127.0.0.1 /thinkphp2/index.php/Home/User/verify.html1416559136117
ERR: 非法操作:verify.html1416559136117

[ 2014-11-21T16:38:57+08:00 ] 127.0.0.1 /thinkphp2/index.php/Home/User/verify.html1416559137149
ERR: 非法操作:verify.html1416559137149

[ 2014-11-21T16:38:57+08:00 ] 127.0.0.1 /thinkphp2/index.php/Home/User/verify.html1416559137523
ERR: 非法操作:verify.html1416559137523

[ 2014-11-21T16:38:57+08:00 ] 127.0.0.1 /thinkphp2/index.php/Home/User/verify.html1416559137691
ERR: 非法操作:verify.html1416559137691

[ 2014-11-21T16:38:57+08:00 ] 127.0.0.1 /thinkphp2/index.php/Home/User/verify.html1416559137804
ERR: 非法操作:verify.html1416559137804

[ 2014-11-21T16:40:41+08:00 ] 127.0.0.1 /thinkphp2/index.php/Home/User/verify.html1416559241090
ERR: 非法操作:verify.html1416559241090

[ 2014-11-21T16:40:42+08:00 ] 127.0.0.1 /thinkphp2/index.php/Home/User/verify.html1416559241993
ERR: 非法操作:verify.html1416559241993

[ 2014-11-21T16:40:42+08:00 ] 127.0.0.1 /thinkphp2/index.php/Home/User/verify.html1416559242161
ERR: 非法操作:verify.html1416559242161

[ 2014-11-21T16:40:44+08:00 ] 127.0.0.1 /thinkphp2/index.php/Home/User/verify.html1416559244394
ERR: 非法操作:verify.html1416559244394

[ 2014-11-21T16:41:00+08:00 ] 127.0.0.1 /thinkphp2/index.php/Home/User/verify.html1416559259962
ERR: 非法操作:verify.html1416559259962

[ 2014-11-21T16:44:42+08:00 ] 127.0.0.1 /thinkphp2/index.php/Home/User/verify.html1416559482224
ERR: 非法操作:verify.html1416559482224

[ 2014-11-21T16:46:38+08:00 ] 127.0.0.1 /thinkphp2/index.php/Home/User/verify.html1416559598071
ERR: 非法操作:verify.html1416559598071

[ 2014-11-21T16:52:40+08:00 ] 127.0.0.1 /thinkphp2/index.php/Home/User/register.html
INFO: [ app_begin ] --START--
INFO: Run Behavior\ReadHtmlCacheBehavior [ RunTime:0.001508s ]
INFO: [ app_begin ] --END-- [ RunTime:0.002338s ]
SQL: SHOW COLUMNS FROM `tp_user` [ RunTime:0.006710s ]

[ 2014-11-21T16:58:12+08:00 ] 127.0.0.1 /thinkphp2/index.php/Home/User/register.html
INFO: [ app_begin ] --START--
INFO: Run Behavior\ReadHtmlCacheBehavior [ RunTime:0.001362s ]
INFO: [ app_begin ] --END-- [ RunTime:0.002187s ]
SQL: SHOW COLUMNS FROM `tp_user` [ RunTime:0.007903s ]

[ 2014-11-21T17:06:42+08:00 ] 127.0.0.1 /thinkphp2/index.php/Home/User/register.html
INFO: [ app_begin ] --START--
INFO: Run Behavior\ReadHtmlCacheBehavior [ RunTime:0.001803s ]
INFO: [ app_begin ] --END-- [ RunTime:0.002967s ]
SQL: SHOW COLUMNS FROM `tp_user` [ RunTime:0.006627s ]
SQL: SELECT * FROM `tp_user` WHERE `username` = 'zhouzhouzhou' LIMIT 1   [ RunTime:0.000762s ]
SQL: INSERT INTO `tp_user` (`username`,`password`,`ip`,`last_time`) VALUES ('zhouzhouzhou','748964e0a3e61c156e09750566a42395','127.0.0.1',1416560802) [ RunTime:0.110817s ]

[ 2014-11-21T17:11:21+08:00 ] 127.0.0.1 /thinkphp2/index.php/Home/User/register.html
INFO: [ app_begin ] --START--
INFO: Run Behavior\ReadHtmlCacheBehavior [ RunTime:0.001294s ]
INFO: [ app_begin ] --END-- [ RunTime:0.002134s ]
SQL: SHOW COLUMNS FROM `tp_user` [ RunTime:0.007451s ]
SQL: SELECT * FROM `tp_user` WHERE `username` = 'zhouzhouzhou' LIMIT 1   [ RunTime:0.000817s ]

[ 2014-11-21T17:11:49+08:00 ] 127.0.0.1 /thinkphp2/index.php/Home/User/login.html
INFO: [ app_begin ] --START--
INFO: Run Behavior\ReadHtmlCacheBehavior [ RunTime:0.001949s ]
INFO: [ app_begin ] --END-- [ RunTime:0.002956s ]
SQL: SHOW COLUMNS FROM `tp_user` [ RunTime:0.007539s ]
SQL: SELECT * FROM `tp_user` WHERE ( username='zhouzhou'&&password='748964e0a3e61c156e09750566a42395' ) LIMIT 1   [ RunTime:0.000801s ]

[ 2014-11-21T17:12:10+08:00 ] 127.0.0.1 /thinkphp2/index.php/Home/User/login.html
INFO: [ app_begin ] --START--
INFO: Run Behavior\ReadHtmlCacheBehavior [ RunTime:0.002034s ]
INFO: [ app_begin ] --END-- [ RunTime:0.003313s ]
SQL: SHOW COLUMNS FROM `tp_user` [ RunTime:0.006757s ]
SQL: SELECT * FROM `tp_user` WHERE ( username='zhouzhou'&&password='748964e0a3e61c156e09750566a42395' ) LIMIT 1   [ RunTime:0.000634s ]

[ 2014-11-21T17:12:12+08:00 ] 127.0.0.1 /thinkphp2/index.php/Home/User/login.html
INFO: [ app_begin ] --START--
INFO: Run Behavior\ReadHtmlCacheBehavior [ RunTime:0.001107s ]
INFO: [ app_begin ] --END-- [ RunTime:0.001913s ]
SQL: SHOW COLUMNS FROM `tp_user` [ RunTime:0.007976s ]
SQL: SELECT * FROM `tp_user` WHERE ( username='zhouzhou'&&password='748964e0a3e61c156e09750566a42395' ) LIMIT 1   [ RunTime:0.000662s ]

[ 2014-11-21T17:12:12+08:00 ] 127.0.0.1 /thinkphp2/index.php/Home/User/login.html
INFO: [ app_begin ] --START--
INFO: Run Behavior\ReadHtmlCacheBehavior [ RunTime:0.001149s ]
INFO: [ app_begin ] --END-- [ RunTime:0.001930s ]
SQL: SHOW COLUMNS FROM `tp_user` [ RunTime:0.007377s ]
SQL: SELECT * FROM `tp_user` WHERE ( username='zhouzhou'&&password='748964e0a3e61c156e09750566a42395' ) LIMIT 1   [ RunTime:0.000610s ]

[ 2014-11-21T17:12:12+08:00 ] 127.0.0.1 /thinkphp2/index.php/Home/User/login.html
INFO: [ app_begin ] --START--
INFO: Run Behavior\ReadHtmlCacheBehavior [ RunTime:0.001147s ]
INFO: [ app_begin ] --END-- [ RunTime:0.001955s ]
SQL: SHOW COLUMNS FROM `tp_user` [ RunTime:0.009962s ]
SQL: SELECT * FROM `tp_user` WHERE ( username='zhouzhou'&&password='748964e0a3e61c156e09750566a42395' ) LIMIT 1   [ RunTime:0.000860s ]

[ 2014-11-21T17:18:14+08:00 ] 127.0.0.1 /thinkphp2/index.php/Home/User/login.html
INFO: [ app_begin ] --START--
INFO: Run Behavior\ReadHtmlCacheBehavior [ RunTime:0.001089s ]
INFO: [ app_begin ] --END-- [ RunTime:0.001888s ]
SQL: SHOW COLUMNS FROM `tp_user` [ RunTime:0.007955s ]
SQL: SELECT * FROM `tp_user` WHERE ( username='zhouzhou'&&password='748964e0a3e61c156e09750566a42395' ) LIMIT 1   [ RunTime:0.000717s ]

[ 2014-11-21T17:18:20+08:00 ] 127.0.0.1 /thinkphp2/index.php/Home/User/login.html
INFO: [ app_begin ] --START--
INFO: Run Behavior\ReadHtmlCacheBehavior [ RunTime:0.001656s ]
INFO: [ app_begin ] --END-- [ RunTime:0.002611s ]
SQL: SHOW COLUMNS FROM `tp_user` [ RunTime:0.006659s ]
SQL: SELECT * FROM `tp_user` WHERE ( username='zhouzhou'&&password='748964e0a3e61c156e09750566a42395' ) LIMIT 1   [ RunTime:0.000662s ]

[ 2014-11-21T17:18:21+08:00 ] 127.0.0.1 /thinkphp2/index.php/Home/User/login.html
INFO: [ app_begin ] --START--
INFO: Run Behavior\ReadHtmlCacheBehavior [ RunTime:0.001074s ]
INFO: [ app_begin ] --END-- [ RunTime:0.001815s ]
SQL: SHOW COLUMNS FROM `tp_user` [ RunTime:0.007290s ]
SQL: SELECT * FROM `tp_user` WHERE ( username='zhouzhou'&&password='748964e0a3e61c156e09750566a42395' ) LIMIT 1   [ RunTime:0.000662s ]

[ 2014-11-21T17:18:21+08:00 ] 127.0.0.1 /thinkphp2/index.php/Home/User/login.html
INFO: [ app_begin ] --START--
INFO: Run Behavior\ReadHtmlCacheBehavior [ RunTime:0.001628s ]
INFO: [ app_begin ] --END-- [ RunTime:0.002670s ]
SQL: SHOW COLUMNS FROM `tp_user` [ RunTime:0.007616s ]
SQL: SELECT * FROM `tp_user` WHERE ( username='zhouzhou'&&password='748964e0a3e61c156e09750566a42395' ) LIMIT 1   [ RunTime:0.000706s ]

[ 2014-11-21T17:18:22+08:00 ] 127.0.0.1 /thinkphp2/index.php/Home/User/login.html
INFO: [ app_begin ] --START--
INFO: Run Behavior\ReadHtmlCacheBehavior [ RunTime:0.001745s ]
INFO: [ app_begin ] --END-- [ RunTime:0.002938s ]
SQL: SHOW COLUMNS FROM `tp_user` [ RunTime:0.006462s ]
SQL: SELECT * FROM `tp_user` WHERE ( username='zhouzhou'&&password='748964e0a3e61c156e09750566a42395' ) LIMIT 1   [ RunTime:0.000853s ]

[ 2014-11-21T17:18:22+08:00 ] 127.0.0.1 /thinkphp2/index.php/Home/User/login.html
INFO: [ app_begin ] --START--
INFO: Run Behavior\ReadHtmlCacheBehavior [ RunTime:0.001058s ]
INFO: [ app_begin ] --END-- [ RunTime:0.001782s ]
SQL: SHOW COLUMNS FROM `tp_user` [ RunTime:0.006444s ]
SQL: SELECT * FROM `tp_user` WHERE ( username='zhouzhou'&&password='748964e0a3e61c156e09750566a42395' ) LIMIT 1   [ RunTime:0.000821s ]

[ 2014-11-21T17:18:22+08:00 ] 127.0.0.1 /thinkphp2/index.php/Home/User/login.html
INFO: [ app_begin ] --START--
INFO: Run Behavior\ReadHtmlCacheBehavior [ RunTime:0.001266s ]
INFO: [ app_begin ] --END-- [ RunTime:0.002040s ]
SQL: SHOW COLUMNS FROM `tp_user` [ RunTime:0.006710s ]
SQL: SELECT * FROM `tp_user` WHERE ( username='zhouzhou'&&password='748964e0a3e61c156e09750566a42395' ) LIMIT 1   [ RunTime:0.000630s ]

[ 2014-11-21T17:18:22+08:00 ] 127.0.0.1 /thinkphp2/index.php/Home/User/login.html
INFO: [ app_begin ] --START--
INFO: Run Behavior\ReadHtmlCacheBehavior [ RunTime:0.001737s ]
INFO: [ app_begin ] --END-- [ RunTime:0.002562s ]
SQL: SHOW COLUMNS FROM `tp_user` [ RunTime:0.006673s ]
SQL: SELECT * FROM `tp_user` WHERE ( username='zhouzhou'&&password='748964e0a3e61c156e09750566a42395' ) LIMIT 1   [ RunTime:0.000748s ]

[ 2014-11-21T17:18:22+08:00 ] 127.0.0.1 /thinkphp2/index.php/Home/User/login.html
INFO: [ app_begin ] --START--
INFO: Run Behavior\ReadHtmlCacheBehavior [ RunTime:0.001140s ]
INFO: [ app_begin ] --END-- [ RunTime:0.001926s ]
SQL: SHOW COLUMNS FROM `tp_user` [ RunTime:0.006587s ]
SQL: SELECT * FROM `tp_user` WHERE ( username='zhouzhou'&&password='748964e0a3e61c156e09750566a42395' ) LIMIT 1   [ RunTime:0.000703s ]

[ 2014-11-21T17:18:25+08:00 ] 127.0.0.1 /thinkphp2/index.php/Home/User/login.html
INFO: [ app_begin ] --START--
INFO: Run Behavior\ReadHtmlCacheBehavior [ RunTime:0.001472s ]
INFO: [ app_begin ] --END-- [ RunTime:0.002411s ]
SQL: SHOW COLUMNS FROM `tp_user` [ RunTime:0.007649s ]
SQL: SELECT * FROM `tp_user` WHERE ( username='zhouzhou'&&password='748964e0a3e61c156e09750566a42395' ) LIMIT 1   [ RunTime:0.000639s ]

[ 2014-11-21T17:18:32+08:00 ] 127.0.0.1 /thinkphp2/index.php/Home/User/login.html
INFO: [ app_begin ] --START--
INFO: Run Behavior\ReadHtmlCacheBehavior [ RunTime:0.001087s ]
INFO: [ app_begin ] --END-- [ RunTime:0.001818s ]
SQL: SHOW COLUMNS FROM `tp_user` [ RunTime:0.007584s ]
SQL: SELECT * FROM `tp_user` WHERE ( username='zhou'&&password='748964e0a3e61c156e09750566a42395' ) LIMIT 1   [ RunTime:0.000782s ]

[ 2014-11-21T17:18:38+08:00 ] 127.0.0.1 /thinkphp2/index.php/Home/User/login.html
INFO: [ app_begin ] --START--
INFO: Run Behavior\ReadHtmlCacheBehavior [ RunTime:0.001156s ]
INFO: [ app_begin ] --END-- [ RunTime:0.002123s ]
SQL: SHOW COLUMNS FROM `tp_user` [ RunTime:0.007798s ]
SQL: SELECT * FROM `tp_user` WHERE ( username='zhouzhou'&&password='748964e0a3e61c156e09750566a42395' ) LIMIT 1   [ RunTime:0.000800s ]

[ 2014-11-21T17:18:38+08:00 ] 127.0.0.1 /thinkphp2/index.php/Home/User/login.html
INFO: [ app_begin ] --START--
INFO: Run Behavior\ReadHtmlCacheBehavior [ RunTime:0.001240s ]
INFO: [ app_begin ] --END-- [ RunTime:0.002276s ]
SQL: SHOW COLUMNS FROM `tp_user` [ RunTime:0.006739s ]
SQL: SELECT * FROM `tp_user` WHERE ( username='zhouzhou'&&password='748964e0a3e61c156e09750566a42395' ) LIMIT 1   [ RunTime:0.000683s ]

[ 2014-11-21T17:26:15+08:00 ] 127.0.0.1 /thinkphp2/index.php/Home/User/login.html
INFO: [ app_begin ] --START--
INFO: Run Behavior\ReadHtmlCacheBehavior [ RunTime:0.001398s ]
INFO: [ app_begin ] --END-- [ RunTime:0.002205s ]
SQL: SHOW COLUMNS FROM `tp_user` [ RunTime:0.007322s ]
SQL: SELECT * FROM `tp_user` WHERE ( username='zhou'&&password='748964e0a3e61c156e09750566a42395' ) LIMIT 1   [ RunTime:0.000668s ]

[ 2014-11-21T17:26:34+08:00 ] 127.0.0.1 /thinkphp2/index.php/Home/User/login.html
INFO: [ app_begin ] --START--
INFO: Run Behavior\ReadHtmlCacheBehavior [ RunTime:0.001963s ]
INFO: [ app_begin ] --END-- [ RunTime:0.003124s ]
SQL: SHOW COLUMNS FROM `tp_user` [ RunTime:0.008225s ]
SQL: SELECT * FROM `tp_user` WHERE ( username='zhouzhou'&&password='748964e0a3e61c156e09750566a42395' ) LIMIT 1   [ RunTime:0.000846s ]

[ 2014-11-21T17:29:57+08:00 ] 127.0.0.1 /thinkphp2/index.php/Home/User/login.html
INFO: [ app_begin ] --START--
INFO: Run Behavior\ReadHtmlCacheBehavior [ RunTime:0.002019s ]
INFO: [ app_begin ] --END-- [ RunTime:0.003305s ]
SQL: SHOW COLUMNS FROM `tp_user` [ RunTime:0.007048s ]
SQL: SELECT * FROM `tp_user` WHERE ( username='zhouzhou'&&password='748964e0a3e61c156e09750566a42395' ) LIMIT 1   [ RunTime:0.000761s ]

[ 2014-11-21T17:29:57+08:00 ] 127.0.0.1 /thinkphp2/index.php/Home/User/login.html
INFO: [ app_begin ] --START--
INFO: Run Behavior\ReadHtmlCacheBehavior [ RunTime:0.001374s ]
INFO: [ app_begin ] --END-- [ RunTime:0.002230s ]
SQL: SHOW COLUMNS FROM `tp_user` [ RunTime:0.006289s ]
SQL: SELECT * FROM `tp_user` WHERE ( username='zhouzhou'&&password='748964e0a3e61c156e09750566a42395' ) LIMIT 1   [ RunTime:0.000598s ]

[ 2014-11-21T17:29:57+08:00 ] 127.0.0.1 /thinkphp2/index.php/Home/User/login.html
INFO: [ app_begin ] --START--
INFO: Run Behavior\ReadHtmlCacheBehavior [ RunTime:0.001190s ]
INFO: [ app_begin ] --END-- [ RunTime:0.001938s ]
SQL: SHOW COLUMNS FROM `tp_user` [ RunTime:0.007892s ]
SQL: SELECT * FROM `tp_user` WHERE ( username='zhouzhou'&&password='748964e0a3e61c156e09750566a42395' ) LIMIT 1   [ RunTime:0.000755s ]

[ 2014-11-21T17:30:29+08:00 ] 127.0.0.1 /thinkphp2/index.php/Home/User/login.html
INFO: [ app_begin ] --START--
INFO: Run Behavior\ReadHtmlCacheBehavior [ RunTime:0.001302s ]
INFO: [ app_begin ] --END-- [ RunTime:0.002108s ]
SQL: SHOW COLUMNS FROM `tp_user` [ RunTime:0.007864s ]
SQL: SELECT * FROM `tp_user` WHERE ( username='zhouzhou'&&password='748964e0a3e61c156e09750566a42395' ) LIMIT 1   [ RunTime:0.000832s ]

[ 2014-11-21T17:30:41+08:00 ] 127.0.0.1 /thinkphp2/index.php/Home/User/login.html
INFO: [ app_begin ] --START--
INFO: Run Behavior\ReadHtmlCacheBehavior [ RunTime:0.001328s ]
INFO: [ app_begin ] --END-- [ RunTime:0.002162s ]
SQL: SHOW COLUMNS FROM `tp_user` [ RunTime:0.007425s ]
SQL: SELECT * FROM `tp_user` WHERE ( username='zhouzhou'&&password='748964e0a3e61c156e09750566a42395' ) LIMIT 1   [ RunTime:0.000647s ]

[ 2014-11-21T17:30:59+08:00 ] 127.0.0.1 /thinkphp2/index.php/Home/User/login.html
INFO: [ app_begin ] --START--
INFO: Run Behavior\ReadHtmlCacheBehavior [ RunTime:0.001093s ]
INFO: [ app_begin ] --END-- [ RunTime:0.001880s ]
SQL: SHOW COLUMNS FROM `tp_user` [ RunTime:0.006839s ]
SQL: SELECT * FROM `tp_user` WHERE ( username='zhouzhou'&&password='748964e0a3e61c156e09750566a42395' ) LIMIT 1   [ RunTime:0.000645s ]

[ 2014-11-21T17:32:25+08:00 ] 127.0.0.1 /thinkphp2/index.php/Home/User/login.html
INFO: [ app_begin ] --START--
INFO: Run Behavior\ReadHtmlCacheBehavior [ RunTime:0.001520s ]
INFO: [ app_begin ] --END-- [ RunTime:0.002533s ]
SQL: SHOW COLUMNS FROM `tp_user` [ RunTime:0.007390s ]
SQL: SELECT * FROM `tp_user` WHERE ( username='zhouzhou'&&password='748964e0a3e61c156e09750566a42395' ) LIMIT 1   [ RunTime:0.000828s ]

[ 2014-11-21T17:33:31+08:00 ] 127.0.0.1 /thinkphp2/index.php/Home/User/login.html
INFO: [ app_begin ] --START--
INFO: Run Behavior\ReadHtmlCacheBehavior [ RunTime:0.001451s ]
INFO: [ app_begin ] --END-- [ RunTime:0.002297s ]
SQL: SHOW COLUMNS FROM `tp_user` [ RunTime:0.007617s ]
SQL: SELECT * FROM `tp_user` WHERE ( username='zhouzhou'&&password='748964e0a3e61c156e09750566a42395' ) LIMIT 1   [ RunTime:0.000675s ]

[ 2014-11-21T17:39:27+08:00 ] 127.0.0.1 /thinkphp2/index.php/Home/User/login.html
INFO: [ app_begin ] --START--
INFO: Run Behavior\ReadHtmlCacheBehavior [ RunTime:0.002137s ]
INFO: [ app_begin ] --END-- [ RunTime:0.003402s ]
SQL: SHOW COLUMNS FROM `tp_user` [ RunTime:0.007928s ]
SQL: SELECT * FROM `tp_user` WHERE ( username='zhouzhou'&&password='748964e0a3e61c156e09750566a42395' ) LIMIT 1   [ RunTime:0.000841s ]

[ 2014-11-21T17:42:37+08:00 ] 127.0.0.1 /thinkphp2/index.php/Home/User/login.html
INFO: [ app_begin ] --START--
INFO: Run Behavior\ReadHtmlCacheBehavior [ RunTime:0.001809s ]
INFO: [ app_begin ] --END-- [ RunTime:0.003055s ]
SQL: SHOW COLUMNS FROM `tp_user` [ RunTime:0.006650s ]
SQL: SELECT * FROM `tp_user` WHERE ( username='zhouzhou'&&password='748964e0a3e61c156e09750566a42395' ) LIMIT 1   [ RunTime:0.000683s ]

[ 2014-11-21T17:42:41+08:00 ] 127.0.0.1 /thinkphp2/index.php/Home/User/login.html
INFO: [ app_begin ] --START--
INFO: Run Behavior\ReadHtmlCacheBehavior [ RunTime:0.001087s ]
INFO: [ app_begin ] --END-- [ RunTime:0.001830s ]
SQL: SHOW COLUMNS FROM `tp_user` [ RunTime:0.006713s ]
SQL: SELECT * FROM `tp_user` WHERE ( username='zhouzhou'&&password='748964e0a3e61c156e09750566a42395' ) LIMIT 1   [ RunTime:0.000749s ]

[ 2014-11-21T17:44:30+08:00 ] 127.0.0.1 /thinkphp2/index.php/Home/User/login.html
INFO: [ app_begin ] --START--
INFO: Run Behavior\ReadHtmlCacheBehavior [ RunTime:0.001421s ]
INFO: [ app_begin ] --END-- [ RunTime:0.002522s ]
SQL: SHOW COLUMNS FROM `tp_user` [ RunTime:0.006511s ]
SQL: SELECT * FROM `tp_user` WHERE ( username='zhouzhou'&&password='748964e0a3e61c156e09750566a42395' ) LIMIT 1   [ RunTime:0.000752s ]

[ 2014-11-21T17:45:08+08:00 ] 127.0.0.1 /thinkphp2/index.php/Home/User/login.html
INFO: [ app_begin ] --START--
INFO: Run Behavior\ReadHtmlCacheBehavior [ RunTime:0.001442s ]
INFO: [ app_begin ] --END-- [ RunTime:0.002244s ]
SQL: SHOW COLUMNS FROM `tp_user` [ RunTime:0.006881s ]
SQL: SELECT * FROM `tp_user` WHERE ( username='zhouzhou'&&password='748964e0a3e61c156e09750566a42395' ) LIMIT 1   [ RunTime:0.000907s ]
NOTIC: [8] Undefined index: verify D:\wamp\www\thinkphp2\Application\Home\Model\UserModel.class.php 第 88 行.

[ 2014-11-21T17:46:11+08:00 ] 127.0.0.1 /thinkphp2/index.php/Home/User/login.html
INFO: [ app_begin ] --START--
INFO: Run Behavior\ReadHtmlCacheBehavior [ RunTime:0.001084s ]
INFO: [ app_begin ] --END-- [ RunTime:0.001839s ]
SQL: SHOW COLUMNS FROM `tp_user` [ RunTime:0.006824s ]
SQL: SELECT * FROM `tp_user` WHERE ( username='zhouzhou'&&password='748964e0a3e61c156e09750566a42395' ) LIMIT 1   [ RunTime:0.000715s ]
NOTIC: [8] Undefined index: verify D:\wamp\www\thinkphp2\Application\Home\Model\UserModel.class.php 第 88 行.

[ 2014-11-21T17:46:17+08:00 ] 127.0.0.1 /thinkphp2/index.php/Home/User/login.html
INFO: [ app_begin ] --START--
INFO: Run Behavior\ReadHtmlCacheBehavior [ RunTime:0.001091s ]
INFO: [ app_begin ] --END-- [ RunTime:0.001866s ]
SQL: SHOW COLUMNS FROM `tp_user` [ RunTime:0.007755s ]
SQL: SELECT * FROM `tp_user` WHERE ( username='zhouzhou'&&password='748964e0a3e61c156e09750566a42395' ) LIMIT 1   [ RunTime:0.000662s ]
NOTIC: [8] Undefined index: verify D:\wamp\www\thinkphp2\Application\Home\Model\UserModel.class.php 第 88 行.

[ 2014-11-21T17:46:18+08:00 ] 127.0.0.1 /thinkphp2/index.php/Home/User/login.html
INFO: [ app_begin ] --START--
INFO: Run Behavior\ReadHtmlCacheBehavior [ RunTime:0.001624s ]
INFO: [ app_begin ] --END-- [ RunTime:0.002666s ]
SQL: SHOW COLUMNS FROM `tp_user` [ RunTime:0.007964s ]
SQL: SELECT * FROM `tp_user` WHERE ( username='zhouzhou'&&password='748964e0a3e61c156e09750566a42395' ) LIMIT 1   [ RunTime:0.000648s ]
NOTIC: [8] Undefined index: verify D:\wamp\www\thinkphp2\Application\Home\Model\UserModel.class.php 第 88 行.

[ 2014-11-21T17:46:18+08:00 ] 127.0.0.1 /thinkphp2/index.php/Home/User/login.html
INFO: [ app_begin ] --START--
INFO: Run Behavior\ReadHtmlCacheBehavior [ RunTime:0.001069s ]
INFO: [ app_begin ] --END-- [ RunTime:0.001790s ]
SQL: SHOW COLUMNS FROM `tp_user` [ RunTime:0.007031s ]
SQL: SELECT * FROM `tp_user` WHERE ( username='zhouzhou'&&password='748964e0a3e61c156e09750566a42395' ) LIMIT 1   [ RunTime:0.000773s ]
NOTIC: [8] Undefined index: verify D:\wamp\www\thinkphp2\Application\Home\Model\UserModel.class.php 第 88 行.

[ 2014-11-21T17:46:19+08:00 ] 127.0.0.1 /thinkphp2/index.php/Home/User/login.html
INFO: [ app_begin ] --START--
INFO: Run Behavior\ReadHtmlCacheBehavior [ RunTime:0.001103s ]
INFO: [ app_begin ] --END-- [ RunTime:0.001878s ]
SQL: SHOW COLUMNS FROM `tp_user` [ RunTime:0.007255s ]
SQL: SELECT * FROM `tp_user` WHERE ( username='zhouzhou'&&password='748964e0a3e61c156e09750566a42395' ) LIMIT 1   [ RunTime:0.000624s ]
NOTIC: [8] Undefined index: verify D:\wamp\www\thinkphp2\Application\Home\Model\UserModel.class.php 第 88 行.

[ 2014-11-21T17:46:35+08:00 ] 127.0.0.1 /thinkphp2/index.php/Home/User/login.html
INFO: [ app_begin ] --START--
INFO: Run Behavior\ReadHtmlCacheBehavior [ RunTime:0.001983s ]
INFO: [ app_begin ] --END-- [ RunTime:0.003247s ]
SQL: SHOW COLUMNS FROM `tp_user` [ RunTime:0.006694s ]
SQL: SELECT * FROM `tp_user` WHERE ( username='zhouzhou'&&password='748964e0a3e61c156e09750566a42395' ) LIMIT 1   [ RunTime:0.000601s ]
NOTIC: [8] Undefined index: verify D:\wamp\www\thinkphp2\Application\Home\Model\UserModel.class.php 第 88 行.

[ 2014-11-21T17:46:45+08:00 ] 127.0.0.1 /thinkphp2/index.php/Home/User/login.html
INFO: [ app_begin ] --START--
INFO: Run Behavior\ReadHtmlCacheBehavior [ RunTime:0.001326s ]
INFO: [ app_begin ] --END-- [ RunTime:0.002457s ]
SQL: SHOW COLUMNS FROM `tp_user` [ RunTime:0.007686s ]
SQL: SELECT * FROM `tp_user` WHERE ( username='zhouzhou'&&password='748964e0a3e61c156e09750566a42395' ) LIMIT 1   [ RunTime:0.000727s ]
NOTIC: [8] Undefined index: verify D:\wamp\www\thinkphp2\Application\Home\Model\UserModel.class.php 第 88 行.

[ 2014-11-21T17:47:19+08:00 ] 127.0.0.1 /thinkphp2/index.php/Home/User/login.html
INFO: [ app_begin ] --START--
INFO: Run Behavior\ReadHtmlCacheBehavior [ RunTime:0.001104s ]
INFO: [ app_begin ] --END-- [ RunTime:0.001851s ]

[ 2014-11-21T17:47:20+08:00 ] 127.0.0.1 /thinkphp2/index.php/Home/User/login.html
INFO: [ app_begin ] --START--
INFO: Run Behavior\ReadHtmlCacheBehavior [ RunTime:0.001280s ]
INFO: [ app_begin ] --END-- [ RunTime:0.002393s ]

[ 2014-11-21T17:47:20+08:00 ] 127.0.0.1 /thinkphp2/index.php/Home/User/login.html
INFO: [ app_begin ] --START--
INFO: Run Behavior\ReadHtmlCacheBehavior [ RunTime:0.001122s ]
INFO: [ app_begin ] --END-- [ RunTime:0.001869s ]

[ 2014-11-21T17:47:20+08:00 ] 127.0.0.1 /thinkphp2/index.php/Home/User/login.html
INFO: [ app_begin ] --START--
INFO: Run Behavior\ReadHtmlCacheBehavior [ RunTime:0.001568s ]
INFO: [ app_begin ] --END-- [ RunTime:0.002412s ]

[ 2014-11-21T17:47:20+08:00 ] 127.0.0.1 /thinkphp2/index.php/Home/User/login.html
INFO: [ app_begin ] --START--
INFO: Run Behavior\ReadHtmlCacheBehavior [ RunTime:0.001684s ]
INFO: [ app_begin ] --END-- [ RunTime:0.002748s ]

[ 2014-11-21T17:47:50+08:00 ] 127.0.0.1 /thinkphp2/index.php/Home/User/login.html
INFO: [ app_begin ] --START--
INFO: Run Behavior\ReadHtmlCacheBehavior [ RunTime:0.001119s ]
INFO: [ app_begin ] --END-- [ RunTime:0.001846s ]
SQL: SHOW COLUMNS FROM `tp_user` [ RunTime:0.008173s ]
SQL: SELECT * FROM `tp_user` WHERE ( username='zhouzhou'&&password='748964e0a3e61c156e09750566a42395' ) LIMIT 1   [ RunTime:0.000749s ]
NOTIC: [8] Undefined index: verify D:\wamp\www\thinkphp2\Application\Home\Model\UserModel.class.php 第 88 行.

[ 2014-11-21T17:47:51+08:00 ] 127.0.0.1 /thinkphp2/index.php/Home/User/login.html
INFO: [ app_begin ] --START--
INFO: Run Behavior\ReadHtmlCacheBehavior [ RunTime:0.001073s ]
INFO: [ app_begin ] --END-- [ RunTime:0.001798s ]
SQL: SHOW COLUMNS FROM `tp_user` [ RunTime:0.006882s ]
SQL: SELECT * FROM `tp_user` WHERE ( username='zhouzhou'&&password='748964e0a3e61c156e09750566a42395' ) LIMIT 1   [ RunTime:0.000691s ]
NOTIC: [8] Undefined index: verify D:\wamp\www\thinkphp2\Application\Home\Model\UserModel.class.php 第 88 行.

[ 2014-11-21T17:47:51+08:00 ] 127.0.0.1 /thinkphp2/index.php/Home/User/login.html
INFO: [ app_begin ] --START--
INFO: Run Behavior\ReadHtmlCacheBehavior [ RunTime:0.001475s ]
INFO: [ app_begin ] --END-- [ RunTime:0.002520s ]
SQL: SHOW COLUMNS FROM `tp_user` [ RunTime:0.007721s ]
SQL: SELECT * FROM `tp_user` WHERE ( username='zhouzhou'&&password='748964e0a3e61c156e09750566a42395' ) LIMIT 1   [ RunTime:0.000650s ]
NOTIC: [8] Undefined index: verify D:\wamp\www\thinkphp2\Application\Home\Model\UserModel.class.php 第 88 行.

[ 2014-11-21T17:48:43+08:00 ] 127.0.0.1 /thinkphp2/index.php/Home/User/login.html
INFO: [ app_begin ] --START--
INFO: Run Behavior\ReadHtmlCacheBehavior [ RunTime:0.001423s ]
INFO: [ app_begin ] --END-- [ RunTime:0.002292s ]
SQL: SHOW COLUMNS FROM `tp_user` [ RunTime:0.007470s ]
SQL: SELECT * FROM `tp_user` WHERE ( username='zhouzhou'&&password='748964e0a3e61c156e09750566a42395' ) LIMIT 1   [ RunTime:0.000827s ]
NOTIC: [8] Undefined index: verify D:\wamp\www\thinkphp2\Application\Home\Model\UserModel.class.php 第 88 行.
NOTIC: [8] Undefined index: verify D:\wamp\www\thinkphp2\Application\Home\Model\UserModel.class.php 第 89 行.

[ 2014-11-21T17:49:02+08:00 ] 127.0.0.1 /thinkphp2/index.php/Home/User/login.html
INFO: [ app_begin ] --START--
INFO: Run Behavior\ReadHtmlCacheBehavior [ RunTime:0.001371s ]
INFO: [ app_begin ] --END-- [ RunTime:0.002363s ]
SQL: SHOW COLUMNS FROM `tp_user` [ RunTime:0.007619s ]
SQL: SELECT * FROM `tp_user` WHERE ( username='zhouzhou'&&password='748964e0a3e61c156e09750566a42395' ) LIMIT 1   [ RunTime:0.000723s ]
NOTIC: [8] Undefined index: verify D:\wamp\www\thinkphp2\Application\Home\Model\UserModel.class.php 第 88 行.

[ 2014-11-21T17:49:03+08:00 ] 127.0.0.1 /thinkphp2/index.php/Home/User/login.html
INFO: [ app_begin ] --START--
INFO: Run Behavior\ReadHtmlCacheBehavior [ RunTime:0.001117s ]
INFO: [ app_begin ] --END-- [ RunTime:0.001863s ]
SQL: SHOW COLUMNS FROM `tp_user` [ RunTime:0.007629s ]
SQL: SELECT * FROM `tp_user` WHERE ( username='zhouzhou'&&password='748964e0a3e61c156e09750566a42395' ) LIMIT 1   [ RunTime:0.000675s ]
NOTIC: [8] Undefined index: verify D:\wamp\www\thinkphp2\Application\Home\Model\UserModel.class.php 第 88 行.

[ 2014-11-21T17:49:03+08:00 ] 127.0.0.1 /thinkphp2/index.php/Home/User/login.html
INFO: [ app_begin ] --START--
INFO: Run Behavior\ReadHtmlCacheBehavior [ RunTime:0.001078s ]
INFO: [ app_begin ] --END-- [ RunTime:0.001824s ]
SQL: SHOW COLUMNS FROM `tp_user` [ RunTime:0.006471s ]
SQL: SELECT * FROM `tp_user` WHERE ( username='zhouzhou'&&password='748964e0a3e61c156e09750566a42395' ) LIMIT 1   [ RunTime:0.000632s ]
NOTIC: [8] Undefined index: verify D:\wamp\www\thinkphp2\Application\Home\Model\UserModel.class.php 第 88 行.

[ 2014-11-21T17:49:04+08:00 ] 127.0.0.1 /thinkphp2/index.php/Home/User/login.html
INFO: [ app_begin ] --START--
INFO: Run Behavior\ReadHtmlCacheBehavior [ RunTime:0.001236s ]
INFO: [ app_begin ] --END-- [ RunTime:0.002074s ]
SQL: SHOW COLUMNS FROM `tp_user` [ RunTime:0.006432s ]
SQL: SELECT * FROM `tp_user` WHERE ( username='zhouzhou'&&password='748964e0a3e61c156e09750566a42395' ) LIMIT 1   [ RunTime:0.000777s ]
NOTIC: [8] Undefined index: verify D:\wamp\www\thinkphp2\Application\Home\Model\UserModel.class.php 第 88 行.

[ 2014-11-21T17:49:04+08:00 ] 127.0.0.1 /thinkphp2/index.php/Home/User/login.html
INFO: [ app_begin ] --START--
INFO: Run Behavior\ReadHtmlCacheBehavior [ RunTime:0.001769s ]
INFO: [ app_begin ] --END-- [ RunTime:0.002727s ]
SQL: SHOW COLUMNS FROM `tp_user` [ RunTime:0.008026s ]
SQL: SELECT * FROM `tp_user` WHERE ( username='zhouzhou'&&password='748964e0a3e61c156e09750566a42395' ) LIMIT 1   [ RunTime:0.000801s ]
NOTIC: [8] Undefined index: verify D:\wamp\www\thinkphp2\Application\Home\Model\UserModel.class.php 第 88 行.

[ 2014-11-21T17:51:32+08:00 ] 127.0.0.1 /thinkphp2/index.php/Home/User/login.html
INFO: [ app_begin ] --START--
INFO: Run Behavior\ReadHtmlCacheBehavior [ RunTime:0.005328s ]
INFO: [ app_begin ] --END-- [ RunTime:0.008307s ]
SQL: SHOW COLUMNS FROM `tp_user` [ RunTime:0.006821s ]
SQL: SELECT * FROM `tp_user` WHERE ( username='zhouzhou'&&password='748964e0a3e61c156e09750566a42395' ) LIMIT 1   [ RunTime:0.000789s ]
NOTIC: [8] Undefined index: verify D:\wamp\www\thinkphp2\Application\Home\Model\UserModel.class.php 第 88 行.

[ 2014-11-21T17:51:50+08:00 ] 127.0.0.1 /thinkphp2/index.php/Home/User/login.html
INFO: [ app_begin ] --START--
INFO: Run Behavior\ReadHtmlCacheBehavior [ RunTime:0.001406s ]
INFO: [ app_begin ] --END-- [ RunTime:0.002432s ]
SQL: SHOW COLUMNS FROM `tp_user` [ RunTime:0.006739s ]
SQL: SELECT * FROM `tp_user` WHERE ( username='zhouzhou'&&password='748964e0a3e61c156e09750566a42395' ) LIMIT 1   [ RunTime:0.000632s ]
NOTIC: [8] Undefined index: verify D:\wamp\www\thinkphp2\Application\Home\Model\UserModel.class.php 第 88 行.

[ 2014-11-21T17:51:51+08:00 ] 127.0.0.1 /thinkphp2/index.php/Home/User/login.html
INFO: [ app_begin ] --START--
INFO: Run Behavior\ReadHtmlCacheBehavior [ RunTime:0.001612s ]
INFO: [ app_begin ] --END-- [ RunTime:0.002673s ]
SQL: SHOW COLUMNS FROM `tp_user` [ RunTime:0.007198s ]
SQL: SELECT * FROM `tp_user` WHERE ( username='zhouzhou'&&password='748964e0a3e61c156e09750566a42395' ) LIMIT 1   [ RunTime:0.000675s ]
NOTIC: [8] Undefined index: verify D:\wamp\www\thinkphp2\Application\Home\Model\UserModel.class.php 第 88 行.

[ 2014-11-21T17:52:07+08:00 ] 127.0.0.1 /thinkphp2/index.php/Home/User/login.html
INFO: [ app_begin ] --START--
INFO: Run Behavior\ReadHtmlCacheBehavior [ RunTime:0.002009s ]
INFO: [ app_begin ] --END-- [ RunTime:0.003170s ]
SQL: SHOW COLUMNS FROM `tp_user` [ RunTime:0.007451s ]
SQL: SELECT * FROM `tp_user` WHERE ( username='zhouzhou'&&password='748964e0a3e61c156e09750566a42395' ) LIMIT 1   [ RunTime:0.000866s ]
NOTIC: [8] Undefined index: verify D:\wamp\www\thinkphp2\Application\Home\Model\UserModel.class.php 第 88 行.

[ 2014-11-21T17:53:13+08:00 ] 127.0.0.1 /thinkphp2/index.php/Home/User/login.html
INFO: [ app_begin ] --START--
INFO: Run Behavior\ReadHtmlCacheBehavior [ RunTime:0.001903s ]
INFO: [ app_begin ] --END-- [ RunTime:0.003275s ]
SQL: SHOW COLUMNS FROM `tp_user` [ RunTime:0.007136s ]
SQL: SELECT * FROM `tp_user` WHERE ( username='zhouzhou'&&password='748964e0a3e61c156e09750566a42395' ) LIMIT 1   [ RunTime:0.000766s ]

[ 2014-11-21T17:53:29+08:00 ] 127.0.0.1 /thinkphp2/index.php/Home/User/login.html
INFO: [ app_begin ] --START--
INFO: Run Behavior\ReadHtmlCacheBehavior [ RunTime:0.001993s ]
INFO: [ app_begin ] --END-- [ RunTime:0.003221s ]
SQL: SHOW COLUMNS FROM `tp_user` [ RunTime:0.007441s ]
SQL: SELECT * FROM `tp_user` WHERE ( username='zhouzhou'&&password='748964e0a3e61c156e09750566a42395' ) LIMIT 1   [ RunTime:0.000824s ]

[ 2014-11-21T17:54:31+08:00 ] 127.0.0.1 /thinkphp2/index.php/Home/User/login.html
INFO: [ app_begin ] --START--
INFO: Run Behavior\ReadHtmlCacheBehavior [ RunTime:0.001214s ]
INFO: [ app_begin ] --END-- [ RunTime:0.002342s ]
SQL: SHOW COLUMNS FROM `tp_user` [ RunTime:0.007437s ]
SQL: SELECT * FROM `tp_user` WHERE ( username='zhouzhou'&&password='748964e0a3e61c156e09750566a42395' ) LIMIT 1   [ RunTime:0.000732s ]

[ 2014-11-21T17:55:35+08:00 ] 127.0.0.1 /thinkphp2/index.php/Home/User/login.html
INFO: [ app_begin ] --START--
INFO: Run Behavior\ReadHtmlCacheBehavior [ RunTime:0.001339s ]
INFO: [ app_begin ] --END-- [ RunTime:0.002241s ]
SQL: SHOW COLUMNS FROM `tp_user` [ RunTime:0.006699s ]
SQL: SELECT * FROM `tp_user` WHERE ( username='zhouzhou'&&password='748964e0a3e61c156e09750566a42395' ) LIMIT 1   [ RunTime:0.000791s ]

[ 2014-11-21T17:55:37+08:00 ] 127.0.0.1 /thinkphp2/index.php/Home/User/login.html
INFO: [ app_begin ] --START--
INFO: Run Behavior\ReadHtmlCacheBehavior [ RunTime:0.001663s ]
INFO: [ app_begin ] --END-- [ RunTime:0.002741s ]
SQL: SHOW COLUMNS FROM `tp_user` [ RunTime:0.007326s ]
SQL: SELECT * FROM `tp_user` WHERE ( username='zhouzhou'&&password='748964e0a3e61c156e09750566a42395' ) LIMIT 1   [ RunTime:0.000717s ]

[ 2014-11-21T17:56:31+08:00 ] 127.0.0.1 /thinkphp2/index.php/Home/User/login.html
INFO: [ app_begin ] --START--
INFO: Run Behavior\ReadHtmlCacheBehavior [ RunTime:0.001305s ]
INFO: [ app_begin ] --END-- [ RunTime:0.002108s ]
SQL: SHOW COLUMNS FROM `tp_user` [ RunTime:0.006620s ]
SQL: SELECT * FROM `tp_user` WHERE ( username='zhouzhou'&&password='748964e0a3e61c156e09750566a42395' ) LIMIT 1   [ RunTime:0.000620s ]

[ 2014-11-21T17:58:57+08:00 ] 127.0.0.1 /thinkphp2/index.php/Home/User/login.html
INFO: [ app_begin ] --START--
INFO: Run Behavior\ReadHtmlCacheBehavior [ RunTime:0.001970s ]
INFO: [ app_begin ] --END-- [ RunTime:0.002968s ]
SQL: SHOW COLUMNS FROM `tp_user` [ RunTime:0.007014s ]
SQL: SELECT * FROM `tp_user` WHERE ( username='zhouzhou'&&password='748964e0a3e61c156e09750566a42395' ) LIMIT 1   [ RunTime:0.000786s ]

[ 2014-11-21T17:59:04+08:00 ] 127.0.0.1 /thinkphp2/index.php/Home/User/login.html
INFO: [ app_begin ] --START--
INFO: Run Behavior\ReadHtmlCacheBehavior [ RunTime:0.001436s ]
INFO: [ app_begin ] --END-- [ RunTime:0.002382s ]
SQL: SHOW COLUMNS FROM `tp_user` [ RunTime:0.006648s ]
SQL: SELECT * FROM `tp_user` WHERE ( username='zhouzhou'&&password='748964e0a3e61c156e09750566a42395' ) LIMIT 1   [ RunTime:0.000624s ]

[ 2014-11-21T17:59:05+08:00 ] 127.0.0.1 /thinkphp2/index.php/Home/User/login.html
INFO: [ app_begin ] --START--
INFO: Run Behavior\ReadHtmlCacheBehavior [ RunTime:0.001095s ]
INFO: [ app_begin ] --END-- [ RunTime:0.001867s ]
SQL: SHOW COLUMNS FROM `tp_user` [ RunTime:0.006723s ]
SQL: SELECT * FROM `tp_user` WHERE ( username='zhouzhou'&&password='748964e0a3e61c156e09750566a42395' ) LIMIT 1   [ RunTime:0.000642s ]

[ 2014-11-21T17:59:05+08:00 ] 127.0.0.1 /thinkphp2/index.php/Home/User/login.html
INFO: [ app_begin ] --START--
INFO: Run Behavior\ReadHtmlCacheBehavior [ RunTime:0.001716s ]
INFO: [ app_begin ] --END-- [ RunTime:0.002906s ]
SQL: SHOW COLUMNS FROM `tp_user` [ RunTime:0.007066s ]
SQL: SELECT * FROM `tp_user` WHERE ( username='zhouzhou'&&password='748964e0a3e61c156e09750566a42395' ) LIMIT 1   [ RunTime:0.000656s ]

[ 2014-11-21T19:51:15+08:00 ] 127.0.0.1 /thinkphp2/index.php/Home/User/login.html
INFO: [ app_begin ] --START--
INFO: Run Behavior\ReadHtmlCacheBehavior [ RunTime:0.001589s ]
INFO: [ app_begin ] --END-- [ RunTime:0.002822s ]
SQL: SHOW COLUMNS FROM `tp_user` [ RunTime:0.007253s ]
SQL: SELECT * FROM `tp_user` WHERE ( username='zhouzhou'&&password='748964e0a3e61c156e09750566a42395' ) LIMIT 1   [ RunTime:0.000634s ]
NOTIC: [8] Undefined variable: _SESSTION D:\wamp\www\thinkphp2\Application\Home\Model\UserModel.class.php 第 88 行.

[ 2014-11-21T19:51:17+08:00 ] 127.0.0.1 /thinkphp2/index.php/Home/User/login.html
INFO: [ app_begin ] --START--
INFO: Run Behavior\ReadHtmlCacheBehavior [ RunTime:0.001640s ]
INFO: [ app_begin ] --END-- [ RunTime:0.002459s ]
SQL: SHOW COLUMNS FROM `tp_user` [ RunTime:0.006953s ]
SQL: SELECT * FROM `tp_user` WHERE ( username='zhouzhou'&&password='748964e0a3e61c156e09750566a42395' ) LIMIT 1   [ RunTime:0.000769s ]
NOTIC: [8] Undefined variable: _SESSTION D:\wamp\www\thinkphp2\Application\Home\Model\UserModel.class.php 第 88 行.

[ 2014-11-21T19:51:17+08:00 ] 127.0.0.1 /thinkphp2/index.php/Home/User/login.html
INFO: [ app_begin ] --START--
INFO: Run Behavior\ReadHtmlCacheBehavior [ RunTime:0.001777s ]
INFO: [ app_begin ] --END-- [ RunTime:0.002882s ]
SQL: SHOW COLUMNS FROM `tp_user` [ RunTime:0.006522s ]
SQL: SELECT * FROM `tp_user` WHERE ( username='zhouzhou'&&password='748964e0a3e61c156e09750566a42395' ) LIMIT 1   [ RunTime:0.000623s ]
NOTIC: [8] Undefined variable: _SESSTION D:\wamp\www\thinkphp2\Application\Home\Model\UserModel.class.php 第 88 行.

[ 2014-11-21T19:51:33+08:00 ] 127.0.0.1 /thinkphp2/index.php/Home/User/login.html
INFO: [ app_begin ] --START--
INFO: Run Behavior\ReadHtmlCacheBehavior [ RunTime:0.001220s ]
INFO: [ app_begin ] --END-- [ RunTime:0.002116s ]
SQL: SHOW COLUMNS FROM `tp_user` [ RunTime:0.006477s ]
SQL: SELECT * FROM `tp_user` WHERE ( username='zhouzhou'&&password='748964e0a3e61c156e09750566a42395' ) LIMIT 1   [ RunTime:0.000703s ]
NOTIC: [8] Undefined variable: _SESSTION D:\wamp\www\thinkphp2\Application\Home\Model\UserModel.class.php 第 88 行.

[ 2014-11-21T19:51:53+08:00 ] 127.0.0.1 /thinkphp2/index.php/Home/User/login.html
INFO: [ app_begin ] --START--
INFO: Run Behavior\ReadHtmlCacheBehavior [ RunTime:0.001826s ]
INFO: [ app_begin ] --END-- [ RunTime:0.002718s ]
SQL: SHOW COLUMNS FROM `tp_user` [ RunTime:0.008414s ]
SQL: SELECT * FROM `tp_user` WHERE ( username='zhouzhou'&&password='748964e0a3e61c156e09750566a42395' ) LIMIT 1   [ RunTime:0.000786s ]
NOTIC: [8] Undefined variable: _SESSTION D:\wamp\www\thinkphp2\Application\Home\Model\UserModel.class.php 第 88 行.

[ 2014-11-21T19:51:54+08:00 ] 127.0.0.1 /thinkphp2/index.php/Home/User/login.html
INFO: [ app_begin ] --START--
INFO: Run Behavior\ReadHtmlCacheBehavior [ RunTime:0.001105s ]
INFO: [ app_begin ] --END-- [ RunTime:0.001862s ]
SQL: SHOW COLUMNS FROM `tp_user` [ RunTime:0.006911s ]
SQL: SELECT * FROM `tp_user` WHERE ( username='zhouzhou'&&password='748964e0a3e61c156e09750566a42395' ) LIMIT 1   [ RunTime:0.000660s ]
NOTIC: [8] Undefined variable: _SESSTION D:\wamp\www\thinkphp2\Application\Home\Model\UserModel.class.php 第 88 行.

[ 2014-11-21T19:56:53+08:00 ] 127.0.0.1 /thinkphp2/index.php/Home/User/login.html
INFO: [ app_begin ] --START--
INFO: Run Behavior\ReadHtmlCacheBehavior [ RunTime:0.001563s ]
INFO: [ app_begin ] --END-- [ RunTime:0.002785s ]
SQL: SHOW COLUMNS FROM `tp_user` [ RunTime:0.006502s ]
SQL: SELECT * FROM `tp_user` WHERE ( username='zhouzhou'&&password='748964e0a3e61c156e09750566a42395' ) LIMIT 1   [ RunTime:0.000951s ]
NOTIC: [8] Undefined variable: _SESSTION D:\wamp\www\thinkphp2\Application\Home\Model\UserModel.class.php 第 88 行.

[ 2014-11-21T20:00:45+08:00 ] 127.0.0.1 /thinkphp2/index.php/Home/User/login.html
INFO: [ app_begin ] --START--
INFO: Run Behavior\ReadHtmlCacheBehavior [ RunTime:0.001363s ]
INFO: [ app_begin ] --END-- [ RunTime:0.002306s ]
SQL: SHOW COLUMNS FROM `tp_user` [ RunTime:0.007212s ]
NOTIC: [2] Missing argument 3 for Home\Model\UserModel::login(), called in D:\wamp\www\thinkphp2\Application\Home\Controller\UserController.class.php on line 11 and defined D:\wamp\www\thinkphp2\Application\Home\Model\UserModel.class.php 第 76 行.
SQL: SELECT * FROM `tp_user` WHERE ( username='zhouzhou'&&password='748964e0a3e61c156e09750566a42395' ) LIMIT 1   [ RunTime:0.000796s ]
NOTIC: [8] Undefined variable: _SESSTION D:\wamp\www\thinkphp2\Application\Home\Model\UserModel.class.php 第 88 行.
NOTIC: [8] Undefined variable: user_verify D:\wamp\www\thinkphp2\Application\Home\Model\UserModel.class.php 第 88 行.
INFO: [ app_end ] --START--
INFO: Run Behavior\ShowPageTraceBehavior [ RunTime:0.001640s ]
INFO: [ app_end ] --END-- [ RunTime:0.001814s ]

[ 2014-11-21T20:00:56+08:00 ] 127.0.0.1 /thinkphp2/index.php/Home/User/login.html
INFO: [ app_begin ] --START--
INFO: Run Behavior\ReadHtmlCacheBehavior [ RunTime:0.001301s ]
INFO: [ app_begin ] --END-- [ RunTime:0.002119s ]
SQL: SHOW COLUMNS FROM `tp_user` [ RunTime:0.007355s ]
NOTIC: [2] Missing argument 3 for Home\Model\UserModel::login(), called in D:\wamp\www\thinkphp2\Application\Home\Controller\UserController.class.php on line 11 and defined D:\wamp\www\thinkphp2\Application\Home\Model\UserModel.class.php 第 76 行.
SQL: SELECT * FROM `tp_user` WHERE ( username='zhouzhou'&&password='748964e0a3e61c156e09750566a42395' ) LIMIT 1   [ RunTime:0.000761s ]
NOTIC: [8] Undefined variable: _SESSTION D:\wamp\www\thinkphp2\Application\Home\Model\UserModel.class.php 第 88 行.
NOTIC: [8] Undefined variable: user_verify D:\wamp\www\thinkphp2\Application\Home\Model\UserModel.class.php 第 88 行.
INFO: [ app_end ] --START--
INFO: Run Behavior\ShowPageTraceBehavior [ RunTime:0.002130s ]
INFO: [ app_end ] --END-- [ RunTime:0.002333s ]

[ 2014-11-21T20:01:58+08:00 ] 127.0.0.1 /thinkphp2/index.php/Home/User/login.html
INFO: [ app_begin ] --START--
INFO: Run Behavior\ReadHtmlCacheBehavior [ RunTime:0.001662s ]
INFO: [ app_begin ] --END-- [ RunTime:0.002799s ]
SQL: SHOW COLUMNS FROM `tp_user` [ RunTime:0.006926s ]
NOTIC: [2] Missing argument 3 for Home\Model\UserModel::login(), called in D:\wamp\www\thinkphp2\Application\Home\Controller\UserController.class.php on line 11 and defined D:\wamp\www\thinkphp2\Application\Home\Model\UserModel.class.php 第 76 行.
SQL: SELECT * FROM `tp_user` WHERE ( username='zhouzhou'&&password='748964e0a3e61c156e09750566a42395' ) LIMIT 1   [ RunTime:0.000767s ]
NOTIC: [8] Undefined variable: _SESSTION D:\wamp\www\thinkphp2\Application\Home\Model\UserModel.class.php 第 88 行.
NOTIC: [8] Undefined variable: user_verify D:\wamp\www\thinkphp2\Application\Home\Model\UserModel.class.php 第 88 行.
INFO: [ app_end ] --START--
INFO: Run Behavior\ShowPageTraceBehavior [ RunTime:0.001359s ]
INFO: [ app_end ] --END-- [ RunTime:0.001478s ]

[ 2014-11-21T20:02:23+08:00 ] 127.0.0.1 /thinkphp2/index.php/Home/User/login.html
INFO: [ app_begin ] --START--
INFO: Run Behavior\ReadHtmlCacheBehavior [ RunTime:0.001952s ]
INFO: [ app_begin ] --END-- [ RunTime:0.003139s ]
SQL: SHOW COLUMNS FROM `tp_user` [ RunTime:0.006767s ]
NOTIC: [2] Missing argument 3 for Home\Model\UserModel::login(), called in D:\wamp\www\thinkphp2\Application\Home\Controller\UserController.class.php on line 11 and defined D:\wamp\www\thinkphp2\Application\Home\Model\UserModel.class.php 第 76 行.
SQL: SELECT * FROM `tp_user` WHERE ( username='zhouzhou'&&password='748964e0a3e61c156e09750566a42395' ) LIMIT 1   [ RunTime:0.000759s ]
NOTIC: [8] Undefined variable: user_verify D:\wamp\www\thinkphp2\Application\Home\Model\UserModel.class.php 第 88 行.
INFO: [ app_end ] --START--
INFO: Run Behavior\ShowPageTraceBehavior [ RunTime:0.001577s ]
INFO: [ app_end ] --END-- [ RunTime:0.001716s ]

[ 2014-11-21T20:02:33+08:00 ] 127.0.0.1 /thinkphp2/index.php/Home/User/login.html
INFO: [ app_begin ] --START--
INFO: Run Behavior\ReadHtmlCacheBehavior [ RunTime:0.001081s ]
INFO: [ app_begin ] --END-- [ RunTime:0.001854s ]
SQL: SHOW COLUMNS FROM `tp_user` [ RunTime:0.006877s ]
NOTIC: [2] Missing argument 3 for Home\Model\UserModel::login(), called in D:\wamp\www\thinkphp2\Application\Home\Controller\UserController.class.php on line 11 and defined D:\wamp\www\thinkphp2\Application\Home\Model\UserModel.class.php 第 76 行.
SQL: SELECT * FROM `tp_user` WHERE ( username='zhouzhou'&&password='748964e0a3e61c156e09750566a42395' ) LIMIT 1   [ RunTime:0.000634s ]
NOTIC: [8] Undefined variable: user_verify D:\wamp\www\thinkphp2\Application\Home\Model\UserModel.class.php 第 88 行.
INFO: [ app_end ] --START--
INFO: Run Behavior\ShowPageTraceBehavior [ RunTime:0.001851s ]
INFO: [ app_end ] --END-- [ RunTime:0.002015s ]

[ 2014-11-21T20:02:35+08:00 ] 127.0.0.1 /thinkphp2/index.php/Home/User/login.html
INFO: [ app_begin ] --START--
INFO: Run Behavior\ReadHtmlCacheBehavior [ RunTime:0.001089s ]
INFO: [ app_begin ] --END-- [ RunTime:0.001842s ]
SQL: SHOW COLUMNS FROM `tp_user` [ RunTime:0.007594s ]
NOTIC: [2] Missing argument 3 for Home\Model\UserModel::login(), called in D:\wamp\www\thinkphp2\Application\Home\Controller\UserController.class.php on line 11 and defined D:\wamp\www\thinkphp2\Application\Home\Model\UserModel.class.php 第 76 行.
SQL: SELECT * FROM `tp_user` WHERE ( username='zhouzhou'&&password='748964e0a3e61c156e09750566a42395' ) LIMIT 1   [ RunTime:0.000732s ]
NOTIC: [8] Undefined variable: user_verify D:\wamp\www\thinkphp2\Application\Home\Model\UserModel.class.php 第 88 行.
INFO: [ app_end ] --START--
INFO: Run Behavior\ShowPageTraceBehavior [ RunTime:0.001771s ]
INFO: [ app_end ] --END-- [ RunTime:0.001954s ]

[ 2014-11-21T20:02:35+08:00 ] 127.0.0.1 /thinkphp2/index.php/Home/User/login.html
INFO: [ app_begin ] --START--
INFO: Run Behavior\ReadHtmlCacheBehavior [ RunTime:0.001105s ]
INFO: [ app_begin ] --END-- [ RunTime:0.001879s ]
SQL: SHOW COLUMNS FROM `tp_user` [ RunTime:0.007256s ]
NOTIC: [2] Missing argument 3 for Home\Model\UserModel::login(), called in D:\wamp\www\thinkphp2\Application\Home\Controller\UserController.class.php on line 11 and defined D:\wamp\www\thinkphp2\Application\Home\Model\UserModel.class.php 第 76 行.
SQL: SELECT * FROM `tp_user` WHERE ( username='zhouzhou'&&password='748964e0a3e61c156e09750566a42395' ) LIMIT 1   [ RunTime:0.000802s ]
NOTIC: [8] Undefined variable: user_verify D:\wamp\www\thinkphp2\Application\Home\Model\UserModel.class.php 第 88 行.
INFO: [ app_end ] --START--
INFO: Run Behavior\ShowPageTraceBehavior [ RunTime:0.001630s ]
INFO: [ app_end ] --END-- [ RunTime:0.001894s ]

[ 2014-11-21T20:02:35+08:00 ] 127.0.0.1 /thinkphp2/index.php/Home/User/login.html
INFO: [ app_begin ] --START--
INFO: Run Behavior\ReadHtmlCacheBehavior [ RunTime:0.001693s ]
INFO: [ app_begin ] --END-- [ RunTime:0.003030s ]
SQL: SHOW COLUMNS FROM `tp_user` [ RunTime:0.006668s ]
NOTIC: [2] Missing argument 3 for Home\Model\UserModel::login(), called in D:\wamp\www\thinkphp2\Application\Home\Controller\UserController.class.php on line 11 and defined D:\wamp\www\thinkphp2\Application\Home\Model\UserModel.class.php 第 76 行.
SQL: SELECT * FROM `tp_user` WHERE ( username='zhouzhou'&&password='748964e0a3e61c156e09750566a42395' ) LIMIT 1   [ RunTime:0.000691s ]
NOTIC: [8] Undefined variable: user_verify D:\wamp\www\thinkphp2\Application\Home\Model\UserModel.class.php 第 88 行.
INFO: [ app_end ] --START--
INFO: Run Behavior\ShowPageTraceBehavior [ RunTime:0.001842s ]
INFO: [ app_end ] --END-- [ RunTime:0.002051s ]

[ 2014-11-21T20:02:45+08:00 ] 127.0.0.1 /thinkphp2/index.php/Home/User/login.html
INFO: [ app_begin ] --START--
INFO: Run Behavior\ReadHtmlCacheBehavior [ RunTime:0.001507s ]
INFO: [ app_begin ] --END-- [ RunTime:0.002520s ]
SQL: SHOW COLUMNS FROM `tp_user` [ RunTime:0.006374s ]
NOTIC: [2] Missing argument 3 for Home\Model\UserModel::login(), called in D:\wamp\www\thinkphp2\Application\Home\Controller\UserController.class.php on line 11 and defined D:\wamp\www\thinkphp2\Application\Home\Model\UserModel.class.php 第 76 行.
SQL: SELECT * FROM `tp_user` WHERE ( username='zhouzhou'&&password='748964e0a3e61c156e09750566a42395' ) LIMIT 1   [ RunTime:0.000629s ]
NOTIC: [8] Undefined variable: user_verify D:\wamp\www\thinkphp2\Application\Home\Model\UserModel.class.php 第 88 行.
INFO: [ app_end ] --START--
INFO: Run Behavior\ShowPageTraceBehavior [ RunTime:0.001459s ]
INFO: [ app_end ] --END-- [ RunTime:0.001611s ]

[ 2014-11-21T20:03:12+08:00 ] 127.0.0.1 /thinkphp2/index.php/Home/User/login.html
INFO: [ app_begin ] --START--
INFO: Run Behavior\ReadHtmlCacheBehavior [ RunTime:0.001662s ]
INFO: [ app_begin ] --END-- [ RunTime:0.002787s ]
SQL: SHOW COLUMNS FROM `tp_user` [ RunTime:0.007809s ]
NOTIC: [2] Missing argument 3 for Home\Model\UserModel::login(), called in D:\wamp\www\thinkphp2\Application\Home\Controller\UserController.class.php on line 11 and defined D:\wamp\www\thinkphp2\Application\Home\Model\UserModel.class.php 第 76 行.
NOTIC: [8] Undefined variable: user_verify D:\wamp\www\thinkphp2\Application\Home\Model\UserModel.class.php 第 86 行.
SQL: SELECT * FROM `tp_user` WHERE ( username='zhouzhou'&&password='748964e0a3e61c156e09750566a42395' ) LIMIT 1   [ RunTime:0.000770s ]
INFO: [ app_end ] --START--
INFO: Run Behavior\ShowPageTraceBehavior [ RunTime:0.001497s ]
INFO: [ app_end ] --END-- [ RunTime:0.001667s ]

[ 2014-11-21T20:03:22+08:00 ] 127.0.0.1 /thinkphp2/index.php/Home/User/login.html
INFO: [ app_begin ] --START--
INFO: Run Behavior\ReadHtmlCacheBehavior [ RunTime:0.001279s ]
INFO: [ app_begin ] --END-- [ RunTime:0.002114s ]
SQL: SHOW COLUMNS FROM `tp_user` [ RunTime:0.007187s ]
NOTIC: [2] Missing argument 3 for Home\Model\UserModel::login(), called in D:\wamp\www\thinkphp2\Application\Home\Controller\UserController.class.php on line 11 and defined D:\wamp\www\thinkphp2\Application\Home\Model\UserModel.class.php 第 76 行.
NOTIC: [8] Undefined variable: _SESSTION D:\wamp\www\thinkphp2\Application\Home\Model\UserModel.class.php 第 86 行.
NOTIC: [8] Undefined variable: user_verify D:\wamp\www\thinkphp2\Application\Home\Model\UserModel.class.php 第 86 行.
SQL: SELECT * FROM `tp_user` WHERE ( username='zhouzhou'&&password='748964e0a3e61c156e09750566a42395' ) LIMIT 1   [ RunTime:0.000628s ]
INFO: [ app_end ] --START--
INFO: Run Behavior\ShowPageTraceBehavior [ RunTime:0.001581s ]
INFO: [ app_end ] --END-- [ RunTime:0.001706s ]

[ 2014-11-21T20:03:31+08:00 ] 127.0.0.1 /thinkphp2/index.php/Home/User/login.html
INFO: [ app_begin ] --START--
INFO: Run Behavior\ReadHtmlCacheBehavior [ RunTime:0.001168s ]
INFO: [ app_begin ] --END-- [ RunTime:0.002062s ]
SQL: SHOW COLUMNS FROM `tp_user` [ RunTime:0.006948s ]
NOTIC: [2] Missing argument 3 for Home\Model\UserModel::login(), called in D:\wamp\www\thinkphp2\Application\Home\Controller\UserController.class.php on line 11 and defined D:\wamp\www\thinkphp2\Application\Home\Model\UserModel.class.php 第 76 行.
SQL: SELECT * FROM `tp_user` WHERE ( username='zhouzhou'&&password='748964e0a3e61c156e09750566a42395' ) LIMIT 1   [ RunTime:0.000811s ]
INFO: [ app_end ] --START--
INFO: Run Behavior\ShowPageTraceBehavior [ RunTime:0.001391s ]
INFO: [ app_end ] --END-- [ RunTime:0.001555s ]

[ 2014-11-21T20:03:31+08:00 ] 127.0.0.1 /thinkphp2/index.php/Home/User/login.html
INFO: [ app_begin ] --START--
INFO: Run Behavior\ReadHtmlCacheBehavior [ RunTime:0.001060s ]
INFO: [ app_begin ] --END-- [ RunTime:0.001790s ]
SQL: SHOW COLUMNS FROM `tp_user` [ RunTime:0.006841s ]
NOTIC: [2] Missing argument 3 for Home\Model\UserModel::login(), called in D:\wamp\www\thinkphp2\Application\Home\Controller\UserController.class.php on line 11 and defined D:\wamp\www\thinkphp2\Application\Home\Model\UserModel.class.php 第 76 行.
SQL: SELECT * FROM `tp_user` WHERE ( username='zhouzhou'&&password='748964e0a3e61c156e09750566a42395' ) LIMIT 1   [ RunTime:0.000602s ]
INFO: [ app_end ] --START--
INFO: Run Behavior\ShowPageTraceBehavior [ RunTime:0.001315s ]
INFO: [ app_end ] --END-- [ RunTime:0.001453s ]

[ 2014-11-21T20:03:31+08:00 ] 127.0.0.1 /thinkphp2/index.php/Home/User/login.html
INFO: [ app_begin ] --START--
INFO: Run Behavior\ReadHtmlCacheBehavior [ RunTime:0.001076s ]
INFO: [ app_begin ] --END-- [ RunTime:0.001820s ]
SQL: SHOW COLUMNS FROM `tp_user` [ RunTime:0.007338s ]
NOTIC: [2] Missing argument 3 for Home\Model\UserModel::login(), called in D:\wamp\www\thinkphp2\Application\Home\Controller\UserController.class.php on line 11 and defined D:\wamp\www\thinkphp2\Application\Home\Model\UserModel.class.php 第 76 行.
SQL: SELECT * FROM `tp_user` WHERE ( username='zhouzhou'&&password='748964e0a3e61c156e09750566a42395' ) LIMIT 1   [ RunTime:0.000604s ]
INFO: [ app_end ] --START--
INFO: Run Behavior\ShowPageTraceBehavior [ RunTime:0.001299s ]
INFO: [ app_end ] --END-- [ RunTime:0.001428s ]

[ 2014-11-21T20:03:31+08:00 ] 127.0.0.1 /thinkphp2/index.php/Home/User/login.html
INFO: [ app_begin ] --START--
INFO: Run Behavior\ReadHtmlCacheBehavior [ RunTime:0.001094s ]
INFO: [ app_begin ] --END-- [ RunTime:0.001871s ]
SQL: SHOW COLUMNS FROM `tp_user` [ RunTime:0.007667s ]
NOTIC: [2] Missing argument 3 for Home\Model\UserModel::login(), called in D:\wamp\www\thinkphp2\Application\Home\Controller\UserController.class.php on line 11 and defined D:\wamp\www\thinkphp2\Application\Home\Model\UserModel.class.php 第 76 行.
SQL: SELECT * FROM `tp_user` WHERE ( username='zhouzhou'&&password='748964e0a3e61c156e09750566a42395' ) LIMIT 1   [ RunTime:0.000643s ]
INFO: [ app_end ] --START--
INFO: Run Behavior\ShowPageTraceBehavior [ RunTime:0.001571s ]
INFO: [ app_end ] --END-- [ RunTime:0.001716s ]

[ 2014-11-21T20:03:32+08:00 ] 127.0.0.1 /thinkphp2/index.php/Home/User/login.html
INFO: [ app_begin ] --START--
INFO: Run Behavior\ReadHtmlCacheBehavior [ RunTime:0.001072s ]
INFO: [ app_begin ] --END-- [ RunTime:0.001785s ]
SQL: SHOW COLUMNS FROM `tp_user` [ RunTime:0.010870s ]
NOTIC: [2] Missing argument 3 for Home\Model\UserModel::login(), called in D:\wamp\www\thinkphp2\Application\Home\Controller\UserController.class.php on line 11 and defined D:\wamp\www\thinkphp2\Application\Home\Model\UserModel.class.php 第 76 行.
SQL: SELECT * FROM `tp_user` WHERE ( username='zhouzhou'&&password='748964e0a3e61c156e09750566a42395' ) LIMIT 1   [ RunTime:0.000769s ]
INFO: [ app_end ] --START--
INFO: Run Behavior\ShowPageTraceBehavior [ RunTime:0.001442s ]
INFO: [ app_end ] --END-- [ RunTime:0.001610s ]

[ 2014-11-21T20:03:32+08:00 ] 127.0.0.1 /thinkphp2/index.php/Home/User/login.html
INFO: [ app_begin ] --START--
INFO: Run Behavior\ReadHtmlCacheBehavior [ RunTime:0.001309s ]
INFO: [ app_begin ] --END-- [ RunTime:0.002136s ]
SQL: SHOW COLUMNS FROM `tp_user` [ RunTime:0.006444s ]
NOTIC: [2] Missing argument 3 for Home\Model\UserModel::login(), called in D:\wamp\www\thinkphp2\Application\Home\Controller\UserController.class.php on line 11 and defined D:\wamp\www\thinkphp2\Application\Home\Model\UserModel.class.php 第 76 行.
SQL: SELECT * FROM `tp_user` WHERE ( username='zhouzhou'&&password='748964e0a3e61c156e09750566a42395' ) LIMIT 1   [ RunTime:0.000639s ]
INFO: [ app_end ] --START--
INFO: Run Behavior\ShowPageTraceBehavior [ RunTime:0.001337s ]
INFO: [ app_end ] --END-- [ RunTime:0.001467s ]

[ 2014-11-21T20:04:29+08:00 ] 127.0.0.1 /thinkphp2/index.php/Home/User/login.html
INFO: [ app_begin ] --START--
INFO: Run Behavior\ReadHtmlCacheBehavior [ RunTime:0.002046s ]
INFO: [ app_begin ] --END-- [ RunTime:0.003323s ]
SQL: SHOW COLUMNS FROM `tp_user` [ RunTime:0.008336s ]
SQL: SELECT * FROM `tp_user` WHERE ( username='zhouzhou'&&password='748964e0a3e61c156e09750566a42395' ) LIMIT 1   [ RunTime:0.000822s ]
INFO: [ app_end ] --START--
INFO: Run Behavior\ShowPageTraceBehavior [ RunTime:0.002275s ]
INFO: [ app_end ] --END-- [ RunTime:0.002495s ]

[ 2014-11-21T20:05:32+08:00 ] 127.0.0.1 /thinkphp2/index.php/Home/User/login.html
INFO: [ app_begin ] --START--
INFO: Run Behavior\ReadHtmlCacheBehavior [ RunTime:0.001418s ]
INFO: [ app_begin ] --END-- [ RunTime:0.002280s ]
SQL: SHOW COLUMNS FROM `tp_user` [ RunTime:0.007680s ]
SQL: SELECT * FROM `tp_user` WHERE ( username='zhouzhou'&&password='748964e0a3e61c156e09750566a42395' ) LIMIT 1   [ RunTime:0.000763s ]

[ 2014-11-21T20:06:15+08:00 ] 127.0.0.1 /thinkphp2/index.php/Home/User/login.html
INFO: [ app_begin ] --START--
INFO: Run Behavior\ReadHtmlCacheBehavior [ RunTime:0.001947s ]
INFO: [ app_begin ] --END-- [ RunTime:0.003095s ]
SQL: SHOW COLUMNS FROM `tp_user` [ RunTime:0.007673s ]
SQL: SELECT * FROM `tp_user` WHERE ( username='zhouzhou'&&password='748964e0a3e61c156e09750566a42395' ) LIMIT 1   [ RunTime:0.000685s ]

[ 2014-11-21T20:08:20+08:00 ] 127.0.0.1 /thinkphp2/index.php/Home/User/login.html
INFO: [ app_begin ] --START--
INFO: Run Behavior\ReadHtmlCacheBehavior [ RunTime:0.001702s ]
INFO: [ app_begin ] --END-- [ RunTime:0.002855s ]
SQL: SHOW COLUMNS FROM `tp_user` [ RunTime:0.007537s ]
NOTIC: [8] Undefined variable: _SESSTION D:\wamp\www\thinkphp2\Application\Home\Model\UserModel.class.php 第 86 行.

[ 2014-11-21T20:08:54+08:00 ] 127.0.0.1 /thinkphp2/index.php/Home/User/login.html
INFO: [ app_begin ] --START--
INFO: Run Behavior\ReadHtmlCacheBehavior [ RunTime:0.001491s ]
INFO: [ app_begin ] --END-- [ RunTime:0.002831s ]
SQL: SHOW COLUMNS FROM `tp_user` [ RunTime:0.007927s ]
NOTIC: [8] Undefined variable: _SESSTION D:\wamp\www\thinkphp2\Application\Home\Model\UserModel.class.php 第 87 行.

[ 2014-11-21T20:09:38+08:00 ] 127.0.0.1 /thinkphp2/index.php/Home/User/login.html
INFO: [ app_begin ] --START--
INFO: Run Behavior\ReadHtmlCacheBehavior [ RunTime:0.001620s ]
INFO: [ app_begin ] --END-- [ RunTime:0.002725s ]
SQL: SHOW COLUMNS FROM `tp_user` [ RunTime:0.007158s ]
NOTIC: [8] Undefined variable: _SESSTION D:\wamp\www\thinkphp2\Application\Home\Model\UserModel.class.php 第 87 行.
NOTIC: [8] Undefined variable: _SESSTION D:\wamp\www\thinkphp2\Application\Home\Model\UserModel.class.php 第 88 行.

[ 2014-11-21T20:09:57+08:00 ] 127.0.0.1 /thinkphp2/index.php/Home/User/login.html
INFO: [ app_begin ] --START--
INFO: Run Behavior\ReadHtmlCacheBehavior [ RunTime:0.001093s ]
INFO: [ app_begin ] --END-- [ RunTime:0.001829s ]
SQL: SHOW COLUMNS FROM `tp_user` [ RunTime:0.006640s ]
NOTIC: [8] Undefined variable: _SESSTION D:\wamp\www\thinkphp2\Application\Home\Model\UserModel.class.php 第 87 行.
NOTIC: [8] Undefined variable: _SESSTION D:\wamp\www\thinkphp2\Application\Home\Model\UserModel.class.php 第 88 行.

[ 2014-11-21T20:10:15+08:00 ] 127.0.0.1 /thinkphp2/index.php/Home/User/login.html
INFO: [ app_begin ] --START--
INFO: Run Behavior\ReadHtmlCacheBehavior [ RunTime:0.001641s ]
INFO: [ app_begin ] --END-- [ RunTime:0.002709s ]
SQL: SHOW COLUMNS FROM `tp_user` [ RunTime:0.006277s ]
NOTIC: [8] Undefined variable: _SESSTION D:\wamp\www\thinkphp2\Application\Home\Model\UserModel.class.php 第 87 行.
NOTIC: [8] Undefined variable: _SESSTION D:\wamp\www\thinkphp2\Application\Home\Model\UserModel.class.php 第 88 行.

[ 2014-11-21T20:11:23+08:00 ] 127.0.0.1 /thinkphp2/index.php/Home/User/login.html
INFO: [ app_begin ] --START--
INFO: Run Behavior\ReadHtmlCacheBehavior [ RunTime:0.001299s ]
INFO: [ app_begin ] --END-- [ RunTime:0.002156s ]
SQL: SHOW COLUMNS FROM `tp_user` [ RunTime:0.008428s ]
NOTIC: [8] Undefined variable: _SESSTION D:\wamp\www\thinkphp2\Application\Home\Model\UserModel.class.php 第 87 行.

[ 2014-11-21T20:11:36+08:00 ] 127.0.0.1 /thinkphp2/index.php/Home/User/login.html
INFO: [ app_begin ] --START--
INFO: Run Behavior\ReadHtmlCacheBehavior [ RunTime:0.001317s ]
INFO: [ app_begin ] --END-- [ RunTime:0.002138s ]
SQL: SHOW COLUMNS FROM `tp_user` [ RunTime:0.008153s ]

[ 2014-11-21T20:11:37+08:00 ] 127.0.0.1 /thinkphp2/index.php/Home/User/login.html
INFO: [ app_begin ] --START--
INFO: Run Behavior\ReadHtmlCacheBehavior [ RunTime:0.001256s ]
INFO: [ app_begin ] --END-- [ RunTime:0.001983s ]
SQL: SHOW COLUMNS FROM `tp_user` [ RunTime:0.007477s ]

[ 2014-11-21T20:11:37+08:00 ] 127.0.0.1 /thinkphp2/index.php/Home/User/login.html
INFO: [ app_begin ] --START--
INFO: Run Behavior\ReadHtmlCacheBehavior [ RunTime:0.001075s ]
INFO: [ app_begin ] --END-- [ RunTime:0.001827s ]
SQL: SHOW COLUMNS FROM `tp_user` [ RunTime:0.006515s ]

[ 2014-11-21T20:11:37+08:00 ] 127.0.0.1 /thinkphp2/index.php/Home/User/login.html
INFO: [ app_begin ] --START--
INFO: Run Behavior\ReadHtmlCacheBehavior [ RunTime:0.001698s ]
INFO: [ app_begin ] --END-- [ RunTime:0.002862s ]
SQL: SHOW COLUMNS FROM `tp_user` [ RunTime:0.008076s ]

[ 2014-11-21T20:11:37+08:00 ] 127.0.0.1 /thinkphp2/index.php/Home/User/login.html
INFO: [ app_begin ] --START--
INFO: Run Behavior\ReadHtmlCacheBehavior [ RunTime:0.001106s ]
INFO: [ app_begin ] --END-- [ RunTime:0.001826s ]
SQL: SHOW COLUMNS FROM `tp_user` [ RunTime:0.007592s ]

[ 2014-11-21T20:12:25+08:00 ] 127.0.0.1 /thinkphp2/index.php/Home/User/login.html
INFO: [ app_begin ] --START--
INFO: Run Behavior\ReadHtmlCacheBehavior [ RunTime:0.001785s ]
INFO: [ app_begin ] --END-- [ RunTime:0.002949s ]
SQL: SHOW COLUMNS FROM `tp_user` [ RunTime:0.007765s ]

[ 2014-11-21T20:13:33+08:00 ] 127.0.0.1 /thinkphp2/index.php/Home/User/login.html
INFO: [ app_begin ] --START--
INFO: Run Behavior\ReadHtmlCacheBehavior [ RunTime:0.001707s ]
INFO: [ app_begin ] --END-- [ RunTime:0.002783s ]
SQL: SHOW COLUMNS FROM `tp_user` [ RunTime:0.006656s ]

[ 2014-11-21T20:16:10+08:00 ] 127.0.0.1 /thinkphp2/index.php/Home/User/login.html
INFO: [ app_begin ] --START--
INFO: Run Behavior\ReadHtmlCacheBehavior [ RunTime:0.001333s ]
INFO: [ app_begin ] --END-- [ RunTime:0.002218s ]
SQL: SHOW COLUMNS FROM `tp_user` [ RunTime:0.008568s ]
NOTIC: [8] Undefined index: verify D:\wamp\www\thinkphp2\Application\Home\Model\UserModel.class.php 第 88 行.
NOTIC: [8] Undefined index: verify D:\wamp\www\thinkphp2\Application\Home\Model\UserModel.class.php 第 89 行.

[ 2014-11-21T20:16:39+08:00 ] 127.0.0.1 /thinkphp2/index.php/Home/User/login.html
INFO: [ app_begin ] --START--
INFO: Run Behavior\ReadHtmlCacheBehavior [ RunTime:0.001792s ]
INFO: [ app_begin ] --END-- [ RunTime:0.002741s ]
SQL: SHOW COLUMNS FROM `tp_user` [ RunTime:0.007202s ]
NOTIC: [8] Undefined index: verify D:\wamp\www\thinkphp2\Application\Home\Model\UserModel.class.php 第 88 行.
NOTIC: [8] Undefined index: verify D:\wamp\www\thinkphp2\Application\Home\Model\UserModel.class.php 第 89 行.

[ 2014-11-21T20:24:12+08:00 ] 127.0.0.1 /thinkphp2/index.php/Home/User/login.html
INFO: [ app_begin ] --START--
INFO: Run Behavior\ReadHtmlCacheBehavior [ RunTime:0.001524s ]
INFO: [ app_begin ] --END-- [ RunTime:0.002669s ]
SQL: SHOW COLUMNS FROM `tp_user` [ RunTime:0.007763s ]
SQL: SELECT * FROM `tp_user` WHERE ( username='zhouzhou'&&password='748964e0a3e61c156e09750566a42395' ) LIMIT 1   [ RunTime:0.000755s ]

[ 2014-11-21T20:24:20+08:00 ] 127.0.0.1 /thinkphp2/index.php/Home/User/login.html
INFO: [ app_begin ] --START--
INFO: Run Behavior\ReadHtmlCacheBehavior [ RunTime:0.001336s ]
INFO: [ app_begin ] --END-- [ RunTime:0.002327s ]
SQL: SHOW COLUMNS FROM `tp_user` [ RunTime:0.006480s ]
SQL: SELECT * FROM `tp_user` WHERE ( username='zhouzhou'&&password='748964e0a3e61c156e09750566a42395' ) LIMIT 1   [ RunTime:0.000610s ]

[ 2014-11-21T20:26:29+08:00 ] 127.0.0.1 /thinkphp2/index.php/Home/User/login.html
INFO: [ app_begin ] --START--
INFO: Run Behavior\ReadHtmlCacheBehavior [ RunTime:0.001785s ]
INFO: [ app_begin ] --END-- [ RunTime:0.002655s ]
SQL: SHOW COLUMNS FROM `tp_user` [ RunTime:0.007841s ]
SQL: SELECT * FROM `tp_user` WHERE ( username='zhouzhou'&&password='748964e0a3e61c156e09750566a42395' ) LIMIT 1   [ RunTime:0.000789s ]

[ 2014-11-21T20:28:55+08:00 ] 127.0.0.1 /thinkphp2/index.php/Home/User/login.html
INFO: [ app_begin ] --START--
INFO: Run Behavior\ReadHtmlCacheBehavior [ RunTime:0.002086s ]
INFO: [ app_begin ] --END-- [ RunTime:0.003376s ]
SQL: SHOW COLUMNS FROM `tp_user` [ RunTime:0.006654s ]
NOTIC: [8] Undefined index: verify D:\wamp\www\thinkphp2\Application\Home\Model\UserModel.class.php 第 87 行.

[ 2014-11-21T20:29:18+08:00 ] 127.0.0.1 /thinkphp2/index.php/Home/User/login.html
INFO: [ app_begin ] --START--
INFO: Run Behavior\ReadHtmlCacheBehavior [ RunTime:0.001427s ]
INFO: [ app_begin ] --END-- [ RunTime:0.002369s ]
SQL: SHOW COLUMNS FROM `tp_user` [ RunTime:0.007652s ]
NOTIC: [8] Undefined index: verify D:\wamp\www\thinkphp2\Application\Home\Model\UserModel.class.php 第 87 行.

[ 2014-11-21T20:30:05+08:00 ] 127.0.0.1 /thinkphp2/index.php/Home/User/login.html
INFO: [ app_begin ] --START--
INFO: Run Behavior\ReadHtmlCacheBehavior [ RunTime:0.001223s ]
INFO: [ app_begin ] --END-- [ RunTime:0.002023s ]
SQL: SHOW COLUMNS FROM `tp_user` [ RunTime:0.007028s ]
NOTIC: [8] Undefined index: verify D:\wamp\www\thinkphp2\Application\Home\Model\UserModel.class.php 第 87 行.
SQL: SELECT * FROM `tp_user` WHERE ( username='zhouzhou'&&password='748964e0a3e61c156e09750566a42395' ) LIMIT 1   [ RunTime:0.000744s ]

[ 2014-11-21T20:30:42+08:00 ] 127.0.0.1 /thinkphp2/index.php/Home/User/login.html
INFO: [ app_begin ] --START--
INFO: Run Behavior\ReadHtmlCacheBehavior [ RunTime:0.001136s ]
INFO: [ app_begin ] --END-- [ RunTime:0.002057s ]
SQL: SHOW COLUMNS FROM `tp_user` [ RunTime:0.008450s ]
NOTIC: [8] Undefined index: verify D:\wamp\www\thinkphp2\Application\Home\Model\UserModel.class.php 第 87 行.
SQL: SELECT * FROM `tp_user` WHERE ( username='zhouzhou'&&password='748964e0a3e61c156e09750566a42395' ) LIMIT 1   [ RunTime:0.000754s ]

[ 2014-11-21T20:30:43+08:00 ] 127.0.0.1 /thinkphp2/index.php/Home/User/login.html
INFO: [ app_begin ] --START--
INFO: Run Behavior\ReadHtmlCacheBehavior [ RunTime:0.001994s ]
INFO: [ app_begin ] --END-- [ RunTime:0.003181s ]
SQL: SHOW COLUMNS FROM `tp_user` [ RunTime:0.007338s ]
NOTIC: [8] Undefined index: verify D:\wamp\www\thinkphp2\Application\Home\Model\UserModel.class.php 第 87 行.
SQL: SELECT * FROM `tp_user` WHERE ( username='zhouzhou'&&password='748964e0a3e61c156e09750566a42395' ) LIMIT 1   [ RunTime:0.000605s ]

[ 2014-11-21T20:30:43+08:00 ] 127.0.0.1 /thinkphp2/index.php/Home/User/login.html
INFO: [ app_begin ] --START--
INFO: Run Behavior\ReadHtmlCacheBehavior [ RunTime:0.001176s ]
INFO: [ app_begin ] --END-- [ RunTime:0.001933s ]
SQL: SHOW COLUMNS FROM `tp_user` [ RunTime:0.006773s ]
NOTIC: [8] Undefined index: verify D:\wamp\www\thinkphp2\Application\Home\Model\UserModel.class.php 第 87 行.
SQL: SELECT * FROM `tp_user` WHERE ( username='zhouzhou'&&password='748964e0a3e61c156e09750566a42395' ) LIMIT 1   [ RunTime:0.000635s ]

[ 2014-11-21T20:30:43+08:00 ] 127.0.0.1 /thinkphp2/index.php/Home/User/login.html
INFO: [ app_begin ] --START--
INFO: Run Behavior\ReadHtmlCacheBehavior [ RunTime:0.001642s ]
INFO: [ app_begin ] --END-- [ RunTime:0.002546s ]
SQL: SHOW COLUMNS FROM `tp_user` [ RunTime:0.008028s ]
NOTIC: [8] Undefined index: verify D:\wamp\www\thinkphp2\Application\Home\Model\UserModel.class.php 第 87 行.
SQL: SELECT * FROM `tp_user` WHERE ( username='zhouzhou'&&password='748964e0a3e61c156e09750566a42395' ) LIMIT 1   [ RunTime:0.000864s ]

[ 2014-11-21T20:31:47+08:00 ] 127.0.0.1 /thinkphp2/index.php/Home/User/login.html
INFO: [ app_begin ] --START--
INFO: Run Behavior\ReadHtmlCacheBehavior [ RunTime:0.002087s ]
INFO: [ app_begin ] --END-- [ RunTime:0.003374s ]
SQL: SHOW COLUMNS FROM `tp_user` [ RunTime:0.007438s ]
NOTIC: [8] Undefined index: verify D:\wamp\www\thinkphp2\Application\Home\Model\UserModel.class.php 第 87 行.

[ 2014-11-21T20:32:00+08:00 ] 127.0.0.1 /thinkphp2/index.php/Home/User/login.html
INFO: [ app_begin ] --START--
INFO: Run Behavior\ReadHtmlCacheBehavior [ RunTime:0.002441s ]
INFO: [ app_begin ] --END-- [ RunTime:0.003397s ]
SQL: SHOW COLUMNS FROM `tp_user` [ RunTime:0.007615s ]
NOTIC: [8] Undefined index: verify D:\wamp\www\thinkphp2\Application\Home\Model\UserModel.class.php 第 87 行.

[ 2014-11-21T20:32:25+08:00 ] 127.0.0.1 /thinkphp2/index.php/Home/User/login.html
INFO: [ app_begin ] --START--
INFO: Run Behavior\ReadHtmlCacheBehavior [ RunTime:0.001347s ]
INFO: [ app_begin ] --END-- [ RunTime:0.002351s ]
SQL: SHOW COLUMNS FROM `tp_user` [ RunTime:0.007813s ]
NOTIC: [8] Undefined index: verify D:\wamp\www\thinkphp2\Application\Home\Model\UserModel.class.php 第 86 行.
NOTIC: [8] Undefined index: verify D:\wamp\www\thinkphp2\Application\Home\Model\UserModel.class.php 第 87 行.

[ 2014-11-21T20:36:29+08:00 ] 127.0.0.1 /thinkphp2/index.php/Home/User/login.html
INFO: [ app_begin ] --START--
INFO: Run Behavior\ReadHtmlCacheBehavior [ RunTime:0.001306s ]
INFO: [ app_begin ] --END-- [ RunTime:0.002212s ]
SQL: SHOW COLUMNS FROM `tp_user` [ RunTime:0.006529s ]
NOTIC: [8] Undefined index: verify D:\wamp\www\thinkphp2\Application\Home\Model\UserModel.class.php 第 86 行.
NOTIC: [8] Undefined index: verify D:\wamp\www\thinkphp2\Application\Home\Model\UserModel.class.php 第 87 行.

[ 2014-11-21T20:36:47+08:00 ] 127.0.0.1 /thinkphp2/index.php/Home/User/login.html
INFO: [ app_begin ] --START--
INFO: Run Behavior\ReadHtmlCacheBehavior [ RunTime:0.001798s ]
INFO: [ app_begin ] --END-- [ RunTime:0.003090s ]
SQL: SHOW COLUMNS FROM `tp_user` [ RunTime:0.007139s ]
SQL: SELECT * FROM `tp_user` WHERE ( username='zhouzhou'&&password='748964e0a3e61c156e09750566a42395' ) LIMIT 1   [ RunTime:0.000769s ]

[ 2014-11-21T20:38:22+08:00 ] 127.0.0.1 /thinkphp2/index.php/Home/User/login.html
INFO: [ app_begin ] --START--
INFO: Run Behavior\ReadHtmlCacheBehavior [ RunTime:0.001099s ]
INFO: [ app_begin ] --END-- [ RunTime:0.001833s ]
SQL: SHOW COLUMNS FROM `tp_user` [ RunTime:0.006329s ]
SQL: SELECT * FROM `tp_user` WHERE ( username='zhouzhou'&&password='748964e0a3e61c156e09750566a42395' ) LIMIT 1   [ RunTime:0.000760s ]

[ 2014-11-21T20:43:01+08:00 ] 127.0.0.1 /thinkphp2/index.php/Home/User/login.html
INFO: [ app_begin ] --START--
INFO: Run Behavior\ReadHtmlCacheBehavior [ RunTime:0.002240s ]
INFO: [ app_begin ] --END-- [ RunTime:0.003490s ]
SQL: SHOW COLUMNS FROM `tp_user` [ RunTime:0.007992s ]
SQL: SELECT * FROM `tp_user` WHERE ( username='zhouzhou'&&password='748964e0a3e61c156e09750566a42395' ) LIMIT 1   [ RunTime:0.000846s ]

[ 2014-11-21T20:43:05+08:00 ] 127.0.0.1 /thinkphp2/index.php/Home/User/login.html
INFO: [ app_begin ] --START--
INFO: Run Behavior\ReadHtmlCacheBehavior [ RunTime:0.002175s ]
INFO: [ app_begin ] --END-- [ RunTime:0.003307s ]
SQL: SHOW COLUMNS FROM `tp_user` [ RunTime:0.006964s ]
SQL: SELECT * FROM `tp_user` WHERE ( username='zhouzhou'&&password='748964e0a3e61c156e09750566a42395' ) LIMIT 1   [ RunTime:0.000736s ]

[ 2014-11-21T20:44:14+08:00 ] 127.0.0.1 /thinkphp2/index.php/Home/User/login.html
INFO: [ app_begin ] --START--
INFO: Run Behavior\ReadHtmlCacheBehavior [ RunTime:0.001337s ]
INFO: [ app_begin ] --END-- [ RunTime:0.002304s ]
SQL: SHOW COLUMNS FROM `tp_user` [ RunTime:0.007513s ]
SQL: SELECT * FROM `tp_user` WHERE ( username='zhouzhou'&&password='748964e0a3e61c156e09750566a42395' ) LIMIT 1   [ RunTime:0.000641s ]

[ 2014-11-21T20:48:28+08:00 ] 127.0.0.1 /thinkphp2/index.php/Home/User/login.html
INFO: [ app_begin ] --START--
INFO: Run Behavior\ReadHtmlCacheBehavior [ RunTime:0.002041s ]
INFO: [ app_begin ] --END-- [ RunTime:0.003337s ]
SQL: SHOW COLUMNS FROM `tp_user` [ RunTime:0.009072s ]
SQL: SELECT * FROM `tp_user` WHERE ( username='zhouzhou'&&password='748964e0a3e61c156e09750566a42395' ) LIMIT 1   [ RunTime:0.000853s ]

[ 2014-11-21T20:49:39+08:00 ] 127.0.0.1 /thinkphp2/index.php/Home/User/login.html
INFO: [ app_begin ] --START--
INFO: Run Behavior\ReadHtmlCacheBehavior [ RunTime:0.002010s ]
INFO: [ app_begin ] --END-- [ RunTime:0.002960s ]
SQL: SHOW COLUMNS FROM `tp_user` [ RunTime:0.007296s ]
SQL: SELECT * FROM `tp_user` WHERE ( username='zhouzhou'&&password='748964e0a3e61c156e09750566a42395' ) LIMIT 1   [ RunTime:0.000737s ]

