[ 2015-04-18T10:14:19+08:00 ] 127.0.0.1 /thinkphp2/index.php/Home/User/login.html
INFO: [ app_begin ] --START--
INFO: Run Behavior\ReadHtmlCacheBehavior [ RunTime:0.001627s ]
INFO: [ app_begin ] --END-- [ RunTime:0.002494s ]
NOTIC: [8] Use of undefined constant username - assumed 'username' D:\wamp\www\thinkphp2\Application\Home\Controller\UserController.class.php 第 13 行.
SQL: SHOW COLUMNS FROM `tp_user` [ RunTime:0.031671s ]
SQL: SELECT * FROM `tp_user` WHERE ( username='mankwan'&&password='2d6d99683ae8a7a080d02d22f33a903b' ) LIMIT 1   [ RunTime:0.000926s ]

[ 2015-04-18T10:43:28+08:00 ] 127.0.0.1 /thinkphp2/index.php/Home/Goods/js/city.min.js
INFO: [ app_begin ] --START--
INFO: Run Behavior\ReadHtmlCacheBehavior [ RunTime:0.002341s ]
INFO: [ app_begin ] --END-- [ RunTime:0.003958s ]
ERR: 非法操作:js

[ 2015-04-18T10:50:08+08:00 ] 127.0.0.1 /thinkphp2/index.php/Home/Goods/js/city.min.js
INFO: [ app_begin ] --START--
INFO: Run Behavior\ReadHtmlCacheBehavior [ RunTime:0.002422s ]
INFO: [ app_begin ] --END-- [ RunTime:0.003943s ]
ERR: 非法操作:js

[ 2015-04-18T10:52:26+08:00 ] 127.0.0.1 /thinkphp2/index.php/Home/Goods/__PUBLIC__/Js/city.min.js
INFO: [ app_begin ] --START--
INFO: Run Behavior\ReadHtmlCacheBehavior [ RunTime:0.002316s ]
INFO: [ app_begin ] --END-- [ RunTime:0.003996s ]
ERR: 非法操作:__PUBLIC__

[ 2015-04-18T11:05:05+08:00 ] 127.0.0.1 /thinkphp2/index.php/Home/Public/Js/city.min.js
INFO: [ app_begin ] --START--
INFO: Run Behavior\ReadHtmlCacheBehavior [ RunTime:0.001953s ]
INFO: [ app_begin ] --END-- [ RunTime:0.003191s ]
ERR: 无法加载控制器:Public

[ 2015-04-18T11:05:19+08:00 ] 127.0.0.1 /thinkphp2/index.php/Home/Public/Js/city.min.js
INFO: [ app_begin ] --START--
INFO: Run Behavior\ReadHtmlCacheBehavior [ RunTime:0.002300s ]
INFO: [ app_begin ] --END-- [ RunTime:0.003773s ]
ERR: 无法加载控制器:Public

[ 2015-04-18T11:05:49+08:00 ] 127.0.0.1 /thinkphp2/index.php/Home/Public/Js/city.min.js
ERR: 无法加载控制器:Public

[ 2015-04-18T11:10:59+08:00 ] 127.0.0.1 /thinkphp2/index.php/Home/Public/Js/city.min.js
ERR: 无法加载控制器:Public

[ 2015-04-18T11:12:39+08:00 ] 127.0.0.1 /thinkphp2/index.php/Home/Public/Js/city.min.js
INFO: [ app_begin ] --START--
INFO: Run Behavior\ReadHtmlCacheBehavior [ RunTime:0.002197s ]
INFO: [ app_begin ] --END-- [ RunTime:0.003463s ]
ERR: 无法加载控制器:Public

[ 2015-04-18T11:14:57+08:00 ] 127.0.0.1 /thinkphp2/index.php/Home/Goods/gShock/id/Public/Js/city.min.js
INFO: [ app_begin ] --START--
INFO: Run Behavior\ReadHtmlCacheBehavior [ RunTime:0.001794s ]
INFO: [ app_begin ] --END-- [ RunTime:0.003172s ]
SQL: SHOW COLUMNS FROM `tp_goods` [ RunTime:0.007999s ]
SQL: SELECT * FROM `tp_goods` WHERE ( id='Public' ) LIMIT 1   [ RunTime:0.000612s ]
INFO: [ view_parse ] --START--
INFO: [ template_filter ] --START--
INFO: Run Behavior\ContentReplaceBehavior [ RunTime:0.000286s ]
INFO: [ template_filter ] --END-- [ RunTime:0.000509s ]
NOTIC: [8] Undefined variable: username D:\wamp\www\thinkphp2\Application\Runtime\Cache\Home\ea36e396190ed8bc942b9628a1b4208a.php 第 36 行.
INFO: Run Behavior\ParseTemplateBehavior [ RunTime:0.040580s ]
INFO: [ view_parse ] --END-- [ RunTime:0.040792s ]
INFO: [ view_filter ] --START--
INFO: Run Behavior\WriteHtmlCacheBehavior [ RunTime:0.000760s ]
INFO: [ view_filter ] --END-- [ RunTime:0.001015s ]
INFO: [ app_end ] --START--
INFO: Run Behavior\ShowPageTraceBehavior [ RunTime:0.001854s ]
INFO: [ app_end ] --END-- [ RunTime:0.002274s ]

[ 2015-04-18T11:15:06+08:00 ] 127.0.0.1 /thinkphp2/index.php/Home/Goods/gShock/id/Public/Js/city.min.js
INFO: [ app_begin ] --START--
INFO: Run Behavior\ReadHtmlCacheBehavior [ RunTime:0.001776s ]
INFO: [ app_begin ] --END-- [ RunTime:0.002999s ]
SQL: SHOW COLUMNS FROM `tp_goods` [ RunTime:0.011363s ]
SQL: SELECT * FROM `tp_goods` WHERE ( id='Public' ) LIMIT 1   [ RunTime:0.000687s ]
INFO: [ view_parse ] --START--
INFO: [ template_filter ] --START--
INFO: Run Behavior\ContentReplaceBehavior [ RunTime:0.000291s ]
INFO: [ template_filter ] --END-- [ RunTime:0.000518s ]
NOTIC: [8] Undefined variable: username D:\wamp\www\thinkphp2\Application\Runtime\Cache\Home\ea36e396190ed8bc942b9628a1b4208a.php 第 36 行.
INFO: Run Behavior\ParseTemplateBehavior [ RunTime:0.039884s ]
INFO: [ view_parse ] --END-- [ RunTime:0.040150s ]
INFO: [ view_filter ] --START--
INFO: Run Behavior\WriteHtmlCacheBehavior [ RunTime:0.000799s ]
INFO: [ view_filter ] --END-- [ RunTime:0.000982s ]
INFO: [ app_end ] --START--
INFO: Run Behavior\ShowPageTraceBehavior [ RunTime:0.001912s ]
INFO: [ app_end ] --END-- [ RunTime:0.002122s ]

[ 2015-04-18T11:16:40+08:00 ] 127.0.0.1 /thinkphp2/index.php/Home/Goods/gShock/id/Public/Js/city.min.js
INFO: [ app_begin ] --START--
INFO: Run Behavior\ReadHtmlCacheBehavior [ RunTime:0.001251s ]
INFO: [ app_begin ] --END-- [ RunTime:0.002482s ]
SQL: SHOW COLUMNS FROM `tp_goods` [ RunTime:0.008622s ]
SQL: SELECT * FROM `tp_goods` WHERE ( id='Public' ) LIMIT 1   [ RunTime:0.000672s ]
INFO: [ view_parse ] --START--
INFO: [ template_filter ] --START--
INFO: Run Behavior\ContentReplaceBehavior [ RunTime:0.000297s ]
INFO: [ template_filter ] --END-- [ RunTime:0.000633s ]
NOTIC: [8] Undefined variable: username D:\wamp\www\thinkphp2\Application\Runtime\Cache\Home\ea36e396190ed8bc942b9628a1b4208a.php 第 36 行.
INFO: Run Behavior\ParseTemplateBehavior [ RunTime:0.039360s ]
INFO: [ view_parse ] --END-- [ RunTime:0.039654s ]
INFO: [ view_filter ] --START--
INFO: Run Behavior\WriteHtmlCacheBehavior [ RunTime:0.000782s ]
INFO: [ view_filter ] --END-- [ RunTime:0.000973s ]
INFO: [ app_end ] --START--
INFO: Run Behavior\ShowPageTraceBehavior [ RunTime:0.001920s ]
INFO: [ app_end ] --END-- [ RunTime:0.002137s ]

[ 2015-04-18T11:17:15+08:00 ] 127.0.0.1 /thinkphp2/index.php/Home/Goods/gShock/Public/Js/city.min.js
INFO: [ app_begin ] --START--
INFO: Run Behavior\ReadHtmlCacheBehavior [ RunTime:0.002291s ]
INFO: [ app_begin ] --END-- [ RunTime:0.003184s ]
SQL: SHOW COLUMNS FROM `tp_goods` [ RunTime:0.009943s ]
SQL: SELECT * FROM `tp_goods` WHERE ( id='' ) LIMIT 1   [ RunTime:0.000742s ]
INFO: [ view_parse ] --START--
INFO: [ template_filter ] --START--
INFO: Run Behavior\ContentReplaceBehavior [ RunTime:0.000332s ]
INFO: [ template_filter ] --END-- [ RunTime:0.000553s ]
NOTIC: [8] Undefined variable: username D:\wamp\www\thinkphp2\Application\Runtime\Cache\Home\ea36e396190ed8bc942b9628a1b4208a.php 第 36 行.
INFO: Run Behavior\ParseTemplateBehavior [ RunTime:0.041049s ]
INFO: [ view_parse ] --END-- [ RunTime:0.041302s ]
INFO: [ view_filter ] --START--
INFO: Run Behavior\WriteHtmlCacheBehavior [ RunTime:0.001021s ]
INFO: [ view_filter ] --END-- [ RunTime:0.001195s ]
INFO: [ app_end ] --START--
INFO: Run Behavior\ShowPageTraceBehavior [ RunTime:0.002295s ]
INFO: [ app_end ] --END-- [ RunTime:0.002520s ]

[ 2015-04-18T11:18:17+08:00 ] 127.0.0.1 /thinkphp2/index.php/Home/Goods/gShock/Public/Js/city.min.js
INFO: [ app_begin ] --START--
INFO: Run Behavior\ReadHtmlCacheBehavior [ RunTime:0.002273s ]
INFO: [ app_begin ] --END-- [ RunTime:0.003708s ]
SQL: SHOW COLUMNS FROM `tp_goods` [ RunTime:0.009370s ]
SQL: SELECT * FROM `tp_goods` WHERE ( id='' ) LIMIT 1   [ RunTime:0.000647s ]
INFO: [ view_parse ] --START--
INFO: [ template_filter ] --START--
INFO: Run Behavior\ContentReplaceBehavior [ RunTime:0.000281s ]
INFO: [ template_filter ] --END-- [ RunTime:0.000467s ]
NOTIC: [8] Undefined variable: username D:\wamp\www\thinkphp2\Application\Runtime\Cache\Home\ea36e396190ed8bc942b9628a1b4208a.php 第 36 行.
INFO: Run Behavior\ParseTemplateBehavior [ RunTime:0.039993s ]
INFO: [ view_parse ] --END-- [ RunTime:0.040445s ]
INFO: [ view_filter ] --START--
INFO: Run Behavior\WriteHtmlCacheBehavior [ RunTime:0.001067s ]
INFO: [ view_filter ] --END-- [ RunTime:0.001248s ]
INFO: [ app_end ] --START--
INFO: Run Behavior\ShowPageTraceBehavior [ RunTime:0.002189s ]
INFO: [ app_end ] --END-- [ RunTime:0.002409s ]

[ 2015-04-18T11:18:33+08:00 ] 127.0.0.1 /thinkphp2/index.php/Home/Goods/gShock/Public/Js/city.min.js
INFO: [ app_begin ] --START--
INFO: Run Behavior\ReadHtmlCacheBehavior [ RunTime:0.002596s ]
INFO: [ app_begin ] --END-- [ RunTime:0.003976s ]
SQL: SHOW COLUMNS FROM `tp_goods` [ RunTime:0.008772s ]
SQL: SELECT * FROM `tp_goods` WHERE ( id='' ) LIMIT 1   [ RunTime:0.000702s ]
INFO: [ view_parse ] --START--
INFO: [ template_filter ] --START--
INFO: Run Behavior\ContentReplaceBehavior [ RunTime:0.000442s ]
INFO: [ template_filter ] --END-- [ RunTime:0.000771s ]
NOTIC: [8] Undefined variable: username D:\wamp\www\thinkphp2\Application\Runtime\Cache\Home\ea36e396190ed8bc942b9628a1b4208a.php 第 36 行.
INFO: Run Behavior\ParseTemplateBehavior [ RunTime:0.042377s ]
INFO: [ view_parse ] --END-- [ RunTime:0.042631s ]
INFO: [ view_filter ] --START--
INFO: Run Behavior\WriteHtmlCacheBehavior [ RunTime:0.001203s ]
INFO: [ view_filter ] --END-- [ RunTime:0.001399s ]
INFO: [ app_end ] --START--
INFO: Run Behavior\ShowPageTraceBehavior [ RunTime:0.002392s ]
INFO: [ app_end ] --END-- [ RunTime:0.002664s ]

[ 2015-04-18T11:19:20+08:00 ] 127.0.0.1 /thinkphp2/index.php/Home/Goods/gShock/Public/Js/city.min.js
INFO: [ app_begin ] --START--
INFO: Run Behavior\ReadHtmlCacheBehavior [ RunTime:0.001838s ]
INFO: [ app_begin ] --END-- [ RunTime:0.003177s ]
SQL: SHOW COLUMNS FROM `tp_goods` [ RunTime:0.007904s ]
SQL: SELECT * FROM `tp_goods` WHERE ( id='' ) LIMIT 1   [ RunTime:0.000612s ]
INFO: [ view_parse ] --START--
INFO: [ template_filter ] --START--
INFO: Run Behavior\ContentReplaceBehavior [ RunTime:0.000579s ]
INFO: [ template_filter ] --END-- [ RunTime:0.000878s ]
NOTIC: [8] Undefined variable: username D:\wamp\www\thinkphp2\Application\Runtime\Cache\Home\ea36e396190ed8bc942b9628a1b4208a.php 第 36 行.
INFO: Run Behavior\ParseTemplateBehavior [ RunTime:0.037478s ]
INFO: [ view_parse ] --END-- [ RunTime:0.037735s ]
INFO: [ view_filter ] --START--
INFO: Run Behavior\WriteHtmlCacheBehavior [ RunTime:0.000797s ]
INFO: [ view_filter ] --END-- [ RunTime:0.000976s ]
INFO: [ app_end ] --START--
INFO: Run Behavior\ShowPageTraceBehavior [ RunTime:0.002038s ]
INFO: [ app_end ] --END-- [ RunTime:0.002266s ]

[ 2015-04-18T11:20:15+08:00 ] 127.0.0.1 /thinkphp2/index.php/Home/Goods/gShock/Public/Js/city.min.js
INFO: [ app_begin ] --START--
INFO: Run Behavior\ReadHtmlCacheBehavior [ RunTime:0.001936s ]
INFO: [ app_begin ] --END-- [ RunTime:0.003380s ]
SQL: SHOW COLUMNS FROM `tp_goods` [ RunTime:0.008784s ]
SQL: SELECT * FROM `tp_goods` WHERE ( id='' ) LIMIT 1   [ RunTime:0.000731s ]
INFO: [ view_parse ] --START--
INFO: [ template_filter ] --START--
INFO: Run Behavior\ContentReplaceBehavior [ RunTime:0.000302s ]
INFO: [ template_filter ] --END-- [ RunTime:0.000565s ]
NOTIC: [8] Undefined variable: username D:\wamp\www\thinkphp2\Application\Runtime\Cache\Home\ea36e396190ed8bc942b9628a1b4208a.php 第 36 行.
INFO: Run Behavior\ParseTemplateBehavior [ RunTime:0.039244s ]
INFO: [ view_parse ] --END-- [ RunTime:0.039465s ]
INFO: [ view_filter ] --START--
INFO: Run Behavior\WriteHtmlCacheBehavior [ RunTime:0.000518s ]
INFO: [ view_filter ] --END-- [ RunTime:0.000623s ]
INFO: [ app_end ] --START--
INFO: Run Behavior\ShowPageTraceBehavior [ RunTime:0.001347s ]
INFO: [ app_end ] --END-- [ RunTime:0.001495s ]

[ 2015-04-18T11:20:29+08:00 ] 127.0.0.1 /thinkphp2/index.php/Home/Goods/gShock/Public/Js/city.min.js
INFO: [ app_begin ] --START--
INFO: Run Behavior\ReadHtmlCacheBehavior [ RunTime:0.001393s ]
INFO: [ app_begin ] --END-- [ RunTime:0.002324s ]
SQL: SHOW COLUMNS FROM `tp_goods` [ RunTime:0.009278s ]
SQL: SELECT * FROM `tp_goods` WHERE ( id='' ) LIMIT 1   [ RunTime:0.000718s ]
INFO: [ view_parse ] --START--
INFO: [ template_filter ] --START--
INFO: Run Behavior\ContentReplaceBehavior [ RunTime:0.000308s ]
INFO: [ template_filter ] --END-- [ RunTime:0.000542s ]
NOTIC: [8] Undefined variable: username D:\wamp\www\thinkphp2\Application\Runtime\Cache\Home\ea36e396190ed8bc942b9628a1b4208a.php 第 36 行.
INFO: Run Behavior\ParseTemplateBehavior [ RunTime:0.042257s ]
INFO: [ view_parse ] --END-- [ RunTime:0.042500s ]
INFO: [ view_filter ] --START--
INFO: Run Behavior\WriteHtmlCacheBehavior [ RunTime:0.000975s ]
INFO: [ view_filter ] --END-- [ RunTime:0.001572s ]
INFO: [ app_end ] --START--
INFO: Run Behavior\ShowPageTraceBehavior [ RunTime:0.002259s ]
INFO: [ app_end ] --END-- [ RunTime:0.002472s ]

[ 2015-04-18T11:21:10+08:00 ] 127.0.0.1 /thinkphp2/index.php/Home/Goods/gShock/Public/Js/city.min.js
INFO: [ app_begin ] --START--
INFO: Run Behavior\ReadHtmlCacheBehavior [ RunTime:0.001834s ]
INFO: [ app_begin ] --END-- [ RunTime:0.003162s ]
SQL: SHOW COLUMNS FROM `tp_goods` [ RunTime:0.008847s ]
SQL: SELECT * FROM `tp_goods` WHERE ( id='' ) LIMIT 1   [ RunTime:0.000671s ]
INFO: [ view_parse ] --START--
INFO: [ template_filter ] --START--
INFO: Run Behavior\ContentReplaceBehavior [ RunTime:0.000306s ]
INFO: [ template_filter ] --END-- [ RunTime:0.000546s ]
NOTIC: [8] Undefined variable: username D:\wamp\www\thinkphp2\Application\Runtime\Cache\Home\ea36e396190ed8bc942b9628a1b4208a.php 第 36 行.
INFO: Run Behavior\ParseTemplateBehavior [ RunTime:0.046264s ]
INFO: [ view_parse ] --END-- [ RunTime:0.046609s ]
INFO: [ view_filter ] --START--
INFO: Run Behavior\WriteHtmlCacheBehavior [ RunTime:0.001679s ]
INFO: [ view_filter ] --END-- [ RunTime:0.001944s ]
INFO: [ app_end ] --START--
INFO: Run Behavior\ShowPageTraceBehavior [ RunTime:0.002489s ]
INFO: [ app_end ] --END-- [ RunTime:0.002797s ]

[ 2015-04-18T11:22:55+08:00 ] 127.0.0.1 /thinkphp2/index.php/Home/Goods/gShock/Public/Js/city.min.js
INFO: [ app_begin ] --START--
INFO: Run Behavior\ReadHtmlCacheBehavior [ RunTime:0.003023s ]
INFO: [ app_begin ] --END-- [ RunTime:0.004572s ]
SQL: SHOW COLUMNS FROM `tp_goods` [ RunTime:0.009659s ]
SQL: SELECT * FROM `tp_goods` WHERE ( id='' ) LIMIT 1   [ RunTime:0.000682s ]
INFO: [ view_parse ] --START--
INFO: [ template_filter ] --START--
INFO: Run Behavior\ContentReplaceBehavior [ RunTime:0.000385s ]
INFO: [ template_filter ] --END-- [ RunTime:0.000625s ]
NOTIC: [8] Undefined variable: username D:\wamp\www\thinkphp2\Application\Runtime\Cache\Home\ea36e396190ed8bc942b9628a1b4208a.php 第 36 行.
INFO: Run Behavior\ParseTemplateBehavior [ RunTime:0.042390s ]
INFO: [ view_parse ] --END-- [ RunTime:0.042631s ]
INFO: [ view_filter ] --START--
INFO: Run Behavior\WriteHtmlCacheBehavior [ RunTime:0.001519s ]
INFO: [ view_filter ] --END-- [ RunTime:0.001744s ]
INFO: [ app_end ] --START--
INFO: Run Behavior\ShowPageTraceBehavior [ RunTime:0.002304s ]
INFO: [ app_end ] --END-- [ RunTime:0.002579s ]

[ 2015-04-18T11:23:07+08:00 ] 127.0.0.1 /thinkphp2/index.php/Home/Goods/gShock/Public/Js/city.min.js
INFO: [ app_begin ] --START--
INFO: Run Behavior\ReadHtmlCacheBehavior [ RunTime:0.003485s ]
INFO: [ app_begin ] --END-- [ RunTime:0.004865s ]
SQL: SHOW COLUMNS FROM `tp_goods` [ RunTime:0.008620s ]
SQL: SELECT * FROM `tp_goods` WHERE ( id='' ) LIMIT 1   [ RunTime:0.000647s ]
INFO: [ view_parse ] --START--
INFO: [ template_filter ] --START--
INFO: Run Behavior\ContentReplaceBehavior [ RunTime:0.000290s ]
INFO: [ template_filter ] --END-- [ RunTime:0.000507s ]
NOTIC: [8] Undefined variable: username D:\wamp\www\thinkphp2\Application\Runtime\Cache\Home\ea36e396190ed8bc942b9628a1b4208a.php 第 36 行.
INFO: Run Behavior\ParseTemplateBehavior [ RunTime:0.036436s ]
INFO: [ view_parse ] --END-- [ RunTime:0.036667s ]
INFO: [ view_filter ] --START--
INFO: Run Behavior\WriteHtmlCacheBehavior [ RunTime:0.001041s ]
INFO: [ view_filter ] --END-- [ RunTime:0.001227s ]
INFO: [ app_end ] --START--
INFO: Run Behavior\ShowPageTraceBehavior [ RunTime:0.002104s ]
INFO: [ app_end ] --END-- [ RunTime:0.002316s ]

[ 2015-04-18T11:23:36+08:00 ] 127.0.0.1 /thinkphp2/index.php/Home/Goods/gShock/Public/Js/city.min.js
INFO: [ app_begin ] --START--
INFO: Run Behavior\ReadHtmlCacheBehavior [ RunTime:0.002174s ]
INFO: [ app_begin ] --END-- [ RunTime:0.003491s ]
SQL: SHOW COLUMNS FROM `tp_goods` [ RunTime:0.008017s ]
SQL: SELECT * FROM `tp_goods` WHERE ( id='' ) LIMIT 1   [ RunTime:0.000698s ]
INFO: [ view_parse ] --START--
INFO: [ template_filter ] --START--
INFO: Run Behavior\ContentReplaceBehavior [ RunTime:0.000300s ]
INFO: [ template_filter ] --END-- [ RunTime:0.000530s ]
NOTIC: [8] Undefined variable: username D:\wamp\www\thinkphp2\Application\Runtime\Cache\Home\ea36e396190ed8bc942b9628a1b4208a.php 第 36 行.
INFO: Run Behavior\ParseTemplateBehavior [ RunTime:0.044158s ]
INFO: [ view_parse ] --END-- [ RunTime:0.044568s ]
INFO: [ view_filter ] --START--
INFO: Run Behavior\WriteHtmlCacheBehavior [ RunTime:0.000777s ]
INFO: [ view_filter ] --END-- [ RunTime:0.000962s ]
INFO: [ app_end ] --START--
INFO: Run Behavior\ShowPageTraceBehavior [ RunTime:0.002031s ]
INFO: [ app_end ] --END-- [ RunTime:0.002366s ]

[ 2015-04-18T11:25:34+08:00 ] 127.0.0.1 /thinkphp2/index.php/Home/Goods/gShock/Public/Js/city.min.js
INFO: [ app_begin ] --START--
INFO: Run Behavior\ReadHtmlCacheBehavior [ RunTime:0.003682s ]
INFO: [ app_begin ] --END-- [ RunTime:0.005475s ]
SQL: SHOW COLUMNS FROM `tp_goods` [ RunTime:0.009218s ]
SQL: SELECT * FROM `tp_goods` WHERE ( id='' ) LIMIT 1   [ RunTime:0.000658s ]
INFO: [ view_parse ] --START--
INFO: [ template_filter ] --START--
INFO: Run Behavior\ContentReplaceBehavior [ RunTime:0.000281s ]
INFO: [ template_filter ] --END-- [ RunTime:0.000469s ]
NOTIC: [8] Undefined variable: username D:\wamp\www\thinkphp2\Application\Runtime\Cache\Home\ea36e396190ed8bc942b9628a1b4208a.php 第 36 行.
INFO: Run Behavior\ParseTemplateBehavior [ RunTime:0.040361s ]
INFO: [ view_parse ] --END-- [ RunTime:0.040639s ]
INFO: [ view_filter ] --START--
INFO: Run Behavior\WriteHtmlCacheBehavior [ RunTime:0.001372s ]
INFO: [ view_filter ] --END-- [ RunTime:0.001607s ]
INFO: [ app_end ] --START--
INFO: Run Behavior\ShowPageTraceBehavior [ RunTime:0.002422s ]
INFO: [ app_end ] --END-- [ RunTime:0.002700s ]

[ 2015-04-18T11:25:59+08:00 ] 127.0.0.1 /thinkphp2/index.php/Home/Goods/gShock/Public/Js/city.min.js
INFO: [ app_begin ] --START--
INFO: Run Behavior\ReadHtmlCacheBehavior [ RunTime:0.001621s ]
INFO: [ app_begin ] --END-- [ RunTime:0.002442s ]
SQL: SHOW COLUMNS FROM `tp_goods` [ RunTime:0.010155s ]
SQL: SELECT * FROM `tp_goods` WHERE ( id='' ) LIMIT 1   [ RunTime:0.000695s ]
INFO: [ view_parse ] --START--
INFO: [ template_filter ] --START--
INFO: Run Behavior\ContentReplaceBehavior [ RunTime:0.000278s ]
INFO: [ template_filter ] --END-- [ RunTime:0.000498s ]
NOTIC: [8] Undefined variable: username D:\wamp\www\thinkphp2\Application\Runtime\Cache\Home\ea36e396190ed8bc942b9628a1b4208a.php 第 36 行.
INFO: Run Behavior\ParseTemplateBehavior [ RunTime:0.039286s ]
INFO: [ view_parse ] --END-- [ RunTime:0.039561s ]
INFO: [ view_filter ] --START--
INFO: Run Behavior\WriteHtmlCacheBehavior [ RunTime:0.000788s ]
INFO: [ view_filter ] --END-- [ RunTime:0.000973s ]
INFO: [ app_end ] --START--
INFO: Run Behavior\ShowPageTraceBehavior [ RunTime:0.001994s ]
INFO: [ app_end ] --END-- [ RunTime:0.002212s ]

[ 2015-04-18T11:26:35+08:00 ] 127.0.0.1 /thinkphp2/index.php/Home/Goods/gShock/Public/Js/city.min.js
INFO: [ app_begin ] --START--
INFO: Run Behavior\ReadHtmlCacheBehavior [ RunTime:0.001788s ]
INFO: [ app_begin ] --END-- [ RunTime:0.003032s ]
SQL: SHOW COLUMNS FROM `tp_goods` [ RunTime:0.008840s ]
SQL: SELECT * FROM `tp_goods` WHERE ( id='' ) LIMIT 1   [ RunTime:0.000719s ]
INFO: [ view_parse ] --START--
INFO: [ template_filter ] --START--
INFO: Run Behavior\ContentReplaceBehavior [ RunTime:0.000296s ]
INFO: [ template_filter ] --END-- [ RunTime:0.000571s ]
NOTIC: [8] Undefined variable: username D:\wamp\www\thinkphp2\Application\Runtime\Cache\Home\ea36e396190ed8bc942b9628a1b4208a.php 第 36 行.
INFO: Run Behavior\ParseTemplateBehavior [ RunTime:0.034453s ]
INFO: [ view_parse ] --END-- [ RunTime:0.034681s ]
INFO: [ view_filter ] --START--
INFO: Run Behavior\WriteHtmlCacheBehavior [ RunTime:0.000706s ]
INFO: [ view_filter ] --END-- [ RunTime:0.000875s ]
INFO: [ app_end ] --START--
INFO: Run Behavior\ShowPageTraceBehavior [ RunTime:0.002123s ]
INFO: [ app_end ] --END-- [ RunTime:0.002463s ]

[ 2015-04-18T11:26:35+08:00 ] 127.0.0.1 /thinkphp2/index.php/Home/Public/Js/city.min.js
INFO: [ app_begin ] --START--
INFO: Run Behavior\ReadHtmlCacheBehavior [ RunTime:0.002520s ]
INFO: [ app_begin ] --END-- [ RunTime:0.003713s ]
ERR: 无法加载控制器:Public

[ 2015-04-18T11:27:00+08:00 ] 127.0.0.1 /thinkphp2/index.php/Home/Goods/gShock/Public/Js/city.min.js
INFO: [ app_begin ] --START--
INFO: Run Behavior\ReadHtmlCacheBehavior [ RunTime:0.001622s ]
INFO: [ app_begin ] --END-- [ RunTime:0.002720s ]
SQL: SHOW COLUMNS FROM `tp_goods` [ RunTime:0.009222s ]
SQL: SELECT * FROM `tp_goods` WHERE ( id='' ) LIMIT 1   [ RunTime:0.000639s ]
INFO: [ view_parse ] --START--
INFO: [ template_filter ] --START--
INFO: Run Behavior\ContentReplaceBehavior [ RunTime:0.000310s ]
INFO: [ template_filter ] --END-- [ RunTime:0.000549s ]
NOTIC: [8] Undefined variable: username D:\wamp\www\thinkphp2\Application\Runtime\Cache\Home\ea36e396190ed8bc942b9628a1b4208a.php 第 36 行.
INFO: Run Behavior\ParseTemplateBehavior [ RunTime:0.037983s ]
INFO: [ view_parse ] --END-- [ RunTime:0.038226s ]
INFO: [ view_filter ] --START--
INFO: Run Behavior\WriteHtmlCacheBehavior [ RunTime:0.000746s ]
INFO: [ view_filter ] --END-- [ RunTime:0.000917s ]
INFO: [ app_end ] --START--
INFO: Run Behavior\ShowPageTraceBehavior [ RunTime:0.001778s ]
INFO: [ app_end ] --END-- [ RunTime:0.001990s ]

[ 2015-04-18T11:29:33+08:00 ] 127.0.0.1 /thinkphp2/index.php/Home/Goods/gShock/Public/Js/city.min.js
INFO: [ app_begin ] --START--
INFO: Run Behavior\ReadHtmlCacheBehavior [ RunTime:0.002061s ]
INFO: [ app_begin ] --END-- [ RunTime:0.003611s ]
SQL: SHOW COLUMNS FROM `tp_goods` [ RunTime:0.009650s ]
SQL: SELECT * FROM `tp_goods` WHERE ( id='' ) LIMIT 1   [ RunTime:0.000730s ]
INFO: [ view_parse ] --START--
INFO: [ template_filter ] --START--
INFO: Run Behavior\ContentReplaceBehavior [ RunTime:0.000301s ]
INFO: [ template_filter ] --END-- [ RunTime:0.000534s ]
NOTIC: [8] Undefined variable: username D:\wamp\www\thinkphp2\Application\Runtime\Cache\Home\ea36e396190ed8bc942b9628a1b4208a.php 第 36 行.
INFO: Run Behavior\ParseTemplateBehavior [ RunTime:0.038277s ]
INFO: [ view_parse ] --END-- [ RunTime:0.038532s ]
INFO: [ view_filter ] --START--
INFO: Run Behavior\WriteHtmlCacheBehavior [ RunTime:0.000911s ]
INFO: [ view_filter ] --END-- [ RunTime:0.001119s ]
INFO: [ app_end ] --START--
INFO: Run Behavior\ShowPageTraceBehavior [ RunTime:0.002253s ]
INFO: [ app_end ] --END-- [ RunTime:0.002620s ]

[ 2015-04-18T11:30:22+08:00 ] 127.0.0.1 /thinkphp2/index.php/Home/Public/Js/city.min.js
INFO: [ app_begin ] --START--
INFO: Run Behavior\ReadHtmlCacheBehavior [ RunTime:0.001984s ]
INFO: [ app_begin ] --END-- [ RunTime:0.003389s ]
ERR: 无法加载控制器:Public

[ 2015-04-18T12:03:35+08:00 ] 127.0.0.1 /thinkphp2/index.php/Home/Goods/addToCart
INFO: [ app_begin ] --START--
INFO: Run Behavior\ReadHtmlCacheBehavior [ RunTime:0.001195s ]
INFO: [ app_begin ] --END-- [ RunTime:0.002007s ]
SQL: SHOW COLUMNS FROM `tp_cart` [ RunTime:0.007428s ]
SQL: SELECT `info` FROM `tp_cart` WHERE ( id='30' ) LIMIT 1   [ RunTime:0.000500s ]
NOTIC: [2] Invalid argument supplied for foreach() D:\wamp\www\thinkphp2\Application\Home\Model\CartModel.class.php 第 10 行.
SQL: SELECT `info` FROM `tp_cart` WHERE ( gid=32 ) LIMIT 1   [ RunTime:0.000455s ]
SQL: UPDATE `tp_cart` SET `uid`=30,`update_time`=1429329815,`gid`=32,`info`='a:1:{i:0;a:4:{s:7:\"good_id\";s:2:\"32\";s:8:\"good_num\";s:1:\"4\";s:10:\"good_price\";s:4:\"2029\";s:9:\"good_name\";s:8:\"G-SHOCK3\";}}' WHERE ( gid=32 ) [ RunTime:0.000927s ]

